#
# There is insufficient memory for the Java Runtime Environment to continue.
# Native memory allocation (mmap) failed to map 65536 bytes for Failed to commit area from 0x0000020677600000 to 0x0000020677610000 of length 65536.
# Possible reasons:
#   The system is out of physical RAM or swap space
#   The process is running with CompressedOops enabled, and the Java Heap may be blocking the growth of the native heap
# Possible solutions:
#   Reduce memory load on the system
#   Increase physical memory or swap space
#   Check if swap backing store is full
#   Decrease Java heap size (-Xmx/-Xms)
#   Decrease number of Java threads
#   Decrease Java thread stack sizes (-Xss)
#   Set larger code cache with -XX:ReservedCodeCacheSize=
#   JVM is running with Zero Based Compressed Oops mode in which the Java heap is
#     placed in the first 32GB address space. The Java Heap base address is the
#     maximum limit for the native heap growth. Please use -XX:HeapBaseMinAddress
#     to set the Java Heap base and to place the Java Heap above 32GB virtual address.
# This output file may be truncated or incomplete.
#
#  Out of Memory Error (./src/hotspot/os/windows/os_windows.cpp:3386), pid=3812, tid=11472
#
# JRE version: OpenJDK Runtime Environment Microsoft-7208460 (11.0.18+10) (build 11.0.18+10-LTS)
# Java VM: OpenJDK 64-Bit Server VM Microsoft-7208460 (11.0.18+10-LTS, mixed mode, tiered, compressed oops, g1 gc, windows-amd64)
# No core dump will be written. Minidumps are not enabled by default on client versions of Windows
#

---------------  S U M M A R Y ------------

Command Line: org.jetbrains.kotlin.cli.jvm.K2JVMCompiler @D:\PROGRAMMING\Project\TechnicalTest\node_modules\@react-native\gradle-plugin\build\20230715_13710224331780489749.compiler.options

Host: Intel(R) Core(TM) i7-3770 CPU @ 3.40GHz, 8 cores, 15G,  Windows 10 , 64 bit Build 19041 (10.0.19041.2545)
Time: Sat Jul 15 09:14:06 2023 SE Asia Standard Time elapsed time: 7.318161 seconds (0d 0h 0m 7s)

---------------  T H R E A D  ---------------

Current thread (0x000002067dc4a000):  VMThread "VM Thread" [stack: 0x0000006351b00000,0x0000006351c00000] [id=11472]

Stack: [0x0000006351b00000,0x0000006351c00000]
[error occurred during error reporting (printing stack bounds), id 0xc0000005, EXCEPTION_ACCESS_VIOLATION (0xc0000005) at pc=0x00000206625f112d]

Native frames: (J=compiled Java code, j=interpreted, Vv=VM code, C=native code)
V  [jvm.dll+0x62bf8a]
V  [jvm.dll+0x7b8fb9]
V  [jvm.dll+0x7ba6a8]
V  [jvm.dll+0x7bace5]
V  [jvm.dll+0x7bac9b]
V  [jvm.dll+0x62b317]
V  [jvm.dll+0x62ba28]
C  [ntdll.dll+0xa241f]
C  [ntdll.dll+0x514a4]
C  [ntdll.dll+0xa0f4e]
C  0x00000206625f112d

VM_Operation (0x00000063515fdba0): G1CollectForAllocation, mode: safepoint, requested by thread 0x0000020659e74800


---------------  P R O C E S S  ---------------

Threads class SMR info:
_java_thread_list=0x0000020600c74190, length=12, elements={
0x0000020659e74800, 0x000002067dc4d000, 0x000002067dc56800, 0x000002067e56b800,
0x000002067e516000, 0x000002067e517000, 0x000002067e518000, 0x000002067e51e000,
0x000002067e522800, 0x000002067e6fa800, 0x000002067ee9a800, 0x0000020600c86800
}

Java Threads: ( => current thread )
  0x0000020659e74800 JavaThread "main" [_thread_blocked, id=9528, stack(0x0000006351500000,0x0000006351600000)]
  0x000002067dc4d000 JavaThread "Reference Handler" daemon [_thread_blocked, id=10672, stack(0x0000006351c00000,0x0000006351d00000)]
  0x000002067dc56800 JavaThread "Finalizer" daemon [_thread_blocked, id=7888, stack(0x0000006351d00000,0x0000006351e00000)]
  0x000002067e56b800 JavaThread "Signal Dispatcher" daemon [_thread_blocked, id=10452, stack(0x0000006351e00000,0x0000006351f00000)]
  0x000002067e516000 JavaThread "Attach Listener" daemon [_thread_blocked, id=9464, stack(0x0000006351f00000,0x0000006352000000)]
  0x000002067e517000 JavaThread "Service Thread" daemon [_thread_blocked, id=10820, stack(0x0000006352000000,0x0000006352100000)]
  0x000002067e518000 JavaThread "C2 CompilerThread0" daemon [_thread_in_native, id=11388, stack(0x0000006352100000,0x0000006352200000)]
  0x000002067e51e000 JavaThread "C1 CompilerThread0" daemon [_thread_blocked, id=8344, stack(0x0000006352200000,0x0000006352300000)]
  0x000002067e522800 JavaThread "Sweeper thread" daemon [_thread_blocked, id=3216, stack(0x0000006352300000,0x0000006352400000)]
  0x000002067e6fa800 JavaThread "Common-Cleaner" daemon [_thread_blocked, id=9744, stack(0x0000006352500000,0x0000006352600000)]
  0x000002067ee9a800 JavaThread "C2 CompilerThread1" daemon [_thread_blocked, id=10560, stack(0x0000006352b00000,0x0000006352c00000)]
  0x0000020600c86800 JavaThread "C2 CompilerThread2" daemon [_thread_blocked, id=9512, stack(0x0000006352d00000,0x0000006352e00000)]

Other Threads:
=>0x000002067dc4a000 VMThread "VM Thread" [stack: 0x0000006351b00000,0x0000006351c00000] [id=11472]
  0x000002067e6f0800 WatcherThread [stack: 0x0000006352400000,0x0000006352500000] [id=11728]
  0x0000020659e8d000 GCTaskThread "GC Thread#0" [stack: 0x0000006351600000,0x0000006351700000] [id=9020]
  0x000002067ee63800 GCTaskThread "GC Thread#1" [stack: 0x0000006352600000,0x0000006352700000] [id=6120]
  0x000002067ee64800 GCTaskThread "GC Thread#2" [stack: 0x0000006352700000,0x0000006352800000] [id=7016]
  0x000002067ee73800 GCTaskThread "GC Thread#3" [stack: 0x0000006352800000,0x0000006352900000] [id=2968]
  0x000002067ee74800 GCTaskThread "GC Thread#4" [stack: 0x0000006352900000,0x0000006352a00000] [id=8508]
  0x000002067ee89800 GCTaskThread "GC Thread#5" [stack: 0x0000006352a00000,0x0000006352b00000] [id=4952]
  0x0000020659ee8000 ConcurrentGCThread "G1 Main Marker" [stack: 0x0000006351700000,0x0000006351800000] [id=5584]
  0x0000020659ee9800 ConcurrentGCThread "G1 Conc#0" [stack: 0x0000006351800000,0x0000006351900000] [id=7048]
  0x00000206008d2000 ConcurrentGCThread "G1 Conc#1" [stack: 0x0000006352c00000,0x0000006352d00000] [id=11800]
  0x0000020659f4e000 ConcurrentGCThread "G1 Refine#0" [stack: 0x0000006351900000,0x0000006351a00000] [id=8536]
  0x00000206002b2000 ConcurrentGCThread "G1 Refine#1" [stack: 0x0000006352e00000,0x0000006352f00000] [id=12032]
  0x0000020600b4b000 ConcurrentGCThread "G1 Refine#2" [stack: 0x0000006352f00000,0x0000006353000000] [id=3952]
  0x0000020600b91800 ConcurrentGCThread "G1 Refine#3" [stack: 0x0000006353000000,0x0000006353100000] [id=10088]
  0x0000020600b8f800 ConcurrentGCThread "G1 Refine#4" [stack: 0x0000006353100000,0x0000006353200000] [id=8916]
  0x000002067db30800 ConcurrentGCThread "G1 Young RemSet Sampling" [stack: 0x0000006351a00000,0x0000006351b00000] [id=9796]

Threads with active compile tasks:
C2 CompilerThread0     7323 6337       4       org.jetbrains.kotlin.types.KotlinType::equals (56 bytes)
C2 CompilerThread1     7323 6377       4       org.jetbrains.kotlin.resolve.DescriptorUtils::getContainingModule (62 bytes)
C2 CompilerThread2     7323 6080       4       org.jetbrains.kotlin.resolve.DescriptorUtils::getFqName (29 bytes)

VM state:at safepoint (normal execution)

VM Mutex/Monitor currently owned by a thread:  ([mutex/lock_event])
[0x0000020659e70450] Threads_lock - owner thread: 0x000002067dc4a000
[0x0000020659e709f0] Heap_lock - owner thread: 0x0000020659e74800

Heap address: 0x0000000700a00000, size: 4086 MB, Compressed Oops mode: Zero based, Oop shift amount: 3
Narrow klass base: 0x0000000800000000, Narrow klass shift: 0
Compressed class space size: 1073741824 Address: 0x0000000800000000

Heap:
 garbage-first heap   total 467968K, used 57622K [0x0000000700a00000, 0x0000000800000000)
  region size 1024K, 16 young (16384K), 16 survivors (16384K)
 Metaspace       used 58443K, capacity 59251K, committed 59520K, reserved 1101824K
  class space    used 6632K, capacity 6941K, committed 7040K, reserved 1048576K
Heap Regions: E=young(eden), S=young(survivor), O=old, HS=humongous(starts), HC=humongous(continues), CS=collection set, F=free, A=archive, TAMS=top-at-mark-start (previous, next)
|   0|0x0000000700a00000, 0x0000000700b00000, 0x0000000700b00000|100%|HS|  |TAMS 0x0000000700b00000, 0x0000000700a00000| Complete 
|   1|0x0000000700b00000, 0x0000000700c00000, 0x0000000700c00000|100%|HC|  |TAMS 0x0000000700c00000, 0x0000000700b00000| Complete 
|   2|0x0000000700c00000, 0x0000000700d00000, 0x0000000700d00000|100%|HC|  |TAMS 0x0000000700d00000, 0x0000000700c00000| Complete 
|   3|0x0000000700d00000, 0x0000000700e00000, 0x0000000700e00000|100%|HC|  |TAMS 0x0000000700e00000, 0x0000000700d00000| Complete 
|   4|0x0000000700e00000, 0x0000000700f00000, 0x0000000700f00000|100%| O|  |TAMS 0x0000000700f00000, 0x0000000700e00000| Untracked 
|   5|0x0000000700f00000, 0x0000000701000000, 0x0000000701000000|100%| O|  |TAMS 0x0000000701000000, 0x0000000700f00000| Untracked 
|   6|0x0000000701000000, 0x0000000701100000, 0x0000000701100000|100%|HS|  |TAMS 0x0000000701100000, 0x0000000701000000| Complete 
|   7|0x0000000701100000, 0x0000000701200000, 0x0000000701200000|100%|HC|  |TAMS 0x0000000701200000, 0x0000000701100000| Complete 
|   8|0x0000000701200000, 0x0000000701300000, 0x0000000701300000|100%|HC|  |TAMS 0x0000000701300000, 0x0000000701200000| Complete 
|   9|0x0000000701300000, 0x0000000701400000, 0x0000000701400000|100%|HC|  |TAMS 0x0000000701400000, 0x0000000701300000| Complete 
|  10|0x0000000701400000, 0x0000000701500000, 0x0000000701500000|100%|HS|  |TAMS 0x0000000701400000, 0x0000000701400000| Complete 
|  11|0x0000000701500000, 0x0000000701600000, 0x0000000701600000|100%|HC|  |TAMS 0x0000000701500000, 0x0000000701500000| Complete 
|  12|0x0000000701600000, 0x0000000701700000, 0x0000000701700000|100%|HC|  |TAMS 0x0000000701600000, 0x0000000701600000| Complete 
|  13|0x0000000701700000, 0x0000000701800000, 0x0000000701800000|100%|HC|  |TAMS 0x0000000701700000, 0x0000000701700000| Complete 
|  14|0x0000000701800000, 0x0000000701900000, 0x0000000701900000|100%|HC|  |TAMS 0x0000000701800000, 0x0000000701800000| Complete 
|  15|0x0000000701900000, 0x0000000701a00000, 0x0000000701a00000|100%|HC|  |TAMS 0x0000000701900000, 0x0000000701900000| Complete 
|  16|0x0000000701a00000, 0x0000000701b00000, 0x0000000701b00000|100%| O|  |TAMS 0x0000000701b00000, 0x0000000701a00000| Untracked 
|  17|0x0000000701b00000, 0x0000000701c00000, 0x0000000701c00000|100%| O|  |TAMS 0x0000000701c00000, 0x0000000701b00000| Untracked 
|  18|0x0000000701c00000, 0x0000000701d00000, 0x0000000701d00000|100%| O|  |TAMS 0x0000000701d00000, 0x0000000701c00000| Untracked 
|  19|0x0000000701d00000, 0x0000000701e00000, 0x0000000701e00000|100%| O|  |TAMS 0x0000000701e00000, 0x0000000701d00000| Untracked 
|  20|0x0000000701e00000, 0x0000000701f00000, 0x0000000701f00000|100%|HS|  |TAMS 0x0000000701e00000, 0x0000000701e00000| Complete 
|  21|0x0000000701f00000, 0x0000000702000000, 0x0000000702000000|100%| O|  |TAMS 0x0000000702000000, 0x0000000701f00000| Untracked 
|  22|0x0000000702000000, 0x0000000702100000, 0x0000000702100000|100%| O|  |TAMS 0x0000000702100000, 0x0000000702000000| Untracked 
|  23|0x0000000702100000, 0x0000000702200000, 0x0000000702200000|100%| O|  |TAMS 0x0000000702200000, 0x0000000702100000| Untracked 
|  24|0x0000000702200000, 0x0000000702300000, 0x0000000702300000|100%| O|  |TAMS 0x0000000702300000, 0x0000000702200000| Untracked 
|  25|0x0000000702300000, 0x0000000702400000, 0x0000000702400000|100%| O|  |TAMS 0x0000000702400000, 0x0000000702300000| Untracked 
|  26|0x0000000702400000, 0x0000000702500000, 0x0000000702500000|100%| O|  |TAMS 0x0000000702500000, 0x0000000702400000| Untracked 
|  27|0x0000000702500000, 0x0000000702600000, 0x0000000702600000|100%| O|  |TAMS 0x0000000702600000, 0x0000000702500000| Untracked 
|  28|0x0000000702600000, 0x0000000702700000, 0x0000000702700000|100%| O|  |TAMS 0x0000000702700000, 0x0000000702600000| Untracked 
|  29|0x0000000702700000, 0x0000000702800000, 0x0000000702800000|100%| O|  |TAMS 0x0000000702800000, 0x0000000702700000| Untracked 
|  30|0x0000000702800000, 0x0000000702900000, 0x0000000702900000|100%| O|  |TAMS 0x0000000702900000, 0x0000000702800000| Untracked 
|  31|0x0000000702900000, 0x0000000702a00000, 0x0000000702a00000|100%| O|  |TAMS 0x0000000702972400, 0x0000000702900000| Untracked 
|  32|0x0000000702a00000, 0x0000000702b00000, 0x0000000702b00000|100%| O|  |TAMS 0x0000000702a00000, 0x0000000702a00000| Untracked 
|  33|0x0000000702b00000, 0x0000000702c00000, 0x0000000702c00000|100%| O|  |TAMS 0x0000000702b00000, 0x0000000702b00000| Untracked 
|  34|0x0000000702c00000, 0x0000000702d00000, 0x0000000702d00000|100%| O|  |TAMS 0x0000000702c00000, 0x0000000702c00000| Untracked 
|  35|0x0000000702d00000, 0x0000000702e00000, 0x0000000702e00000|100%| O|  |TAMS 0x0000000702d00000, 0x0000000702d00000| Untracked 
|  36|0x0000000702e00000, 0x0000000702f00000, 0x0000000702f00000|100%| O|  |TAMS 0x0000000702e00000, 0x0000000702e00000| Untracked 
|  37|0x0000000702f00000, 0x0000000702f00000, 0x0000000703000000|  0%| F|  |TAMS 0x0000000702f00000, 0x0000000702f00000| Untracked 
|  38|0x0000000703000000, 0x0000000703100000, 0x0000000703100000|100%| O|  |TAMS 0x0000000703000000, 0x0000000703000000| Untracked 
|  39|0x0000000703100000, 0x0000000703200000, 0x0000000703200000|100%| O|  |TAMS 0x0000000703100000, 0x0000000703100000| Untracked 
|  40|0x0000000703200000, 0x0000000703300000, 0x0000000703300000|100%| O|  |TAMS 0x0000000703200000, 0x0000000703200000| Untracked 
|  41|0x0000000703300000, 0x0000000703345a00, 0x0000000703400000| 27%| O|  |TAMS 0x0000000703300000, 0x0000000703300000| Untracked 
|  42|0x0000000703400000, 0x0000000703400000, 0x0000000703500000|  0%| F|  |TAMS 0x0000000703400000, 0x0000000703400000| Untracked 
|  43|0x0000000703500000, 0x0000000703500000, 0x0000000703600000|  0%| F|  |TAMS 0x0000000703500000, 0x0000000703500000| Untracked 
|  44|0x0000000703600000, 0x0000000703600000, 0x0000000703700000|  0%| F|  |TAMS 0x0000000703600000, 0x0000000703600000| Untracked 
|  45|0x0000000703700000, 0x0000000703700000, 0x0000000703800000|  0%| F|  |TAMS 0x0000000703700000, 0x0000000703700000| Untracked 
|  46|0x0000000703800000, 0x0000000703800000, 0x0000000703900000|  0%| F|  |TAMS 0x0000000703800000, 0x0000000703800000| Untracked 
|  47|0x0000000703900000, 0x0000000703900000, 0x0000000703a00000|  0%| F|  |TAMS 0x0000000703900000, 0x0000000703900000| Untracked 
|  48|0x0000000703a00000, 0x0000000703a00000, 0x0000000703b00000|  0%| F|  |TAMS 0x0000000703a00000, 0x0000000703a00000| Untracked 
|  49|0x0000000703b00000, 0x0000000703b00000, 0x0000000703c00000|  0%| F|  |TAMS 0x0000000703b00000, 0x0000000703b00000| Untracked 
|  50|0x0000000703c00000, 0x0000000703c00000, 0x0000000703d00000|  0%| F|  |TAMS 0x0000000703c00000, 0x0000000703c00000| Untracked 
|  51|0x0000000703d00000, 0x0000000703d00000, 0x0000000703e00000|  0%| F|  |TAMS 0x0000000703d00000, 0x0000000703d00000| Untracked 
|  52|0x0000000703e00000, 0x0000000703e00000, 0x0000000703f00000|  0%| F|  |TAMS 0x0000000703e00000, 0x0000000703e00000| Untracked 
|  53|0x0000000703f00000, 0x0000000703f00000, 0x0000000704000000|  0%| F|  |TAMS 0x0000000703f00000, 0x0000000703f00000| Untracked 
|  54|0x0000000704000000, 0x0000000704000000, 0x0000000704100000|  0%| F|  |TAMS 0x0000000704000000, 0x0000000704000000| Untracked 
|  55|0x0000000704100000, 0x0000000704100000, 0x0000000704200000|  0%| F|  |TAMS 0x0000000704100000, 0x0000000704100000| Untracked 
|  56|0x0000000704200000, 0x0000000704200000, 0x0000000704300000|  0%| F|  |TAMS 0x0000000704200000, 0x0000000704200000| Untracked 
|  57|0x0000000704300000, 0x0000000704300000, 0x0000000704400000|  0%| F|  |TAMS 0x0000000704300000, 0x0000000704300000| Untracked 
|  58|0x0000000704400000, 0x0000000704400000, 0x0000000704500000|  0%| F|  |TAMS 0x0000000704400000, 0x0000000704400000| Untracked 
|  59|0x0000000704500000, 0x0000000704500000, 0x0000000704600000|  0%| F|  |TAMS 0x0000000704500000, 0x0000000704500000| Untracked 
|  60|0x0000000704600000, 0x0000000704600000, 0x0000000704700000|  0%| F|  |TAMS 0x0000000704600000, 0x0000000704600000| Untracked 
|  61|0x0000000704700000, 0x0000000704700000, 0x0000000704800000|  0%| F|  |TAMS 0x0000000704700000, 0x0000000704700000| Untracked 
|  62|0x0000000704800000, 0x0000000704800000, 0x0000000704900000|  0%| F|  |TAMS 0x0000000704800000, 0x0000000704800000| Untracked 
|  63|0x0000000704900000, 0x0000000704900000, 0x0000000704a00000|  0%| F|  |TAMS 0x0000000704900000, 0x0000000704900000| Untracked 
|  64|0x0000000704a00000, 0x0000000704a00000, 0x0000000704b00000|  0%| F|  |TAMS 0x0000000704a00000, 0x0000000704a00000| Untracked 
|  65|0x0000000704b00000, 0x0000000704b00000, 0x0000000704c00000|  0%| F|  |TAMS 0x0000000704b00000, 0x0000000704b00000| Untracked 
|  66|0x0000000704c00000, 0x0000000704c00000, 0x0000000704d00000|  0%| F|  |TAMS 0x0000000704c00000, 0x0000000704c00000| Untracked 
|  67|0x0000000704d00000, 0x0000000704d00000, 0x0000000704e00000|  0%| F|  |TAMS 0x0000000704d00000, 0x0000000704d00000| Untracked 
|  68|0x0000000704e00000, 0x0000000704e00000, 0x0000000704f00000|  0%| F|  |TAMS 0x0000000704e00000, 0x0000000704e00000| Untracked 
|  69|0x0000000704f00000, 0x0000000704f00000, 0x0000000705000000|  0%| F|  |TAMS 0x0000000704f00000, 0x0000000704f00000| Untracked 
|  70|0x0000000705000000, 0x0000000705000000, 0x0000000705100000|  0%| F|  |TAMS 0x0000000705000000, 0x0000000705000000| Untracked 
|  71|0x0000000705100000, 0x0000000705100000, 0x0000000705200000|  0%| F|  |TAMS 0x0000000705100000, 0x0000000705100000| Untracked 
|  72|0x0000000705200000, 0x0000000705200000, 0x0000000705300000|  0%| F|  |TAMS 0x0000000705200000, 0x0000000705200000| Untracked 
|  73|0x0000000705300000, 0x0000000705300000, 0x0000000705400000|  0%| F|  |TAMS 0x0000000705300000, 0x0000000705300000| Untracked 
|  74|0x0000000705400000, 0x0000000705400000, 0x0000000705500000|  0%| F|  |TAMS 0x0000000705400000, 0x0000000705400000| Untracked 
|  75|0x0000000705500000, 0x0000000705500000, 0x0000000705600000|  0%| F|  |TAMS 0x0000000705500000, 0x0000000705500000| Untracked 
|  76|0x0000000705600000, 0x0000000705600000, 0x0000000705700000|  0%| F|  |TAMS 0x0000000705600000, 0x0000000705600000| Untracked 
|  77|0x0000000705700000, 0x0000000705700000, 0x0000000705800000|  0%| F|  |TAMS 0x0000000705700000, 0x0000000705700000| Untracked 
|  78|0x0000000705800000, 0x0000000705800000, 0x0000000705900000|  0%| F|  |TAMS 0x0000000705800000, 0x0000000705800000| Untracked 
|  79|0x0000000705900000, 0x0000000705900000, 0x0000000705a00000|  0%| F|  |TAMS 0x0000000705900000, 0x0000000705900000| Untracked 
|  80|0x0000000705a00000, 0x0000000705a00000, 0x0000000705b00000|  0%| F|  |TAMS 0x0000000705a00000, 0x0000000705a00000| Untracked 
|  81|0x0000000705b00000, 0x0000000705b00000, 0x0000000705c00000|  0%| F|  |TAMS 0x0000000705b00000, 0x0000000705b00000| Untracked 
|  82|0x0000000705c00000, 0x0000000705c00000, 0x0000000705d00000|  0%| F|  |TAMS 0x0000000705c00000, 0x0000000705c00000| Untracked 
|  83|0x0000000705d00000, 0x0000000705d00000, 0x0000000705e00000|  0%| F|  |TAMS 0x0000000705d00000, 0x0000000705d00000| Untracked 
|  84|0x0000000705e00000, 0x0000000705e00000, 0x0000000705f00000|  0%| F|  |TAMS 0x0000000705e00000, 0x0000000705e00000| Untracked 
|  85|0x0000000705f00000, 0x0000000705f00000, 0x0000000706000000|  0%| F|  |TAMS 0x0000000705f00000, 0x0000000705f00000| Untracked 
|  86|0x0000000706000000, 0x0000000706000000, 0x0000000706100000|  0%| F|  |TAMS 0x0000000706000000, 0x0000000706000000| Untracked 
|  87|0x0000000706100000, 0x0000000706100000, 0x0000000706200000|  0%| F|  |TAMS 0x0000000706100000, 0x0000000706100000| Untracked 
|  88|0x0000000706200000, 0x0000000706200000, 0x0000000706300000|  0%| F|  |TAMS 0x0000000706200000, 0x0000000706200000| Untracked 
|  89|0x0000000706300000, 0x0000000706300000, 0x0000000706400000|  0%| F|  |TAMS 0x0000000706300000, 0x0000000706300000| Untracked 
|  90|0x0000000706400000, 0x0000000706400000, 0x0000000706500000|  0%| F|  |TAMS 0x0000000706400000, 0x0000000706400000| Untracked 
|  91|0x0000000706500000, 0x0000000706500000, 0x0000000706600000|  0%| F|  |TAMS 0x0000000706500000, 0x0000000706500000| Untracked 
|  92|0x0000000706600000, 0x0000000706600000, 0x0000000706700000|  0%| F|  |TAMS 0x0000000706600000, 0x0000000706600000| Untracked 
|  93|0x0000000706700000, 0x0000000706700000, 0x0000000706800000|  0%| F|  |TAMS 0x0000000706700000, 0x0000000706700000| Untracked 
|  94|0x0000000706800000, 0x0000000706800000, 0x0000000706900000|  0%| F|  |TAMS 0x0000000706800000, 0x0000000706800000| Untracked 
|  95|0x0000000706900000, 0x0000000706900000, 0x0000000706a00000|  0%| F|  |TAMS 0x0000000706900000, 0x0000000706900000| Untracked 
|  96|0x0000000706a00000, 0x0000000706a00000, 0x0000000706b00000|  0%| F|  |TAMS 0x0000000706a00000, 0x0000000706a00000| Untracked 
|  97|0x0000000706b00000, 0x0000000706b00000, 0x0000000706c00000|  0%| F|  |TAMS 0x0000000706b00000, 0x0000000706b00000| Untracked 
|  98|0x0000000706c00000, 0x0000000706c00000, 0x0000000706d00000|  0%| F|  |TAMS 0x0000000706c00000, 0x0000000706c00000| Untracked 
|  99|0x0000000706d00000, 0x0000000706d00000, 0x0000000706e00000|  0%| F|  |TAMS 0x0000000706d00000, 0x0000000706d00000| Untracked 
| 100|0x0000000706e00000, 0x0000000706e00000, 0x0000000706f00000|  0%| F|  |TAMS 0x0000000706e00000, 0x0000000706e00000| Untracked 
| 101|0x0000000706f00000, 0x0000000706f00000, 0x0000000707000000|  0%| F|  |TAMS 0x0000000706f00000, 0x0000000706f00000| Untracked 
| 102|0x0000000707000000, 0x0000000707000000, 0x0000000707100000|  0%| F|  |TAMS 0x0000000707000000, 0x0000000707000000| Untracked 
| 103|0x0000000707100000, 0x0000000707100000, 0x0000000707200000|  0%| F|  |TAMS 0x0000000707100000, 0x0000000707100000| Untracked 
| 104|0x0000000707200000, 0x0000000707200000, 0x0000000707300000|  0%| F|  |TAMS 0x0000000707200000, 0x0000000707200000| Untracked 
| 105|0x0000000707300000, 0x0000000707300000, 0x0000000707400000|  0%| F|  |TAMS 0x0000000707300000, 0x0000000707300000| Untracked 
| 106|0x0000000707400000, 0x0000000707400000, 0x0000000707500000|  0%| F|  |TAMS 0x0000000707400000, 0x0000000707400000| Untracked 
| 107|0x0000000707500000, 0x0000000707500000, 0x0000000707600000|  0%| F|  |TAMS 0x0000000707500000, 0x0000000707500000| Untracked 
| 108|0x0000000707600000, 0x0000000707600000, 0x0000000707700000|  0%| F|  |TAMS 0x0000000707600000, 0x0000000707600000| Untracked 
| 109|0x0000000707700000, 0x0000000707700000, 0x0000000707800000|  0%| F|  |TAMS 0x0000000707700000, 0x0000000707700000| Untracked 
| 110|0x0000000707800000, 0x0000000707800000, 0x0000000707900000|  0%| F|  |TAMS 0x0000000707800000, 0x0000000707800000| Untracked 
| 111|0x0000000707900000, 0x0000000707900000, 0x0000000707a00000|  0%| F|  |TAMS 0x0000000707900000, 0x0000000707900000| Untracked 
| 112|0x0000000707a00000, 0x0000000707a00000, 0x0000000707b00000|  0%| F|  |TAMS 0x0000000707a00000, 0x0000000707a00000| Untracked 
| 113|0x0000000707b00000, 0x0000000707b00000, 0x0000000707c00000|  0%| F|  |TAMS 0x0000000707b00000, 0x0000000707b00000| Untracked 
| 114|0x0000000707c00000, 0x0000000707c00000, 0x0000000707d00000|  0%| F|  |TAMS 0x0000000707c00000, 0x0000000707c00000| Untracked 
| 115|0x0000000707d00000, 0x0000000707d00000, 0x0000000707e00000|  0%| F|  |TAMS 0x0000000707d00000, 0x0000000707d00000| Untracked 
| 116|0x0000000707e00000, 0x0000000707f00000, 0x0000000707f00000|100%| S|CS|TAMS 0x0000000707e00000, 0x0000000707e00000| Complete 
| 117|0x0000000707f00000, 0x0000000708000000, 0x0000000708000000|100%| S|CS|TAMS 0x0000000707f00000, 0x0000000707f00000| Complete 
| 118|0x0000000708000000, 0x0000000708100000, 0x0000000708100000|100%| S|CS|TAMS 0x0000000708000000, 0x0000000708000000| Complete 
| 119|0x0000000708100000, 0x0000000708200000, 0x0000000708200000|100%| S|CS|TAMS 0x0000000708100000, 0x0000000708100000| Complete 
| 120|0x0000000708200000, 0x0000000708300000, 0x0000000708300000|100%| S|CS|TAMS 0x0000000708200000, 0x0000000708200000| Complete 
| 121|0x0000000708300000, 0x0000000708400000, 0x0000000708400000|100%| S|CS|TAMS 0x0000000708300000, 0x0000000708300000| Complete 
| 122|0x0000000708400000, 0x0000000708500000, 0x0000000708500000|100%| S|CS|TAMS 0x0000000708400000, 0x0000000708400000| Complete 
| 123|0x0000000708500000, 0x0000000708600000, 0x0000000708600000|100%| S|CS|TAMS 0x0000000708500000, 0x0000000708500000| Complete 
| 124|0x0000000708600000, 0x0000000708700000, 0x0000000708700000|100%| S|CS|TAMS 0x0000000708600000, 0x0000000708600000| Complete 
| 125|0x0000000708700000, 0x0000000708800000, 0x0000000708800000|100%| S|CS|TAMS 0x0000000708700000, 0x0000000708700000| Complete 
| 126|0x0000000708800000, 0x0000000708900000, 0x0000000708900000|100%| S|CS|TAMS 0x0000000708800000, 0x0000000708800000| Complete 
| 127|0x0000000708900000, 0x0000000708a00000, 0x0000000708a00000|100%| S|CS|TAMS 0x0000000708900000, 0x0000000708900000| Complete 
| 128|0x0000000708a00000, 0x0000000708b00000, 0x0000000708b00000|100%| S|CS|TAMS 0x0000000708a00000, 0x0000000708a00000| Complete 
| 129|0x0000000708b00000, 0x0000000708c00000, 0x0000000708c00000|100%| S|CS|TAMS 0x0000000708b00000, 0x0000000708b00000| Complete 
| 130|0x0000000708c00000, 0x0000000708d00000, 0x0000000708d00000|100%| S|CS|TAMS 0x0000000708c00000, 0x0000000708c00000| Complete 
| 131|0x0000000708d00000, 0x0000000708e00000, 0x0000000708e00000|100%| S|CS|TAMS 0x0000000708d00000, 0x0000000708d00000| Complete 
| 132|0x0000000708e00000, 0x0000000708e00000, 0x0000000708f00000|  0%| F|  |TAMS 0x0000000708e00000, 0x0000000708e00000| Untracked 
| 133|0x0000000708f00000, 0x0000000708f00000, 0x0000000709000000|  0%| F|  |TAMS 0x0000000708f00000, 0x0000000708f00000| Untracked 
| 134|0x0000000709000000, 0x0000000709000000, 0x0000000709100000|  0%| F|  |TAMS 0x0000000709000000, 0x0000000709000000| Untracked 
| 135|0x0000000709100000, 0x0000000709100000, 0x0000000709200000|  0%| F|  |TAMS 0x0000000709100000, 0x0000000709100000| Untracked 
| 136|0x0000000709200000, 0x0000000709200000, 0x0000000709300000|  0%| F|  |TAMS 0x0000000709200000, 0x0000000709200000| Untracked 
| 137|0x0000000709300000, 0x0000000709300000, 0x0000000709400000|  0%| F|  |TAMS 0x0000000709300000, 0x0000000709300000| Untracked 
| 138|0x0000000709400000, 0x0000000709400000, 0x0000000709500000|  0%| F|  |TAMS 0x0000000709400000, 0x0000000709400000| Untracked 
| 139|0x0000000709500000, 0x0000000709500000, 0x0000000709600000|  0%| F|  |TAMS 0x0000000709500000, 0x0000000709500000| Untracked 
| 140|0x0000000709600000, 0x0000000709600000, 0x0000000709700000|  0%| F|  |TAMS 0x0000000709600000, 0x0000000709600000| Untracked 
| 141|0x0000000709700000, 0x0000000709700000, 0x0000000709800000|  0%| F|  |TAMS 0x0000000709700000, 0x0000000709700000| Untracked 
| 142|0x0000000709800000, 0x0000000709800000, 0x0000000709900000|  0%| F|  |TAMS 0x0000000709800000, 0x0000000709800000| Untracked 
| 143|0x0000000709900000, 0x0000000709900000, 0x0000000709a00000|  0%| F|  |TAMS 0x0000000709900000, 0x0000000709900000| Untracked 
| 144|0x0000000709a00000, 0x0000000709a00000, 0x0000000709b00000|  0%| F|  |TAMS 0x0000000709a00000, 0x0000000709a00000| Untracked 
| 145|0x0000000709b00000, 0x0000000709b00000, 0x0000000709c00000|  0%| F|  |TAMS 0x0000000709b00000, 0x0000000709b00000| Untracked 
| 146|0x0000000709c00000, 0x0000000709c00000, 0x0000000709d00000|  0%| F|  |TAMS 0x0000000709c00000, 0x0000000709c00000| Untracked 
| 147|0x0000000709d00000, 0x0000000709d00000, 0x0000000709e00000|  0%| F|  |TAMS 0x0000000709d00000, 0x0000000709d00000| Untracked 
| 148|0x0000000709e00000, 0x0000000709e00000, 0x0000000709f00000|  0%| F|  |TAMS 0x0000000709e00000, 0x0000000709e00000| Untracked 
| 149|0x0000000709f00000, 0x0000000709f00000, 0x000000070a000000|  0%| F|  |TAMS 0x0000000709f00000, 0x0000000709f00000| Untracked 
| 150|0x000000070a000000, 0x000000070a000000, 0x000000070a100000|  0%| F|  |TAMS 0x000000070a000000, 0x000000070a000000| Untracked 
| 151|0x000000070a100000, 0x000000070a100000, 0x000000070a200000|  0%| F|  |TAMS 0x000000070a100000, 0x000000070a100000| Untracked 
| 152|0x000000070a200000, 0x000000070a200000, 0x000000070a300000|  0%| F|  |TAMS 0x000000070a200000, 0x000000070a200000| Untracked 
| 153|0x000000070a300000, 0x000000070a300000, 0x000000070a400000|  0%| F|  |TAMS 0x000000070a300000, 0x000000070a300000| Untracked 
| 154|0x000000070a400000, 0x000000070a400000, 0x000000070a500000|  0%| F|  |TAMS 0x000000070a400000, 0x000000070a400000| Untracked 
| 155|0x000000070a500000, 0x000000070a500000, 0x000000070a600000|  0%| F|  |TAMS 0x000000070a500000, 0x000000070a500000| Untracked 
| 156|0x000000070a600000, 0x000000070a600000, 0x000000070a700000|  0%| F|  |TAMS 0x000000070a600000, 0x000000070a600000| Untracked 
| 157|0x000000070a700000, 0x000000070a700000, 0x000000070a800000|  0%| F|  |TAMS 0x000000070a700000, 0x000000070a700000| Untracked 
| 158|0x000000070a800000, 0x000000070a800000, 0x000000070a900000|  0%| F|  |TAMS 0x000000070a800000, 0x000000070a800000| Untracked 
| 159|0x000000070a900000, 0x000000070a900000, 0x000000070aa00000|  0%| F|  |TAMS 0x000000070a900000, 0x000000070a900000| Untracked 
| 160|0x000000070aa00000, 0x000000070aa00000, 0x000000070ab00000|  0%| F|  |TAMS 0x000000070aa00000, 0x000000070aa00000| Untracked 
| 161|0x000000070ab00000, 0x000000070ab00000, 0x000000070ac00000|  0%| F|  |TAMS 0x000000070ab00000, 0x000000070ab00000| Untracked 
| 162|0x000000070ac00000, 0x000000070ac00000, 0x000000070ad00000|  0%| F|  |TAMS 0x000000070ac00000, 0x000000070ac00000| Untracked 
| 163|0x000000070ad00000, 0x000000070ad00000, 0x000000070ae00000|  0%| F|  |TAMS 0x000000070ad00000, 0x000000070ad00000| Untracked 
| 164|0x000000070ae00000, 0x000000070ae00000, 0x000000070af00000|  0%| F|  |TAMS 0x000000070ae00000, 0x000000070ae00000| Untracked 
| 165|0x000000070af00000, 0x000000070af00000, 0x000000070b000000|  0%| F|  |TAMS 0x000000070af00000, 0x000000070af00000| Untracked 
| 166|0x000000070b000000, 0x000000070b000000, 0x000000070b100000|  0%| F|  |TAMS 0x000000070b000000, 0x000000070b000000| Untracked 
| 167|0x000000070b100000, 0x000000070b100000, 0x000000070b200000|  0%| F|  |TAMS 0x000000070b100000, 0x000000070b100000| Untracked 
| 168|0x000000070b200000, 0x000000070b200000, 0x000000070b300000|  0%| F|  |TAMS 0x000000070b200000, 0x000000070b200000| Untracked 
| 169|0x000000070b300000, 0x000000070b300000, 0x000000070b400000|  0%| F|  |TAMS 0x000000070b300000, 0x000000070b300000| Untracked 
| 170|0x000000070b400000, 0x000000070b400000, 0x000000070b500000|  0%| F|  |TAMS 0x000000070b400000, 0x000000070b400000| Untracked 
| 171|0x000000070b500000, 0x000000070b500000, 0x000000070b600000|  0%| F|  |TAMS 0x000000070b500000, 0x000000070b500000| Untracked 
| 172|0x000000070b600000, 0x000000070b600000, 0x000000070b700000|  0%| F|  |TAMS 0x000000070b600000, 0x000000070b600000| Untracked 
| 173|0x000000070b700000, 0x000000070b700000, 0x000000070b800000|  0%| F|  |TAMS 0x000000070b700000, 0x000000070b700000| Untracked 
| 174|0x000000070b800000, 0x000000070b800000, 0x000000070b900000|  0%| F|  |TAMS 0x000000070b800000, 0x000000070b800000| Untracked 
| 175|0x000000070b900000, 0x000000070b900000, 0x000000070ba00000|  0%| F|  |TAMS 0x000000070b900000, 0x000000070b900000| Untracked 
| 176|0x000000070ba00000, 0x000000070ba00000, 0x000000070bb00000|  0%| F|  |TAMS 0x000000070ba00000, 0x000000070ba00000| Untracked 
| 177|0x000000070bb00000, 0x000000070bb00000, 0x000000070bc00000|  0%| F|  |TAMS 0x000000070bb00000, 0x000000070bb00000| Untracked 
| 178|0x000000070bc00000, 0x000000070bc00000, 0x000000070bd00000|  0%| F|  |TAMS 0x000000070bc00000, 0x000000070bc00000| Untracked 
| 179|0x000000070bd00000, 0x000000070bd00000, 0x000000070be00000|  0%| F|  |TAMS 0x000000070bd00000, 0x000000070bd00000| Untracked 
| 180|0x000000070be00000, 0x000000070be00000, 0x000000070bf00000|  0%| F|  |TAMS 0x000000070be00000, 0x000000070be00000| Untracked 
| 181|0x000000070bf00000, 0x000000070bf00000, 0x000000070c000000|  0%| F|  |TAMS 0x000000070bf00000, 0x000000070bf00000| Untracked 
| 182|0x000000070c000000, 0x000000070c000000, 0x000000070c100000|  0%| F|  |TAMS 0x000000070c000000, 0x000000070c000000| Untracked 
| 183|0x000000070c100000, 0x000000070c100000, 0x000000070c200000|  0%| F|  |TAMS 0x000000070c100000, 0x000000070c100000| Untracked 
| 184|0x000000070c200000, 0x000000070c200000, 0x000000070c300000|  0%| F|  |TAMS 0x000000070c200000, 0x000000070c200000| Untracked 
| 185|0x000000070c300000, 0x000000070c300000, 0x000000070c400000|  0%| F|  |TAMS 0x000000070c300000, 0x000000070c300000| Untracked 
| 186|0x000000070c400000, 0x000000070c400000, 0x000000070c500000|  0%| F|  |TAMS 0x000000070c400000, 0x000000070c400000| Untracked 
| 187|0x000000070c500000, 0x000000070c500000, 0x000000070c600000|  0%| F|  |TAMS 0x000000070c500000, 0x000000070c500000| Untracked 
| 188|0x000000070c600000, 0x000000070c600000, 0x000000070c700000|  0%| F|  |TAMS 0x000000070c600000, 0x000000070c600000| Untracked 
| 189|0x000000070c700000, 0x000000070c700000, 0x000000070c800000|  0%| F|  |TAMS 0x000000070c700000, 0x000000070c700000| Untracked 
| 190|0x000000070c800000, 0x000000070c800000, 0x000000070c900000|  0%| F|  |TAMS 0x000000070c800000, 0x000000070c800000| Untracked 
| 191|0x000000070c900000, 0x000000070c900000, 0x000000070ca00000|  0%| F|  |TAMS 0x000000070c900000, 0x000000070c900000| Untracked 
| 192|0x000000070ca00000, 0x000000070ca00000, 0x000000070cb00000|  0%| F|  |TAMS 0x000000070ca00000, 0x000000070ca00000| Untracked 
| 193|0x000000070cb00000, 0x000000070cb00000, 0x000000070cc00000|  0%| F|  |TAMS 0x000000070cb00000, 0x000000070cb00000| Untracked 
| 194|0x000000070cc00000, 0x000000070cc00000, 0x000000070cd00000|  0%| F|  |TAMS 0x000000070cc00000, 0x000000070cc00000| Untracked 
| 195|0x000000070cd00000, 0x000000070cd00000, 0x000000070ce00000|  0%| F|  |TAMS 0x000000070cd00000, 0x000000070cd00000| Untracked 
| 196|0x000000070ce00000, 0x000000070ce00000, 0x000000070cf00000|  0%| F|  |TAMS 0x000000070ce00000, 0x000000070ce00000| Untracked 
| 197|0x000000070cf00000, 0x000000070cf00000, 0x000000070d000000|  0%| F|  |TAMS 0x000000070cf00000, 0x000000070cf00000| Untracked 
| 198|0x000000070d000000, 0x000000070d000000, 0x000000070d100000|  0%| F|  |TAMS 0x000000070d000000, 0x000000070d000000| Untracked 
| 199|0x000000070d100000, 0x000000070d100000, 0x000000070d200000|  0%| F|  |TAMS 0x000000070d100000, 0x000000070d100000| Untracked 
| 200|0x000000070d200000, 0x000000070d200000, 0x000000070d300000|  0%| F|  |TAMS 0x000000070d200000, 0x000000070d200000| Untracked 
| 201|0x000000070d300000, 0x000000070d300000, 0x000000070d400000|  0%| F|  |TAMS 0x000000070d300000, 0x000000070d300000| Untracked 
| 202|0x000000070d400000, 0x000000070d400000, 0x000000070d500000|  0%| F|  |TAMS 0x000000070d400000, 0x000000070d400000| Untracked 
| 203|0x000000070d500000, 0x000000070d500000, 0x000000070d600000|  0%| F|  |TAMS 0x000000070d500000, 0x000000070d500000| Untracked 
| 204|0x000000070d600000, 0x000000070d600000, 0x000000070d700000|  0%| F|  |TAMS 0x000000070d600000, 0x000000070d600000| Untracked 
| 205|0x000000070d700000, 0x000000070d700000, 0x000000070d800000|  0%| F|  |TAMS 0x000000070d700000, 0x000000070d700000| Untracked 
| 206|0x000000070d800000, 0x000000070d800000, 0x000000070d900000|  0%| F|  |TAMS 0x000000070d800000, 0x000000070d800000| Untracked 
| 207|0x000000070d900000, 0x000000070d900000, 0x000000070da00000|  0%| F|  |TAMS 0x000000070d900000, 0x000000070d900000| Untracked 
| 208|0x000000070da00000, 0x000000070da00000, 0x000000070db00000|  0%| F|  |TAMS 0x000000070da00000, 0x000000070da00000| Untracked 
| 209|0x000000070db00000, 0x000000070db00000, 0x000000070dc00000|  0%| F|  |TAMS 0x000000070db00000, 0x000000070db00000| Untracked 
| 210|0x000000070dc00000, 0x000000070dc00000, 0x000000070dd00000|  0%| F|  |TAMS 0x000000070dc00000, 0x000000070dc00000| Untracked 
| 211|0x000000070dd00000, 0x000000070dd00000, 0x000000070de00000|  0%| F|  |TAMS 0x000000070dd00000, 0x000000070dd00000| Untracked 
| 212|0x000000070de00000, 0x000000070de00000, 0x000000070df00000|  0%| F|  |TAMS 0x000000070de00000, 0x000000070de00000| Untracked 
| 213|0x000000070df00000, 0x000000070df00000, 0x000000070e000000|  0%| F|  |TAMS 0x000000070df00000, 0x000000070df00000| Untracked 
| 214|0x000000070e000000, 0x000000070e000000, 0x000000070e100000|  0%| F|  |TAMS 0x000000070e000000, 0x000000070e000000| Untracked 
| 215|0x000000070e100000, 0x000000070e100000, 0x000000070e200000|  0%| F|  |TAMS 0x000000070e100000, 0x000000070e100000| Untracked 
| 216|0x000000070e200000, 0x000000070e200000, 0x000000070e300000|  0%| F|  |TAMS 0x000000070e200000, 0x000000070e200000| Untracked 
| 217|0x000000070e300000, 0x000000070e300000, 0x000000070e400000|  0%| F|  |TAMS 0x000000070e300000, 0x000000070e300000| Untracked 
| 218|0x000000070e400000, 0x000000070e400000, 0x000000070e500000|  0%| F|  |TAMS 0x000000070e400000, 0x000000070e400000| Untracked 
| 219|0x000000070e500000, 0x000000070e500000, 0x000000070e600000|  0%| F|  |TAMS 0x000000070e500000, 0x000000070e500000| Untracked 
| 220|0x000000070e600000, 0x000000070e600000, 0x000000070e700000|  0%| F|  |TAMS 0x000000070e600000, 0x000000070e600000| Untracked 
| 221|0x000000070e700000, 0x000000070e700000, 0x000000070e800000|  0%| F|  |TAMS 0x000000070e700000, 0x000000070e700000| Untracked 
| 222|0x000000070e800000, 0x000000070e800000, 0x000000070e900000|  0%| F|  |TAMS 0x000000070e800000, 0x000000070e800000| Untracked 
| 223|0x000000070e900000, 0x000000070e900000, 0x000000070ea00000|  0%| F|  |TAMS 0x000000070e900000, 0x000000070e900000| Untracked 
| 224|0x000000070ea00000, 0x000000070ea00000, 0x000000070eb00000|  0%| F|  |TAMS 0x000000070ea00000, 0x000000070ea00000| Untracked 
| 225|0x000000070eb00000, 0x000000070eb00000, 0x000000070ec00000|  0%| F|  |TAMS 0x000000070eb00000, 0x000000070eb00000| Untracked 
| 226|0x000000070ec00000, 0x000000070ec00000, 0x000000070ed00000|  0%| F|  |TAMS 0x000000070ec00000, 0x000000070ec00000| Untracked 
| 227|0x000000070ed00000, 0x000000070ed00000, 0x000000070ee00000|  0%| F|  |TAMS 0x000000070ed00000, 0x000000070ed00000| Untracked 
| 228|0x000000070ee00000, 0x000000070ee00000, 0x000000070ef00000|  0%| F|  |TAMS 0x000000070ee00000, 0x000000070ee00000| Untracked 
| 229|0x000000070ef00000, 0x000000070ef00000, 0x000000070f000000|  0%| F|  |TAMS 0x000000070ef00000, 0x000000070ef00000| Untracked 
| 230|0x000000070f000000, 0x000000070f000000, 0x000000070f100000|  0%| F|  |TAMS 0x000000070f000000, 0x000000070f000000| Untracked 
| 231|0x000000070f100000, 0x000000070f100000, 0x000000070f200000|  0%| F|  |TAMS 0x000000070f100000, 0x000000070f100000| Untracked 
| 232|0x000000070f200000, 0x000000070f200000, 0x000000070f300000|  0%| F|  |TAMS 0x000000070f200000, 0x000000070f200000| Untracked 
| 233|0x000000070f300000, 0x000000070f300000, 0x000000070f400000|  0%| F|  |TAMS 0x000000070f300000, 0x000000070f300000| Untracked 
| 234|0x000000070f400000, 0x000000070f400000, 0x000000070f500000|  0%| F|  |TAMS 0x000000070f400000, 0x000000070f400000| Untracked 
| 235|0x000000070f500000, 0x000000070f500000, 0x000000070f600000|  0%| F|  |TAMS 0x000000070f500000, 0x000000070f500000| Untracked 
| 236|0x000000070f600000, 0x000000070f600000, 0x000000070f700000|  0%| F|  |TAMS 0x000000070f600000, 0x000000070f600000| Untracked 
| 237|0x000000070f700000, 0x000000070f700000, 0x000000070f800000|  0%| F|  |TAMS 0x000000070f700000, 0x000000070f700000| Untracked 
| 238|0x000000070f800000, 0x000000070f800000, 0x000000070f900000|  0%| F|  |TAMS 0x000000070f800000, 0x000000070f800000| Untracked 
| 239|0x000000070f900000, 0x000000070f900000, 0x000000070fa00000|  0%| F|  |TAMS 0x000000070f900000, 0x000000070f900000| Untracked 
| 240|0x000000070fa00000, 0x000000070fa00000, 0x000000070fb00000|  0%| F|  |TAMS 0x000000070fa00000, 0x000000070fa00000| Untracked 
| 241|0x000000070fb00000, 0x000000070fb00000, 0x000000070fc00000|  0%| F|  |TAMS 0x000000070fb00000, 0x000000070fb00000| Untracked 
| 242|0x000000070fc00000, 0x000000070fc00000, 0x000000070fd00000|  0%| F|  |TAMS 0x000000070fc00000, 0x000000070fc00000| Untracked 
| 243|0x000000070fd00000, 0x000000070fd00000, 0x000000070fe00000|  0%| F|  |TAMS 0x000000070fd00000, 0x000000070fd00000| Untracked 
| 244|0x000000070fe00000, 0x000000070fe00000, 0x000000070ff00000|  0%| F|  |TAMS 0x000000070fe00000, 0x000000070fe00000| Untracked 
| 245|0x000000070ff00000, 0x000000070ff00000, 0x0000000710000000|  0%| F|  |TAMS 0x000000070ff00000, 0x000000070ff00000| Untracked 
| 246|0x0000000710000000, 0x0000000710000000, 0x0000000710100000|  0%| F|  |TAMS 0x0000000710000000, 0x0000000710000000| Untracked 
| 247|0x0000000710100000, 0x0000000710100000, 0x0000000710200000|  0%| F|  |TAMS 0x0000000710100000, 0x0000000710100000| Untracked 
| 248|0x0000000710200000, 0x0000000710200000, 0x0000000710300000|  0%| F|  |TAMS 0x0000000710200000, 0x0000000710200000| Untracked 
| 249|0x0000000710300000, 0x0000000710300000, 0x0000000710400000|  0%| F|  |TAMS 0x0000000710300000, 0x0000000710300000| Untracked 
| 250|0x0000000710400000, 0x0000000710400000, 0x0000000710500000|  0%| F|  |TAMS 0x0000000710400000, 0x0000000710400000| Untracked 
| 251|0x0000000710500000, 0x0000000710500000, 0x0000000710600000|  0%| F|  |TAMS 0x0000000710500000, 0x0000000710500000| Untracked 
| 252|0x0000000710600000, 0x0000000710600000, 0x0000000710700000|  0%| F|  |TAMS 0x0000000710600000, 0x0000000710600000| Untracked 
| 253|0x0000000710700000, 0x0000000710700000, 0x0000000710800000|  0%| F|  |TAMS 0x0000000710700000, 0x0000000710700000| Untracked 
| 254|0x0000000710800000, 0x0000000710800000, 0x0000000710900000|  0%| F|  |TAMS 0x0000000710800000, 0x0000000710800000| Untracked 
| 255|0x0000000710900000, 0x0000000710900000, 0x0000000710a00000|  0%| F|  |TAMS 0x0000000710900000, 0x0000000710900000| Untracked 

Card table byte_map: [0x0000020672120000,0x0000020672920000] _byte_map_base: 0x000002066e91b000

Marking Bits (Prev, Next): (CMBitMap*) 0x0000020659ed71b8, (CMBitMap*) 0x0000020659ed71f0
 Prev Bits: [0x0000020673120000, 0x00000206770f8000)
 Next Bits: [0x0000020677100000, 0x000002067b0d8000)

Polling page: 0x0000020659650000

Metaspace:

Usage:
  Non-class:     51.08 MB capacity,    50.60 MB (>99%) used,   404.55 KB ( <1%) free+waste,    94.88 KB ( <1%) overhead. 
      Class:      6.78 MB capacity,     6.48 MB ( 96%) used,   265.73 KB (  4%) free+waste,    42.44 KB ( <1%) overhead. 
       Both:     57.86 MB capacity,    57.07 MB ( 99%) used,   670.28 KB (  1%) free+waste,   137.31 KB ( <1%) overhead. 

Virtual space:
  Non-class space:       52.00 MB reserved,      51.25 MB ( 99%) committed 
      Class space:        1.00 GB reserved,       6.88 MB ( <1%) committed 
             Both:        1.05 GB reserved,      58.13 MB (  5%) committed 

Chunk freelists:
   Non-Class:  42.00 KB
       Class:  3.00 KB
        Both:  45.00 KB

MaxMetaspaceSize: 17179869184.00 GB
CompressedClassSpaceSize: 1.00 GB
Initial GC threshold: 20.80 MB
Current GC threshold: 58.75 MB
CDS: off

CodeHeap 'non-profiled nmethods': size=120000Kb used=3532Kb max_used=3532Kb free=116467Kb
 bounds [0x000002066a0c0000, 0x000002066a440000, 0x00000206715f0000]
CodeHeap 'profiled nmethods': size=120000Kb used=15459Kb max_used=15459Kb free=104540Kb
 bounds [0x0000020662b90000, 0x0000020663ab0000, 0x000002066a0c0000]
CodeHeap 'non-nmethods': size=5760Kb used=1298Kb max_used=1349Kb free=4462Kb
 bounds [0x00000206625f0000, 0x0000020662860000, 0x0000020662b90000]
 total_blobs=6934 nmethods=6355 adapters=490
 compilation: enabled
              stopped_count=0, restarted_count=0
 full_count=0

Compilation events (20 events):
Event: 7.298 Thread 0x000002067ee9a800 6388       4       org.jetbrains.kotlin.descriptors.impl.FunctionDescriptorImpl::getValueParameters (14 bytes)
Event: 7.298 Thread 0x000002067e51e000 nmethod 6401 0x0000020663aa4a10 code [0x0000020663aa4be0, 0x0000020663aa4e08]
Event: 7.298 Thread 0x000002067ee9a800 nmethod 6388 0x000002066a432a10 code [0x000002066a432ba0, 0x000002066a432c18]
Event: 7.298 Thread 0x000002067ee9a800 6375       4       java.util.HashSet::isEmpty (8 bytes)
Event: 7.298 Thread 0x000002067ee9a800 nmethod 6375 0x000002066a432d10 code [0x000002066a432ea0, 0x000002066a432f18]
Event: 7.298 Thread 0x000002067ee9a800 6374       4       java.util.ArrayList::newCapacity (65 bytes)
Event: 7.298 Thread 0x000002067e51e000 6402       3       org.jetbrains.kotlin.psi.KtFile::getPackageDirectiveByTree (39 bytes)
Event: 7.299 Thread 0x000002067e51e000 nmethod 6402 0x0000020663aa4f10 code [0x0000020663aa5180, 0x0000020663aa5c88]
Event: 7.299 Thread 0x000002067e51e000 6404       3       org.jetbrains.kotlin.com.google.common.collect.AbstractMapBasedMultimap::wrapList (33 bytes)
Event: 7.299 Thread 0x000002067ee9a800 nmethod 6374 0x000002066a433010 code [0x000002066a4331a0, 0x000002066a433278]
Event: 7.299 Thread 0x000002067ee9a800 6377       4       org.jetbrains.kotlin.resolve.DescriptorUtils::getContainingModule (62 bytes)
Event: 7.299 Thread 0x000002067e51e000 nmethod 6404 0x0000020663aa6010 code [0x0000020663aa6220, 0x0000020663aa6898]
Event: 7.299 Thread 0x000002067e51e000 6407       3       org.jetbrains.kotlin.com.intellij.openapi.diagnostic.Logger::assertTrue (52 bytes)
Event: 7.300 Thread 0x000002067e51e000 nmethod 6407 0x0000020663aa6a10 code [0x0000020663aa6cc0, 0x0000020663aa7a08]
Event: 7.300 Thread 0x000002067e51e000 6405       3       org.jetbrains.kotlin.psi.KtTypeElement$$Lambda$185/0x000000080058f040::create (8 bytes)
Event: 7.300 Thread 0x000002067e51e000 nmethod 6405 0x0000020663aa7e90 code [0x0000020663aa8060, 0x0000020663aa83b8]
Event: 7.300 Thread 0x000002067e51e000 6406       3       org.jetbrains.kotlin.psi.KtTypeElement::lambda$static$0 (15 bytes)
Event: 7.300 Thread 0x000002067e51e000 nmethod 6406 0x0000020663aa8490 code [0x0000020663aa8640, 0x0000020663aa8818]
Event: 7.300 Thread 0x000002067e51e000 6403       3       org.jetbrains.kotlin.psi.KtPackageDirective::getQualifiedName (30 bytes)
Event: 7.300 Thread 0x000002067e51e000 nmethod 6403 0x0000020663aa8910 code [0x0000020663aa8ae0, 0x0000020663aa8d58]

GC Heap History (13 events):
Event: 2.015 GC heap before
{Heap before GC invocations=0 (full 0):
 garbage-first heap   total 262144K, used 28672K [0x0000000700a00000, 0x0000000800000000)
  region size 1024K, 24 young (24576K), 0 survivors (0K)
 Metaspace       used 12197K, capacity 12286K, committed 12416K, reserved 1060864K
  class space    used 1081K, capacity 1113K, committed 1152K, reserved 1048576K
}
Event: 2.288 GC heap after
{Heap after GC invocations=1 (full 0):
 garbage-first heap   total 262144K, used 7385K [0x0000000700a00000, 0x0000000800000000)
  region size 1024K, 3 young (3072K), 3 survivors (3072K)
 Metaspace       used 12197K, capacity 12286K, committed 12416K, reserved 1060864K
  class space    used 1081K, capacity 1113K, committed 1152K, reserved 1048576K
}
Event: 3.246 GC heap before
{Heap before GC invocations=1 (full 0):
 garbage-first heap   total 262144K, used 45273K [0x0000000700a00000, 0x0000000800000000)
  region size 1024K, 41 young (41984K), 3 survivors (3072K)
 Metaspace       used 20934K, capacity 21181K, committed 21248K, reserved 1069056K
  class space    used 2198K, capacity 2295K, committed 2304K, reserved 1048576K
}
Event: 3.256 GC heap after
{Heap after GC invocations=2 (full 0):
 garbage-first heap   total 262144K, used 11121K [0x0000000700a00000, 0x0000000800000000)
  region size 1024K, 7 young (7168K), 7 survivors (7168K)
 Metaspace       used 20934K, capacity 21181K, committed 21248K, reserved 1069056K
  class space    used 2198K, capacity 2295K, committed 2304K, reserved 1048576K
}
Event: 3.981 GC heap before
{Heap before GC invocations=3 (full 0):
 garbage-first heap   total 262144K, used 72561K [0x0000000700a00000, 0x0000000800000000)
  region size 1024K, 58 young (59392K), 7 survivors (7168K)
 Metaspace       used 31756K, capacity 32251K, committed 32384K, reserved 1077248K
  class space    used 3747K, capacity 3941K, committed 3968K, reserved 1048576K
}
Event: 3.993 GC heap after
{Heap after GC invocations=4 (full 0):
 garbage-first heap   total 262144K, used 28384K [0x0000000700a00000, 0x0000000800000000)
  region size 1024K, 8 young (8192K), 8 survivors (8192K)
 Metaspace       used 31756K, capacity 32251K, committed 32384K, reserved 1077248K
  class space    used 3747K, capacity 3941K, committed 3968K, reserved 1048576K
}
Event: 4.141 GC heap before
{Heap before GC invocations=4 (full 0):
 garbage-first heap   total 262144K, used 49888K [0x0000000700a00000, 0x0000000800000000)
  region size 1024K, 28 young (28672K), 8 survivors (8192K)
 Metaspace       used 31912K, capacity 32388K, committed 32640K, reserved 1077248K
  class space    used 3753K, capacity 3943K, committed 3968K, reserved 1048576K
}
Event: 4.154 GC heap after
{Heap after GC invocations=5 (full 0):
 garbage-first heap   total 262144K, used 30153K [0x0000000700a00000, 0x0000000800000000)
  region size 1024K, 4 young (4096K), 4 survivors (4096K)
 Metaspace       used 31912K, capacity 32388K, committed 32640K, reserved 1077248K
  class space    used 3753K, capacity 3943K, committed 3968K, reserved 1048576K
}
Event: 4.546 GC heap before
{Heap before GC invocations=5 (full 0):
 garbage-first heap   total 262144K, used 52681K [0x0000000700a00000, 0x0000000800000000)
  region size 1024K, 27 young (27648K), 4 survivors (4096K)
 Metaspace       used 35167K, capacity 35692K, committed 35840K, reserved 1081344K
  class space    used 4243K, capacity 4463K, committed 4480K, reserved 1048576K
}
Event: 4.552 GC heap after
{Heap after GC invocations=6 (full 0):
 garbage-first heap   total 262144K, used 31323K [0x0000000700a00000, 0x0000000800000000)
  region size 1024K, 7 young (7168K), 7 survivors (7168K)
 Metaspace       used 35167K, capacity 35692K, committed 35840K, reserved 1081344K
  class space    used 4243K, capacity 4463K, committed 4480K, reserved 1048576K
}
Event: 5.548 GC heap before
{Heap before GC invocations=7 (full 0):
 garbage-first heap   total 262144K, used 101979K [0x0000000700a00000, 0x0000000800000000)
  region size 1024K, 70 young (71680K), 7 survivors (7168K)
 Metaspace       used 47125K, capacity 47718K, committed 48000K, reserved 1091584K
  class space    used 5509K, capacity 5733K, committed 5760K, reserved 1048576K
}
Event: 5.558 GC heap after
{Heap after GC invocations=8 (full 0):
 garbage-first heap   total 262144K, used 46618K [0x0000000700a00000, 0x0000000800000000)
  region size 1024K, 9 young (9216K), 9 survivors (9216K)
 Metaspace       used 47125K, capacity 47718K, committed 48000K, reserved 1091584K
  class space    used 5509K, capacity 5733K, committed 5760K, reserved 1048576K
}
Event: 7.300 GC heap before
{Heap before GC invocations=8 (full 0):
 garbage-first heap   total 262144K, used 165402K [0x0000000700a00000, 0x0000000800000000)
  region size 1024K, 124 young (126976K), 9 survivors (9216K)
 Metaspace       used 58443K, capacity 59251K, committed 59520K, reserved 1101824K
  class space    used 6632K, capacity 6941K, committed 7040K, reserved 1048576K
}

Deoptimization events (20 events):
Event: 7.232 Thread 0x0000020659e74800 Uncommon trap: trap_request=0xffffffde fr.pc=0x000002066a40d6e4 relative=0x00000000000022c4
Event: 7.232 Thread 0x0000020659e74800 Uncommon trap: reason=class_check action=maybe_recompile pc=0x000002066a40d6e4 method=org.jetbrains.kotlin.serialization.deserialization.descriptors.DeserializedPackageMemberScope.hasClass(Lorg/jetbrains/kotlin/name/Name;)Z @ 28 c2
Event: 7.232 Thread 0x0000020659e74800 DEOPT PACKING pc=0x000002066a40d6e4 sp=0x00000063515fcf20
Event: 7.232 Thread 0x0000020659e74800 DEOPT UNPACKING pc=0x000002066263a1af sp=0x00000063515fce00 mode 2
Event: 7.232 Thread 0x0000020659e74800 Uncommon trap: trap_request=0xffffffde fr.pc=0x000002066a40d6e4 relative=0x00000000000022c4
Event: 7.232 Thread 0x0000020659e74800 Uncommon trap: reason=class_check action=maybe_recompile pc=0x000002066a40d6e4 method=org.jetbrains.kotlin.serialization.deserialization.descriptors.DeserializedPackageMemberScope.hasClass(Lorg/jetbrains/kotlin/name/Name;)Z @ 28 c2
Event: 7.232 Thread 0x0000020659e74800 DEOPT PACKING pc=0x000002066a40d6e4 sp=0x00000063515fcf20
Event: 7.233 Thread 0x0000020659e74800 DEOPT UNPACKING pc=0x000002066263a1af sp=0x00000063515fce00 mode 2
Event: 7.233 Thread 0x0000020659e74800 Uncommon trap: trap_request=0xffffffde fr.pc=0x000002066a40d6e4 relative=0x00000000000022c4
Event: 7.233 Thread 0x0000020659e74800 Uncommon trap: reason=class_check action=maybe_recompile pc=0x000002066a40d6e4 method=org.jetbrains.kotlin.serialization.deserialization.descriptors.DeserializedPackageMemberScope.hasClass(Lorg/jetbrains/kotlin/name/Name;)Z @ 28 c2
Event: 7.233 Thread 0x0000020659e74800 DEOPT PACKING pc=0x000002066a40d6e4 sp=0x00000063515fcf20
Event: 7.233 Thread 0x0000020659e74800 DEOPT UNPACKING pc=0x000002066263a1af sp=0x00000063515fce00 mode 2
Event: 7.233 Thread 0x0000020659e74800 Uncommon trap: trap_request=0xffffffc6 fr.pc=0x000002066a4197d0 relative=0x0000000000001190
Event: 7.233 Thread 0x0000020659e74800 Uncommon trap: reason=bimorphic_or_optimized_type_check action=maybe_recompile pc=0x000002066a4197d0 method=org.jetbrains.kotlin.serialization.deserialization.descriptors.DeserializedPackageMemberScope.hasClass(Lorg/jetbrains/kotlin/name/Name;)Z @ 38 c2
Event: 7.233 Thread 0x0000020659e74800 DEOPT PACKING pc=0x000002066a4197d0 sp=0x00000063515fcda0
Event: 7.233 Thread 0x0000020659e74800 DEOPT UNPACKING pc=0x000002066263a1af sp=0x00000063515fcd20 mode 2
Event: 7.233 Thread 0x0000020659e74800 Uncommon trap: trap_request=0xffffffc6 fr.pc=0x000002066a4197d0 relative=0x0000000000001190
Event: 7.233 Thread 0x0000020659e74800 Uncommon trap: reason=bimorphic_or_optimized_type_check action=maybe_recompile pc=0x000002066a4197d0 method=org.jetbrains.kotlin.serialization.deserialization.descriptors.DeserializedPackageMemberScope.hasClass(Lorg/jetbrains/kotlin/name/Name;)Z @ 38 c2
Event: 7.233 Thread 0x0000020659e74800 DEOPT PACKING pc=0x000002066a4197d0 sp=0x00000063515fcda0
Event: 7.233 Thread 0x0000020659e74800 DEOPT UNPACKING pc=0x000002066263a1af sp=0x00000063515fcd20 mode 2

Classes redefined (0 events):
No events

Internal exceptions (20 events):
Event: 4.076 Thread 0x0000020659e74800 Implicit null exception at 0x000002066a1ba01a to 0x000002066a1ba898
Event: 4.096 Thread 0x0000020659e74800 Implicit null exception at 0x000002066a1b49f8 to 0x000002066a1b5f84
Event: 4.134 Thread 0x0000020659e74800 Implicit null exception at 0x000002066a1b9420 to 0x000002066a1b94d5
Event: 4.455 Thread 0x0000020659e74800 Exception <a 'java/lang/NoSuchMethodError'{0x000000070f116b70}: 'java.lang.Object java.lang.invoke.Invokers$Holder.linkToTargetMethod(java.lang.Object, int, java.lang.Object)'> (0x000000070f116b70) thrown at [./src/hotspot/share/interpreter/linkResolver.cpp, line 773]
Event: 4.492 Thread 0x0000020659e74800 Implicit null exception at 0x000002066a1fffe1 to 0x000002066a2000fc
Event: 4.561 Thread 0x0000020659e74800 Implicit null exception at 0x000002066a2058cc to 0x000002066a2059b4
Event: 4.830 Thread 0x0000020659e74800 Exception <a 'java/lang/NoSuchMethodError'{0x000000070f814018}: 'java.lang.Object java.lang.invoke.DirectMethodHandle$Holder.invokeVirtual(java.lang.Object, java.lang.Object, java.lang.Object)'> (0x000000070f814018) thrown at [./src/hotspot/share/interpreter/linkResolver.cpp, line 773]
Event: 5.432 Thread 0x0000020659e74800 Exception <a 'java/lang/NoSuchMethodError'{0x000000070c96ee00}: 'java.lang.Object java.lang.invoke.DirectMethodHandle$Holder.invokeStatic(java.lang.Object, java.lang.Object, java.lang.Object, int)'> (0x000000070c96ee00) thrown at [./src/hotspot/share/interpreter/linkResolver.cpp, line 773]
Event: 5.432 Thread 0x0000020659e74800 Exception <a 'java/lang/NoSuchMethodError'{0x000000070c972a70}: 'java.lang.Object java.lang.invoke.DirectMethodHandle$Holder.invokeSpecial(java.lang.Object, java.lang.Object, java.lang.Object, java.lang.Object, int)'> (0x000000070c972a70) thrown at [./src/hotspot/share/interpreter/linkResolver.cpp, line 773]
Event: 5.433 Thread 0x0000020659e74800 Exception <a 'java/lang/NoSuchMethodError'{0x000000070c975d80}: 'java.lang.Object java.lang.invoke.Invokers$Holder.linkToTargetMethod(java.lang.Object, java.lang.Object, int, java.lang.Object)'> (0x000000070c975d80) thrown at [./src/hotspot/share/interpreter/linkResolver.cpp, line 773]
Event: 6.070 Thread 0x0000020659e74800 Exception <a 'java/lang/NoSuchMethodError'{0x000000070d6fa4e0}: 'java.lang.Object java.lang.invoke.DirectMethodHandle$Holder.invokeSpecial(java.lang.Object, java.lang.Object, java.lang.Object, java.lang.Object, java.lang.Object, int)'> (0x000000070d6fa4e0) thrown at [./src/hotspot/share/interpreter/linkResolver.cpp, line 773]
Event: 6.070 Thread 0x0000020659e74800 Exception <a 'java/lang/NoSuchMethodError'{0x000000070d6fe328}: 'java.lang.Object java.lang.invoke.Invokers$Holder.linkToTargetMethod(java.lang.Object, java.lang.Object, java.lang.Object, int, java.lang.Object)'> (0x000000070d6fe328) thrown at [./src/hotspot/share/interpreter/linkResolver.cpp, line 773]
Event: 6.422 Thread 0x0000020659e74800 Exception <a 'java/lang/NoSuchMethodError'{0x000000070b99ef40}: 'java.lang.Object java.lang.invoke.DirectMethodHandle$Holder.invokeSpecial(java.lang.Object, java.lang.Object, java.lang.Object, java.lang.Object, java.lang.Object, java.lang.Object, java.lang.Object, java.lang.Object, java.lang.Object)'> (0x000000070b99ef40) thrown at [./src/hotspot/share/interpreter/linkResolver.cpp, line 773]
Event: 6.422 Thread 0x0000020659e74800 Exception <a 'java/lang/NoSuchMethodError'{0x000000070b9a3138}: 'java.lang.Object java.lang.invoke.Invokers$Holder.linkToTargetMethod(java.lang.Object, java.lang.Object, java.lang.Object, java.lang.Object, java.lang.Object, java.lang.Object, java.lang.Object, java.lang.Object)'> (0x000000070b9a3138) thrown at [./src/hotspot/share/interpreter/linkResolver.cpp, line 773]
Event: 6.690 Thread 0x0000020659e74800 Exception <a 'java/lang/NoSuchMethodError'{0x000000070ad9e0d8}: 'java.lang.Object java.lang.invoke.DirectMethodHandle$Holder.invokeStaticInit(java.lang.Object, java.lang.Object, java.lang.Object)'> (0x000000070ad9e0d8) thrown at [./src/hotspot/share/interpreter/linkResolver.cpp, line 773]
Event: 6.696 Thread 0x0000020659e74800 Exception <a 'java/lang/NoSuchMethodError'{0x000000070add3098}: 'java.lang.Object java.lang.invoke.DirectMethodHandle$Holder.invokeStatic(java.lang.Object, int, java.lang.Object, java.lang.Object)'> (0x000000070add3098) thrown at [./src/hotspot/share/interpreter/linkResolver.cpp, line 773]
Event: 6.697 Thread 0x0000020659e74800 Exception <a 'java/lang/NoSuchMethodError'{0x000000070addaeb0}: 'java.lang.Object java.lang.invoke.DirectMethodHandle$Holder.invokeStatic(java.lang.Object, int, java.lang.Object)'> (0x000000070addaeb0) thrown at [./src/hotspot/share/interpreter/linkResolver.cpp, line 773]
Event: 6.698 Thread 0x0000020659e74800 Exception <a 'java/lang/NoSuchMethodError'{0x000000070ade1430}: 'int java.lang.invoke.DirectMethodHandle$Holder.invokeInterface(java.lang.Object, java.lang.Object)'> (0x000000070ade1430) thrown at [./src/hotspot/share/interpreter/linkResolver.cpp, line 773]
Event: 6.700 Thread 0x0000020659e74800 Implicit null exception at 0x000002066a168175 to 0x000002066a168360
Event: 6.700 Thread 0x0000020659e74800 Implicit null exception at 0x000002066a257faf to 0x000002066a258029

Events (20 events):
Event: 7.295 loading class org/jetbrains/kotlin/resolve/calls/inference/ConstraintSystemBuilderImpl$Mode done
Event: 7.295 loading class org/jetbrains/kotlin/resolve/calls/inference/ConstraintSystemBuilderImpl$Companion$forSpecificity$1
Event: 7.295 loading class org/jetbrains/kotlin/resolve/calls/inference/ConstraintSystemBuilderImpl$Companion$forSpecificity$1 done
Event: 7.296 loading class org/jetbrains/kotlin/resolve/OverloadabilitySpecificityCallbacks
Event: 7.296 loading class org/jetbrains/kotlin/resolve/OverloadabilitySpecificityCallbacks done
Event: 7.296 loading class org/jetbrains/kotlin/resolve/calls/results/FlatSignatureKt
Event: 7.296 loading class org/jetbrains/kotlin/resolve/calls/results/FlatSignatureKt done
Event: 7.296 loading class org/jetbrains/kotlin/resolve/calls/results/FlatSignatureKt$isSignatureNotLessSpecific$1
Event: 7.296 loading class org/jetbrains/kotlin/resolve/calls/results/FlatSignatureKt$isSignatureNotLessSpecific$1 done
Event: 7.296 loading class org/jetbrains/kotlin/resolve/calls/inference/CallHandle$NONE
Event: 7.296 loading class org/jetbrains/kotlin/resolve/calls/inference/CallHandle$NONE done
Event: 7.296 loading class org/jetbrains/kotlin/resolve/calls/inference/CallHandle
Event: 7.296 loading class org/jetbrains/kotlin/resolve/calls/inference/CallHandle done
Event: 7.297 loading class org/jetbrains/kotlin/resolve/calls/inference/ConstraintSystem$Builder$DefaultImpls
Event: 7.297 loading class org/jetbrains/kotlin/resolve/calls/inference/ConstraintSystem$Builder$DefaultImpls done
Event: 7.297 loading class org/jetbrains/kotlin/types/TypeCheckerState$SupertypesPolicy$UpperIfFlexible
Event: 7.297 loading class org/jetbrains/kotlin/types/TypeCheckerState$SupertypesPolicy$UpperIfFlexible done
Event: 7.298 loading class org/jetbrains/kotlin/com/intellij/util/containers/MultiMap
Event: 7.298 loading class org/jetbrains/kotlin/com/intellij/util/containers/MultiMap done
Event: 7.300 Executing VM operation: G1CollectForAllocation


Dynamic libraries:
0x00007ff64dfa0000 - 0x00007ff64dfad000 	C:\Program Files\Microsoft\jdk-11.0.18.10-hotspot\bin\java.exe
0x00007ff94d550000 - 0x00007ff94d748000 	C:\Windows\SYSTEM32\ntdll.dll
0x00007ff94cbf0000 - 0x00007ff94ccaf000 	C:\Windows\System32\KERNEL32.DLL
0x00007ff94af70000 - 0x00007ff94b242000 	C:\Windows\System32\KERNELBASE.dll
0x00007ff94b490000 - 0x00007ff94b590000 	C:\Windows\System32\ucrtbase.dll
0x00007ff947d10000 - 0x00007ff947d27000 	C:\Program Files\Microsoft\jdk-11.0.18.10-hotspot\bin\jli.dll
0x00007ff9481b0000 - 0x00007ff9481c5000 	C:\Program Files\Microsoft\jdk-11.0.18.10-hotspot\bin\VCRUNTIME140.dll
0x00007ff94c600000 - 0x00007ff94c7a1000 	C:\Windows\System32\USER32.dll
0x00007ff94ac90000 - 0x00007ff94acb2000 	C:\Windows\System32\win32u.dll
0x00007ff9328f0000 - 0x00007ff932b8a000 	C:\Windows\WinSxS\amd64_microsoft.windows.common-controls_6595b64144ccf1df_6.0.19041.1110_none_60b5254171f9507e\COMCTL32.dll
0x00007ff94c960000 - 0x00007ff94c98b000 	C:\Windows\System32\GDI32.dll
0x00007ff94ad50000 - 0x00007ff94ae5f000 	C:\Windows\System32\gdi32full.dll
0x00007ff94bce0000 - 0x00007ff94bd7e000 	C:\Windows\System32\msvcrt.dll
0x00007ff94ae60000 - 0x00007ff94aefd000 	C:\Windows\System32\msvcp_win.dll
0x00007ff94cd60000 - 0x00007ff94cd92000 	C:\Windows\System32\IMM32.DLL
0x00007ff9070f0000 - 0x00007ff90718b000 	C:\Program Files\Microsoft\jdk-11.0.18.10-hotspot\bin\msvcp140.dll
0x00007ff906550000 - 0x00007ff9070e2000 	C:\Program Files\Microsoft\jdk-11.0.18.10-hotspot\bin\server\jvm.dll
0x00007ff94ccb0000 - 0x00007ff94cd5e000 	C:\Windows\System32\ADVAPI32.dll
0x00007ff94cda0000 - 0x00007ff94ce3c000 	C:\Windows\System32\sechost.dll
0x00007ff94bd80000 - 0x00007ff94bea5000 	C:\Windows\System32\RPCRT4.dll
0x00007ff94d2d0000 - 0x00007ff94d2d8000 	C:\Windows\System32\PSAPI.DLL
0x00007ff943de0000 - 0x00007ff943de9000 	C:\Windows\SYSTEM32\WSOCK32.dll
0x00007ff94ca80000 - 0x00007ff94caeb000 	C:\Windows\System32\WS2_32.dll
0x00007ff9402a0000 - 0x00007ff9402c7000 	C:\Windows\SYSTEM32\WINMM.dll
0x00007ff943b90000 - 0x00007ff943b9a000 	C:\Windows\SYSTEM32\VERSION.dll
0x00007ff948b20000 - 0x00007ff948b32000 	C:\Windows\SYSTEM32\kernel.appcore.dll
0x00007ff942af0000 - 0x00007ff942b00000 	C:\Program Files\Microsoft\jdk-11.0.18.10-hotspot\bin\verify.dll
0x00007ff946850000 - 0x00007ff946a34000 	C:\Windows\SYSTEM32\DBGHELP.DLL
0x00007ff939d10000 - 0x00007ff939d45000 	C:\Windows\SYSTEM32\dbgcore.DLL
0x00007ff94acc0000 - 0x00007ff94ad42000 	C:\Windows\System32\bcryptPrimitives.dll
0x00007ff93ae10000 - 0x00007ff93ae38000 	C:\Program Files\Microsoft\jdk-11.0.18.10-hotspot\bin\java.dll
0x00007ff9411f0000 - 0x00007ff9411fa000 	C:\Program Files\Microsoft\jdk-11.0.18.10-hotspot\bin\jimage.dll
0x00007ff93adf0000 - 0x00007ff93ae08000 	C:\Program Files\Microsoft\jdk-11.0.18.10-hotspot\bin\zip.dll
0x00007ff94beb0000 - 0x00007ff94c5f5000 	C:\Windows\System32\SHELL32.dll
0x00007ff948d20000 - 0x00007ff9494b2000 	C:\Windows\SYSTEM32\windows.storage.dll
0x00007ff94cef0000 - 0x00007ff94d245000 	C:\Windows\System32\combase.dll
0x00007ff94a6a0000 - 0x00007ff94a6d0000 	C:\Windows\SYSTEM32\Wldp.dll
0x00007ff94ce40000 - 0x00007ff94ceed000 	C:\Windows\System32\SHCORE.dll
0x00007ff94d2e0000 - 0x00007ff94d335000 	C:\Windows\System32\shlwapi.dll
0x00007ff94ab80000 - 0x00007ff94ab9f000 	C:\Windows\SYSTEM32\profapi.dll
0x00007ff937cf0000 - 0x00007ff937d09000 	C:\Program Files\Microsoft\jdk-11.0.18.10-hotspot\bin\net.dll
0x00007ff9474a0000 - 0x00007ff9475ac000 	C:\Windows\SYSTEM32\WINHTTP.dll
0x00007ff94a400000 - 0x00007ff94a46a000 	C:\Windows\system32\mswsock.dll
0x00007ff936970000 - 0x00007ff936983000 	C:\Program Files\Microsoft\jdk-11.0.18.10-hotspot\bin\nio.dll

dbghelp: loaded successfully - version: 4.0.5 - missing functions: none
symbol engine: initialized successfully - sym options: 0x614 - pdb path: .;C:\Program Files\Microsoft\jdk-11.0.18.10-hotspot\bin;C:\Windows\SYSTEM32;C:\Windows\WinSxS\amd64_microsoft.windows.common-controls_6595b64144ccf1df_6.0.19041.1110_none_60b5254171f9507e;C:\Program Files\Microsoft\jdk-11.0.18.10-hotspot\bin\server

VM Arguments:
java_command: org.jetbrains.kotlin.cli.jvm.K2JVMCompiler @D:\PROGRAMMING\Project\TechnicalTest\node_modules\@react-native\gradle-plugin\build\20230715_13710224331780489749.compiler.options
java_class_path (initial): C:\Users\Admin\.gradle\caches\modules-2\files-2.1\org.jetbrains.kotlin\kotlin-compiler-embeddable\1.7.22\1a39d9a56c9d1618300cd3444f070a5399663403\kotlin-compiler-embeddable-1.7.22.jar;C:\Users\Admin\.gradle\caches\modules-2\files-2.1\org.jetbrains.kotlin\kotlin-reflect\1.7.22\e61a16c5c838d324529a6aa72dfb88ea98958a29\kotlin-reflect-1.7.22.jar;C:\Users\Admin\.gradle\caches\modules-2\files-2.1\org.jetbrains.kotlin\kotlin-stdlib\1.7.22\9fb43bccb6cf8cfaaf3776c75f5df4f052f09b72\kotlin-stdlib-1.7.22.jar;C:\Users\Admin\.gradle\caches\modules-2\files-2.1\org.jetbrains.kotlin\kotlin-script-runtime\1.7.22\703a4d56168f3517532bc04481e3c8b751f685cb\kotlin-script-runtime-1.7.22.jar;C:\Users\Admin\.gradle\caches\modules-2\files-2.1\org.jetbrains.kotlin\kotlin-daemon-embeddable\1.7.22\a4f231458e1bb6fffbb8e1224f97d20a3ecc9c83\kotlin-daemon-embeddable-1.7.22.jar;C:\Users\Admin\.gradle\caches\modules-2\files-2.1\org.jetbrains.intellij.deps\trove4j\1.0.20200330\3afb14d5f9ceb459d724e907a21145e8ff394f02\trove4j-1.0.20200330.jar;C:\Users\Admin\.gradle\caches\modules-2\files-2.1\net.java.dev.jna\jna\5.6.0\330f2244e9030119ab3030fc3fededc86713d9cc\jna-5.6.0.jar;C:\Users\Admin\.gradle\caches\modules-2\files-2.1\org.jetbrains.kotlin\kotlin-stdlib-common\1.7.22\5dd2c9dcf64c94b46cf4bdb6fa4035b9bb726e2e\kotlin-stdlib-common-1.7.22.jar;C:\Users\Admin\.gradle\caches\modules-2\files-2.1\org.jetbrains\annotations\13.0\919f0dfe192fb4e063e7dacadee7f8bb9a2672a9\annotations-13.0.jar
Launcher Type: SUN_STANDARD

[Global flags]
     intx CICompilerCount                          = 4                                         {product} {ergonomic}
     uint ConcGCThreads                            = 2                                         {product} {ergonomic}
     uint G1ConcRefinementThreads                  = 8                                         {product} {ergonomic}
   size_t G1HeapRegionSize                         = 1048576                                   {product} {ergonomic}
    uintx GCDrainStackTargetSize                   = 64                                        {product} {ergonomic}
   size_t InitialHeapSize                          = 268435456                                 {product} {ergonomic}
   size_t MarkStackSize                            = 4194304                                   {product} {ergonomic}
   size_t MaxHeapSize                              = 4284481536                                {product} {ergonomic}
   size_t MaxNewSize                               = 2570059776                                {product} {ergonomic}
   size_t MinHeapDeltaBytes                        = 1048576                                   {product} {ergonomic}
    uintx NonNMethodCodeHeapSize                   = 5836300                                {pd product} {ergonomic}
    uintx NonProfiledCodeHeapSize                  = 122910970                              {pd product} {ergonomic}
    uintx ProfiledCodeHeapSize                     = 122910970                              {pd product} {ergonomic}
    uintx ReservedCodeCacheSize                    = 251658240                              {pd product} {ergonomic}
     bool SegmentedCodeCache                       = true                                      {product} {ergonomic}
     bool UseCompressedClassPointers               = true                                 {lp64_product} {ergonomic}
     bool UseCompressedOops                        = true                                 {lp64_product} {ergonomic}
     bool UseG1GC                                  = true                                      {product} {ergonomic}
     bool UseLargePagesIndividualAllocation        = false                                  {pd product} {ergonomic}

Logging:
Log output configuration:
 #0: stdout all=warning uptime,level,tags
 #1: stderr all=off uptime,level,tags

Environment Variables:
JAVA_HOME=C:\Program Files\Microsoft\jdk-11.0.18.10-hotspot
CLASSPATH=D:\PROGRAMMING\Project\TechnicalTest\android\\gradle\wrapper\gradle-wrapper.jar
PATH=C:\Users\Admin\AppData\Local\Temp\yarn--1689387210986-0.5058244365174784;D:\PROGRAMMING\Project\TechnicalTest\node_modules\.bin;C:\Users\Admin\AppData\Local\Yarn\Data\link\node_modules\.bin;C:\Users\Admin\AppData\Local\Yarn\bin;D:\PROGRAMMING\libexec\lib\node_modules\npm\bin\node-gyp-bin;D:\PROGRAMMING\lib\node_modules\npm\bin\node-gyp-bin;D:\PROGRAMMING\NodeJS\node_modules\npm\bin\node-gyp-bin;C:\Program Files\Common Files\Oracle\Java\javapath;C:\Program Files\Java\jdk-11\bin;C:\Python311\Scripts\;C:\Python311\;C:\Windows\system32;C:\Windows;C:\Windows\System32\Wbem;C:\Windows\System32\WindowsPowerShell\v1.0\;C:\Windows\System32\OpenSSH\;D:\PROGRAMMING\NodeJS\;C:\ProgramData\chocolatey\bin;C:\Users\Admin\AppData\Local\Android\Sdk\platform-tools;C:\Program Files\Git\cmd;C:\xampp\php;C:\ProgramData\ComposerSetup\bin;C:\Users\Admin\AppData\Local\Android\Sdk\tools;C:\Users\Admin\AppData\Local\Android\Sdk\tools;C:\Users\Admin\AppData\Local\Microsoft\WindowsApps;C:\Users\Admin\AppData\Roaming\npm;C:\Users\Admin\AppData\Local\Programs\Microsoft VS Code\bin;C:\Users\Admin\AppData\Roaming\Composer\vendor\bin
USERNAME=Admin
LANG=en_US.UTF-8
OS=Windows_NT
PROCESSOR_IDENTIFIER=Intel64 Family 6 Model 58 Stepping 9, GenuineIntel
TMP=C:\Users\Admin\AppData\Local\Temp
TEMP=C:\Users\Admin\AppData\Local\Temp



---------------  S Y S T E M  ---------------

OS: Windows 10 , 64 bit Build 19041 (10.0.19041.2545)
OS uptime: 0 days 3:42 hours

CPU:total 8 (initial active 8) (4 cores per cpu, 2 threads per core) family 6 model 58 stepping 9 microcode 0x21, cmov, cx8, fxsr, mmx, sse, sse2, sse3, ssse3, sse4.1, sse4.2, popcnt, avx, aes, clmul, erms, ht, tsc, tscinvbit, tscinv

Memory: 4k page, system-wide physical 16341M (3326M free)
TotalPageFile size 16341M (AvailPageFile size 5M)
current process WorkingSet (physical memory assigned to process): 372M, peak: 372M
current process commit charge ("private bytes"): 695M, peak: 696M

vm_info: OpenJDK 64-Bit Server VM (11.0.18+10-LTS) for windows-amd64 JRE (11.0.18+10-LTS), built on Jan 18 2023 15:56:47 by "MicrosoftCorporation" with MS VC++ 15.9 (VS2017)

END.
