#
# There is insufficient memory for the Java Runtime Environment to continue.
# Native memory allocation (malloc) failed to allocate 1242256 bytes for Chunk::new
# Possible reasons:
#   The system is out of physical RAM or swap space
#   The process is running with CompressedOops enabled, and the Java Heap may be blocking the growth of the native heap
# Possible solutions:
#   Reduce memory load on the system
#   Increase physical memory or swap space
#   Check if swap backing store is full
#   Decrease Java heap size (-Xmx/-Xms)
#   Decrease number of Java threads
#   Decrease Java thread stack sizes (-Xss)
#   Set larger code cache with -XX:ReservedCodeCacheSize=
#   JVM is running with Unscaled Compressed Oops mode in which the Java heap is
#     placed in the first 4GB address space. The Java Heap base address is the
#     maximum limit for the native heap growth. Please use -XX:HeapBaseMinAddress
#     to set the Java Heap base and to place the Java Heap above 4GB virtual address.
# This output file may be truncated or incomplete.
#
#  Out of Memory Error (./src/hotspot/share/memory/arena.cpp:197), pid=12132, tid=4880
#
# JRE version: OpenJDK Runtime Environment Microsoft-7208460 (11.0.18+10) (build 11.0.18+10-LTS)
# Java VM: OpenJDK 64-Bit Server VM Microsoft-7208460 (11.0.18+10-LTS, mixed mode, tiered, compressed oops, g1 gc, windows-amd64)
# No core dump will be written. Minidumps are not enabled by default on client versions of Windows
#

---------------  S U M M A R Y ------------

Command Line: -XX:MaxMetaspaceSize=512m --add-opens=java.base/java.util=ALL-UNNAMED --add-opens=java.base/java.lang=ALL-UNNAMED --add-opens=java.base/java.lang.invoke=ALL-UNNAMED --add-opens=java.prefs/java.util.prefs=ALL-UNNAMED --add-opens=java.base/java.nio.charset=ALL-UNNAMED --add-opens=java.base/java.net=ALL-UNNAMED --add-opens=java.base/java.util.concurrent.atomic=ALL-UNNAMED -Xmx2048m -Dfile.encoding=windows-1252 -Duser.country=US -Duser.language=en -Duser.variant org.gradle.launcher.daemon.bootstrap.GradleDaemon 8.0.1

Host: Intel(R) Core(TM) i7-3770 CPU @ 3.40GHz, 8 cores, 15G,  Windows 10 , 64 bit Build 19041 (10.0.19041.2545)
Time: Sat Jul 15 09:26:47 2023 SE Asia Standard Time elapsed time: 3.306617 seconds (0d 0h 0m 3s)

---------------  T H R E A D  ---------------

Current thread (0x00000204af0ee000):  JavaThread "C2 CompilerThread0" daemon [_thread_in_native, id=4880, stack(0x000000736c200000,0x000000736c300000)]


Current CompileTask:
C2:   3306 2663   !   4       java.lang.reflect.Executable::declaredAnnotations (85 bytes)

Stack: [0x000000736c200000,0x000000736c300000]
Native frames: (J=compiled Java code, j=interpreted, Vv=VM code, C=native code)
V  [jvm.dll+0x62bf8a]
V  [jvm.dll+0x7b8fb9]
V  [jvm.dll+0x7ba6a8]
V  [jvm.dll+0x7bad83]
V  [jvm.dll+0x250248]
V  [jvm.dll+0xc260c]
V  [jvm.dll+0xc2bcc]
V  [jvm.dll+0x35e182]
V  [jvm.dll+0x32a373]
V  [jvm.dll+0x3296aa]
V  [jvm.dll+0x2093b3]
V  [jvm.dll+0x20850d]
V  [jvm.dll+0x18a4b1]
V  [jvm.dll+0x217eec]
V  [jvm.dll+0x21612b]
V  [jvm.dll+0x77bac0]
V  [jvm.dll+0x7749f4]
V  [jvm.dll+0x62adf5]
C  [ucrtbase.dll+0x21bb2]
C  [KERNEL32.DLL+0x17614]
C  [ntdll.dll+0x526a1]


---------------  P R O C E S S  ---------------

Threads class SMR info:
_java_thread_list=0x00000204b2d40c80, length=33, elements={
0x000002048ffa4800, 0x00000204af915800, 0x00000204af91f000, 0x00000204af0e7800,
0x00000204af0e9800, 0x00000204af0eb000, 0x00000204af0ee000, 0x00000204af982000,
0x00000204af984800, 0x00000204afb05800, 0x00000204b19ee000, 0x00000204b3198800,
0x00000204b1fc4800, 0x00000204b24ac000, 0x00000204b0c2c000, 0x00000204b0c3d000,
0x00000204b1f4f000, 0x00000204b096a000, 0x00000204b096b000, 0x00000204b1841800,
0x00000204b1842000, 0x00000204b2577800, 0x00000204b2105800, 0x00000204b2c25000,
0x00000204b2360800, 0x00000204b2c24800, 0x00000204b2c26000, 0x00000204b2c20800,
0x00000204b2c27000, 0x00000204b2c21000, 0x00000204b2c22000, 0x00000204b2c22800,
0x00000204b2c23800
}

Java Threads: ( => current thread )
  0x000002048ffa4800 JavaThread "main" [_thread_blocked, id=2288, stack(0x000000736b600000,0x000000736b700000)]
  0x00000204af915800 JavaThread "Reference Handler" daemon [_thread_blocked, id=7288, stack(0x000000736bd00000,0x000000736be00000)]
  0x00000204af91f000 JavaThread "Finalizer" daemon [_thread_blocked, id=10220, stack(0x000000736be00000,0x000000736bf00000)]
  0x00000204af0e7800 JavaThread "Signal Dispatcher" daemon [_thread_blocked, id=1552, stack(0x000000736bf00000,0x000000736c000000)]
  0x00000204af0e9800 JavaThread "Attach Listener" daemon [_thread_blocked, id=4760, stack(0x000000736c000000,0x000000736c100000)]
  0x00000204af0eb000 JavaThread "Service Thread" daemon [_thread_blocked, id=8500, stack(0x000000736c100000,0x000000736c200000)]
=>0x00000204af0ee000 JavaThread "C2 CompilerThread0" daemon [_thread_in_native, id=4880, stack(0x000000736c200000,0x000000736c300000)]
  0x00000204af982000 JavaThread "C1 CompilerThread0" daemon [_thread_blocked, id=6628, stack(0x000000736c300000,0x000000736c400000)]
  0x00000204af984800 JavaThread "Sweeper thread" daemon [_thread_blocked, id=7688, stack(0x000000736c400000,0x000000736c500000)]
  0x00000204afb05800 JavaThread "Common-Cleaner" daemon [_thread_blocked, id=3252, stack(0x000000736c500000,0x000000736c600000)]
  0x00000204b19ee000 JavaThread "Daemon health stats" [_thread_blocked, id=7620, stack(0x000000736ce00000,0x000000736cf00000)]
  0x00000204b3198800 JavaThread "Incoming local TCP Connector on port 56735" [_thread_in_native, id=10976, stack(0x000000736c700000,0x000000736c800000)]
  0x00000204b1fc4800 JavaThread "Daemon periodic checks" [_thread_blocked, id=4648, stack(0x000000736cd00000,0x000000736ce00000)]
  0x00000204b24ac000 JavaThread "Daemon" [_thread_blocked, id=11568, stack(0x000000736cf00000,0x000000736d000000)]
  0x00000204b0c2c000 JavaThread "Handler for socket connection from /127.0.0.1:56735 to /127.0.0.1:56736" [_thread_in_native, id=1772, stack(0x000000736d000000,0x000000736d100000)]
  0x00000204b0c3d000 JavaThread "Cancel handler" [_thread_blocked, id=10840, stack(0x000000736d100000,0x000000736d200000)]
  0x00000204b1f4f000 JavaThread "Daemon worker" [_thread_in_Java, id=8756, stack(0x000000736d200000,0x000000736d300000)]
  0x00000204b096a000 JavaThread "C2 CompilerThread1" daemon [_thread_in_native, id=8836, stack(0x000000736d300000,0x000000736d400000)]
  0x00000204b096b000 JavaThread "Asynchronous log dispatcher for DefaultDaemonConnection: socket connection from /127.0.0.1:56735 to /127.0.0.1:56736" [_thread_blocked, id=11720, stack(0x000000736d400000,0x000000736d500000)]
  0x00000204b1841800 JavaThread "Stdin handler" [_thread_blocked, id=6764, stack(0x000000736d500000,0x000000736d600000)]
  0x00000204b1842000 JavaThread "Daemon client event forwarder" [_thread_blocked, id=3460, stack(0x000000736d600000,0x000000736d700000)]
  0x00000204b2577800 JavaThread "Cache worker for journal cache (C:\Users\Admin\.gradle\caches\journal-1)" [_thread_blocked, id=11976, stack(0x000000736d700000,0x000000736d800000)]
  0x00000204b2105800 JavaThread "File lock request listener" [_thread_in_native, id=3732, stack(0x000000736d800000,0x000000736d900000)]
  0x00000204b2c25000 JavaThread "Cache worker for file hash cache (C:\Users\Admin\.gradle\caches\8.0.1\fileHashes)" [_thread_blocked, id=7744, stack(0x000000736dc00000,0x000000736dd00000)]
  0x00000204b2360800 JavaThread "C2 CompilerThread2" daemon [_thread_in_native, id=8288, stack(0x000000736dd00000,0x000000736de00000)]
  0x00000204b2c24800 JavaThread "File watcher server" daemon [_thread_in_native, id=10596, stack(0x000000736de00000,0x000000736df00000)]
  0x00000204b2c26000 JavaThread "File watcher consumer" daemon [_thread_blocked, id=11456, stack(0x000000736df00000,0x000000736e000000)]
  0x00000204b2c20800 JavaThread "Cache worker for checksums cache (D:\PROGRAMMING\Project\TechnicalTest\android\.gradle\8.0.1\checksums)" [_thread_blocked, id=2656, stack(0x000000736e000000,0x000000736e100000)]
  0x00000204b2c27000 JavaThread "Cache worker for cache directory md-rule (C:\Users\Admin\.gradle\caches\8.0.1\md-rule)" [_thread_blocked, id=11036, stack(0x000000736e100000,0x000000736e200000)]
  0x00000204b2c21000 JavaThread "Cache worker for file content cache (C:\Users\Admin\.gradle\caches\8.0.1\fileContent)" [_thread_blocked, id=3740, stack(0x000000736e200000,0x000000736e300000)]
  0x00000204b2c22000 JavaThread "Cache worker for file hash cache (D:\PROGRAMMING\Project\TechnicalTest\android\.gradle\8.0.1\fileHashes)" [_thread_blocked, id=6220, stack(0x000000736e300000,0x000000736e400000)]
  0x00000204b2c22800 JavaThread "Cache worker for cache directory md-supplier (C:\Users\Admin\.gradle\caches\8.0.1\md-supplier)" [_thread_blocked, id=2984, stack(0x000000736e400000,0x000000736e500000)]
  0x00000204b2c23800 JavaThread "Cache worker for execution history cache (C:\Users\Admin\.gradle\caches\8.0.1\executionHistory)" [_thread_blocked, id=10152, stack(0x000000736e500000,0x000000736e600000)]

Other Threads:
  0x00000204af0e4000 VMThread "VM Thread" [stack: 0x000000736bc00000,0x000000736bd00000] [id=6684]
  0x00000204afb1b800 WatcherThread [stack: 0x000000736c600000,0x000000736c700000] [id=4004]
  0x000002048ffbe000 GCTaskThread "GC Thread#0" [stack: 0x000000736b700000,0x000000736b800000] [id=8252]
  0x00000204b0fa7800 GCTaskThread "GC Thread#1" [stack: 0x000000736c800000,0x000000736c900000] [id=11312]
  0x00000204b0fa8800 GCTaskThread "GC Thread#2" [stack: 0x000000736c900000,0x000000736ca00000] [id=7588]
  0x00000204b0d4a000 GCTaskThread "GC Thread#3" [stack: 0x000000736ca00000,0x000000736cb00000] [id=5872]
  0x00000204b0d4b000 GCTaskThread "GC Thread#4" [stack: 0x000000736cb00000,0x000000736cc00000] [id=4808]
  0x00000204b0d4c000 GCTaskThread "GC Thread#5" [stack: 0x000000736cc00000,0x000000736cd00000] [id=9584]
  0x00000204b1374800 GCTaskThread "GC Thread#6" [stack: 0x000000736d900000,0x000000736da00000] [id=8800]
  0x00000204b2186000 GCTaskThread "GC Thread#7" [stack: 0x000000736da00000,0x000000736db00000] [id=5352]
  0x000002048ffee800 ConcurrentGCThread "G1 Main Marker" [stack: 0x000000736b800000,0x000000736b900000] [id=5540]
  0x000002048fff0000 ConcurrentGCThread "G1 Conc#0" [stack: 0x000000736b900000,0x000000736ba00000] [id=5028]
  0x00000204b1b65000 ConcurrentGCThread "G1 Conc#1" [stack: 0x000000736db00000,0x000000736dc00000] [id=2344]
  0x00000204aef71000 ConcurrentGCThread "G1 Refine#0" [stack: 0x000000736ba00000,0x000000736bb00000] [id=4408]
  0x00000204aef72000 ConcurrentGCThread "G1 Young RemSet Sampling" [stack: 0x000000736bb00000,0x000000736bc00000] [id=10636]

Threads with active compile tasks:
C2 CompilerThread0     3329 2663   !   4       java.lang.reflect.Executable::declaredAnnotations (85 bytes)
C2 CompilerThread1     3329 2736  s!   4       jdk.internal.loader.URLClassPath::getLoader (194 bytes)
C2 CompilerThread2     3329 2702       4       java.lang.reflect.Method::getAnnotation (6 bytes)

VM state:not at safepoint (normal execution)

VM Mutex/Monitor currently owned by a thread: None

Heap address: 0x0000000080000000, size: 2048 MB, Compressed Oops mode: 32-bit
Narrow klass base: 0x0000000000000000, Narrow klass shift: 3
Compressed class space size: 528482304 Address: 0x0000000100000000

Heap:
 garbage-first heap   total 262144K, used 106616K [0x0000000080000000, 0x0000000100000000)
  region size 1024K, 88 young (90112K), 2 survivors (2048K)
 Metaspace       used 32411K, capacity 33201K, committed 33456K, reserved 546816K
  class space    used 4282K, capacity 4581K, committed 4608K, reserved 516096K
Heap Regions: E=young(eden), S=young(survivor), O=old, HS=humongous(starts), HC=humongous(continues), CS=collection set, F=free, A=archive, TAMS=top-at-mark-start (previous, next)
|   0|0x0000000080000000, 0x0000000080100000, 0x0000000080100000|100%|HS|  |TAMS 0x0000000080100000, 0x0000000080000000| Complete 
|   1|0x0000000080100000, 0x0000000080200000, 0x0000000080200000|100%|HC|  |TAMS 0x0000000080200000, 0x0000000080100000| Complete 
|   2|0x0000000080200000, 0x0000000080300000, 0x0000000080300000|100%|HC|  |TAMS 0x0000000080300000, 0x0000000080200000| Complete 
|   3|0x0000000080300000, 0x0000000080400000, 0x0000000080400000|100%|HC|  |TAMS 0x0000000080400000, 0x0000000080300000| Complete 
|   4|0x0000000080400000, 0x0000000080500000, 0x0000000080500000|100%| O|  |TAMS 0x0000000080500000, 0x0000000080400000| Untracked 
|   5|0x0000000080500000, 0x0000000080600000, 0x0000000080600000|100%| O|  |TAMS 0x0000000080600000, 0x0000000080500000| Untracked 
|   6|0x0000000080600000, 0x0000000080700000, 0x0000000080700000|100%| O|  |TAMS 0x0000000080700000, 0x0000000080600000| Untracked 
|   7|0x0000000080700000, 0x0000000080800000, 0x0000000080800000|100%| O|  |TAMS 0x0000000080723e00, 0x0000000080700000| Untracked 
|   8|0x0000000080800000, 0x0000000080900000, 0x0000000080900000|100%| O|  |TAMS 0x0000000080800000, 0x0000000080800000| Untracked 
|   9|0x0000000080900000, 0x0000000080a00000, 0x0000000080a00000|100%| O|  |TAMS 0x0000000080900000, 0x0000000080900000| Untracked 
|  10|0x0000000080a00000, 0x0000000080b00000, 0x0000000080b00000|100%| O|  |TAMS 0x0000000080a00000, 0x0000000080a00000| Untracked 
|  11|0x0000000080b00000, 0x0000000080c00000, 0x0000000080c00000|100%| O|  |TAMS 0x0000000080b00000, 0x0000000080b00000| Untracked 
|  12|0x0000000080c00000, 0x0000000080d00000, 0x0000000080d00000|100%| O|  |TAMS 0x0000000080c00000, 0x0000000080c00000| Untracked 
|  13|0x0000000080d00000, 0x0000000080e00000, 0x0000000080e00000|100%| O|  |TAMS 0x0000000080d00000, 0x0000000080d00000| Untracked 
|  14|0x0000000080e00000, 0x0000000080f00000, 0x0000000080f00000|100%| O|  |TAMS 0x0000000080e00000, 0x0000000080e00000| Untracked 
|  15|0x0000000080f00000, 0x0000000081000000, 0x0000000081000000|100%| O|  |TAMS 0x0000000080f00000, 0x0000000080f00000| Untracked 
|  16|0x0000000081000000, 0x0000000081100000, 0x0000000081100000|100%| O|  |TAMS 0x0000000081000000, 0x0000000081000000| Untracked 
|  17|0x0000000081100000, 0x0000000081177800, 0x0000000081200000| 46%| O|  |TAMS 0x0000000081100000, 0x0000000081100000| Untracked 
|  18|0x0000000081200000, 0x0000000081200000, 0x0000000081300000|  0%| F|  |TAMS 0x0000000081200000, 0x0000000081200000| Untracked 
|  19|0x0000000081300000, 0x0000000081300000, 0x0000000081400000|  0%| F|  |TAMS 0x0000000081300000, 0x0000000081300000| Untracked 
|  20|0x0000000081400000, 0x0000000081400000, 0x0000000081500000|  0%| F|  |TAMS 0x0000000081400000, 0x0000000081400000| Untracked 
|  21|0x0000000081500000, 0x0000000081500000, 0x0000000081600000|  0%| F|  |TAMS 0x0000000081500000, 0x0000000081500000| Untracked 
|  22|0x0000000081600000, 0x0000000081600000, 0x0000000081700000|  0%| F|  |TAMS 0x0000000081600000, 0x0000000081600000| Untracked 
|  23|0x0000000081700000, 0x0000000081700000, 0x0000000081800000|  0%| F|  |TAMS 0x0000000081700000, 0x0000000081700000| Untracked 
|  24|0x0000000081800000, 0x0000000081800000, 0x0000000081900000|  0%| F|  |TAMS 0x0000000081800000, 0x0000000081800000| Untracked 
|  25|0x0000000081900000, 0x0000000081900000, 0x0000000081a00000|  0%| F|  |TAMS 0x0000000081900000, 0x0000000081900000| Untracked 
|  26|0x0000000081a00000, 0x0000000081a00000, 0x0000000081b00000|  0%| F|  |TAMS 0x0000000081a00000, 0x0000000081a00000| Untracked 
|  27|0x0000000081b00000, 0x0000000081b00000, 0x0000000081c00000|  0%| F|  |TAMS 0x0000000081b00000, 0x0000000081b00000| Untracked 
|  28|0x0000000081c00000, 0x0000000081c00000, 0x0000000081d00000|  0%| F|  |TAMS 0x0000000081c00000, 0x0000000081c00000| Untracked 
|  29|0x0000000081d00000, 0x0000000081d00000, 0x0000000081e00000|  0%| F|  |TAMS 0x0000000081d00000, 0x0000000081d00000| Untracked 
|  30|0x0000000081e00000, 0x0000000081e00000, 0x0000000081f00000|  0%| F|  |TAMS 0x0000000081e00000, 0x0000000081e00000| Untracked 
|  31|0x0000000081f00000, 0x0000000081f00000, 0x0000000082000000|  0%| F|  |TAMS 0x0000000081f00000, 0x0000000081f00000| Untracked 
|  32|0x0000000082000000, 0x0000000082000000, 0x0000000082100000|  0%| F|  |TAMS 0x0000000082000000, 0x0000000082000000| Untracked 
|  33|0x0000000082100000, 0x0000000082100000, 0x0000000082200000|  0%| F|  |TAMS 0x0000000082100000, 0x0000000082100000| Untracked 
|  34|0x0000000082200000, 0x0000000082200000, 0x0000000082300000|  0%| F|  |TAMS 0x0000000082200000, 0x0000000082200000| Untracked 
|  35|0x0000000082300000, 0x0000000082300000, 0x0000000082400000|  0%| F|  |TAMS 0x0000000082300000, 0x0000000082300000| Untracked 
|  36|0x0000000082400000, 0x0000000082400000, 0x0000000082500000|  0%| F|  |TAMS 0x0000000082400000, 0x0000000082400000| Untracked 
|  37|0x0000000082500000, 0x0000000082500000, 0x0000000082600000|  0%| F|  |TAMS 0x0000000082500000, 0x0000000082500000| Untracked 
|  38|0x0000000082600000, 0x0000000082600000, 0x0000000082700000|  0%| F|  |TAMS 0x0000000082600000, 0x0000000082600000| Untracked 
|  39|0x0000000082700000, 0x0000000082700000, 0x0000000082800000|  0%| F|  |TAMS 0x0000000082700000, 0x0000000082700000| Untracked 
|  40|0x0000000082800000, 0x0000000082800000, 0x0000000082900000|  0%| F|  |TAMS 0x0000000082800000, 0x0000000082800000| Untracked 
|  41|0x0000000082900000, 0x0000000082900000, 0x0000000082a00000|  0%| F|  |TAMS 0x0000000082900000, 0x0000000082900000| Untracked 
|  42|0x0000000082a00000, 0x0000000082a00000, 0x0000000082b00000|  0%| F|  |TAMS 0x0000000082a00000, 0x0000000082a00000| Untracked 
|  43|0x0000000082b00000, 0x0000000082b00000, 0x0000000082c00000|  0%| F|  |TAMS 0x0000000082b00000, 0x0000000082b00000| Untracked 
|  44|0x0000000082c00000, 0x0000000082c00000, 0x0000000082d00000|  0%| F|  |TAMS 0x0000000082c00000, 0x0000000082c00000| Untracked 
|  45|0x0000000082d00000, 0x0000000082d00000, 0x0000000082e00000|  0%| F|  |TAMS 0x0000000082d00000, 0x0000000082d00000| Untracked 
|  46|0x0000000082e00000, 0x0000000082e00000, 0x0000000082f00000|  0%| F|  |TAMS 0x0000000082e00000, 0x0000000082e00000| Untracked 
|  47|0x0000000082f00000, 0x0000000082f00000, 0x0000000083000000|  0%| F|  |TAMS 0x0000000082f00000, 0x0000000082f00000| Untracked 
|  48|0x0000000083000000, 0x0000000083000000, 0x0000000083100000|  0%| F|  |TAMS 0x0000000083000000, 0x0000000083000000| Untracked 
|  49|0x0000000083100000, 0x0000000083100000, 0x0000000083200000|  0%| F|  |TAMS 0x0000000083100000, 0x0000000083100000| Untracked 
|  50|0x0000000083200000, 0x0000000083200000, 0x0000000083300000|  0%| F|  |TAMS 0x0000000083200000, 0x0000000083200000| Untracked 
|  51|0x0000000083300000, 0x0000000083300000, 0x0000000083400000|  0%| F|  |TAMS 0x0000000083300000, 0x0000000083300000| Untracked 
|  52|0x0000000083400000, 0x0000000083400000, 0x0000000083500000|  0%| F|  |TAMS 0x0000000083400000, 0x0000000083400000| Untracked 
|  53|0x0000000083500000, 0x0000000083500000, 0x0000000083600000|  0%| F|  |TAMS 0x0000000083500000, 0x0000000083500000| Untracked 
|  54|0x0000000083600000, 0x0000000083600000, 0x0000000083700000|  0%| F|  |TAMS 0x0000000083600000, 0x0000000083600000| Untracked 
|  55|0x0000000083700000, 0x0000000083700000, 0x0000000083800000|  0%| F|  |TAMS 0x0000000083700000, 0x0000000083700000| Untracked 
|  56|0x0000000083800000, 0x0000000083800000, 0x0000000083900000|  0%| F|  |TAMS 0x0000000083800000, 0x0000000083800000| Untracked 
|  57|0x0000000083900000, 0x0000000083900000, 0x0000000083a00000|  0%| F|  |TAMS 0x0000000083900000, 0x0000000083900000| Untracked 
|  58|0x0000000083a00000, 0x0000000083a00000, 0x0000000083b00000|  0%| F|  |TAMS 0x0000000083a00000, 0x0000000083a00000| Untracked 
|  59|0x0000000083b00000, 0x0000000083b00000, 0x0000000083c00000|  0%| F|  |TAMS 0x0000000083b00000, 0x0000000083b00000| Untracked 
|  60|0x0000000083c00000, 0x0000000083c00000, 0x0000000083d00000|  0%| F|  |TAMS 0x0000000083c00000, 0x0000000083c00000| Untracked 
|  61|0x0000000083d00000, 0x0000000083d00000, 0x0000000083e00000|  0%| F|  |TAMS 0x0000000083d00000, 0x0000000083d00000| Untracked 
|  62|0x0000000083e00000, 0x0000000083e00000, 0x0000000083f00000|  0%| F|  |TAMS 0x0000000083e00000, 0x0000000083e00000| Untracked 
|  63|0x0000000083f00000, 0x0000000083f00000, 0x0000000084000000|  0%| F|  |TAMS 0x0000000083f00000, 0x0000000083f00000| Untracked 
|  64|0x0000000084000000, 0x0000000084000000, 0x0000000084100000|  0%| F|  |TAMS 0x0000000084000000, 0x0000000084000000| Untracked 
|  65|0x0000000084100000, 0x0000000084100000, 0x0000000084200000|  0%| F|  |TAMS 0x0000000084100000, 0x0000000084100000| Untracked 
|  66|0x0000000084200000, 0x0000000084200000, 0x0000000084300000|  0%| F|  |TAMS 0x0000000084200000, 0x0000000084200000| Untracked 
|  67|0x0000000084300000, 0x0000000084300000, 0x0000000084400000|  0%| F|  |TAMS 0x0000000084300000, 0x0000000084300000| Untracked 
|  68|0x0000000084400000, 0x0000000084400000, 0x0000000084500000|  0%| F|  |TAMS 0x0000000084400000, 0x0000000084400000| Untracked 
|  69|0x0000000084500000, 0x0000000084500000, 0x0000000084600000|  0%| F|  |TAMS 0x0000000084500000, 0x0000000084500000| Untracked 
|  70|0x0000000084600000, 0x0000000084600000, 0x0000000084700000|  0%| F|  |TAMS 0x0000000084600000, 0x0000000084600000| Untracked 
|  71|0x0000000084700000, 0x0000000084700000, 0x0000000084800000|  0%| F|  |TAMS 0x0000000084700000, 0x0000000084700000| Untracked 
|  72|0x0000000084800000, 0x0000000084800000, 0x0000000084900000|  0%| F|  |TAMS 0x0000000084800000, 0x0000000084800000| Untracked 
|  73|0x0000000084900000, 0x0000000084900000, 0x0000000084a00000|  0%| F|  |TAMS 0x0000000084900000, 0x0000000084900000| Untracked 
|  74|0x0000000084a00000, 0x0000000084a00000, 0x0000000084b00000|  0%| F|  |TAMS 0x0000000084a00000, 0x0000000084a00000| Untracked 
|  75|0x0000000084b00000, 0x0000000084b00000, 0x0000000084c00000|  0%| F|  |TAMS 0x0000000084b00000, 0x0000000084b00000| Untracked 
|  76|0x0000000084c00000, 0x0000000084c00000, 0x0000000084d00000|  0%| F|  |TAMS 0x0000000084c00000, 0x0000000084c00000| Untracked 
|  77|0x0000000084d00000, 0x0000000084d00000, 0x0000000084e00000|  0%| F|  |TAMS 0x0000000084d00000, 0x0000000084d00000| Untracked 
|  78|0x0000000084e00000, 0x0000000084e00000, 0x0000000084f00000|  0%| F|  |TAMS 0x0000000084e00000, 0x0000000084e00000| Untracked 
|  79|0x0000000084f00000, 0x0000000084f00000, 0x0000000085000000|  0%| F|  |TAMS 0x0000000084f00000, 0x0000000084f00000| Untracked 
|  80|0x0000000085000000, 0x0000000085000000, 0x0000000085100000|  0%| F|  |TAMS 0x0000000085000000, 0x0000000085000000| Untracked 
|  81|0x0000000085100000, 0x0000000085100000, 0x0000000085200000|  0%| F|  |TAMS 0x0000000085100000, 0x0000000085100000| Untracked 
|  82|0x0000000085200000, 0x0000000085200000, 0x0000000085300000|  0%| F|  |TAMS 0x0000000085200000, 0x0000000085200000| Untracked 
|  83|0x0000000085300000, 0x0000000085300000, 0x0000000085400000|  0%| F|  |TAMS 0x0000000085300000, 0x0000000085300000| Untracked 
|  84|0x0000000085400000, 0x0000000085400000, 0x0000000085500000|  0%| F|  |TAMS 0x0000000085400000, 0x0000000085400000| Untracked 
|  85|0x0000000085500000, 0x0000000085500000, 0x0000000085600000|  0%| F|  |TAMS 0x0000000085500000, 0x0000000085500000| Untracked 
|  86|0x0000000085600000, 0x0000000085600000, 0x0000000085700000|  0%| F|  |TAMS 0x0000000085600000, 0x0000000085600000| Untracked 
|  87|0x0000000085700000, 0x0000000085700000, 0x0000000085800000|  0%| F|  |TAMS 0x0000000085700000, 0x0000000085700000| Untracked 
|  88|0x0000000085800000, 0x0000000085800000, 0x0000000085900000|  0%| F|  |TAMS 0x0000000085800000, 0x0000000085800000| Untracked 
|  89|0x0000000085900000, 0x0000000085900000, 0x0000000085a00000|  0%| F|  |TAMS 0x0000000085900000, 0x0000000085900000| Untracked 
|  90|0x0000000085a00000, 0x0000000085a00000, 0x0000000085b00000|  0%| F|  |TAMS 0x0000000085a00000, 0x0000000085a00000| Untracked 
|  91|0x0000000085b00000, 0x0000000085b00000, 0x0000000085c00000|  0%| F|  |TAMS 0x0000000085b00000, 0x0000000085b00000| Untracked 
|  92|0x0000000085c00000, 0x0000000085c00000, 0x0000000085d00000|  0%| F|  |TAMS 0x0000000085c00000, 0x0000000085c00000| Untracked 
|  93|0x0000000085d00000, 0x0000000085d00000, 0x0000000085e00000|  0%| F|  |TAMS 0x0000000085d00000, 0x0000000085d00000| Untracked 
|  94|0x0000000085e00000, 0x0000000085e00000, 0x0000000085f00000|  0%| F|  |TAMS 0x0000000085e00000, 0x0000000085e00000| Untracked 
|  95|0x0000000085f00000, 0x0000000085f00000, 0x0000000086000000|  0%| F|  |TAMS 0x0000000085f00000, 0x0000000085f00000| Untracked 
|  96|0x0000000086000000, 0x0000000086000000, 0x0000000086100000|  0%| F|  |TAMS 0x0000000086000000, 0x0000000086000000| Untracked 
|  97|0x0000000086100000, 0x0000000086100000, 0x0000000086200000|  0%| F|  |TAMS 0x0000000086100000, 0x0000000086100000| Untracked 
|  98|0x0000000086200000, 0x0000000086200000, 0x0000000086300000|  0%| F|  |TAMS 0x0000000086200000, 0x0000000086200000| Untracked 
|  99|0x0000000086300000, 0x0000000086300000, 0x0000000086400000|  0%| F|  |TAMS 0x0000000086300000, 0x0000000086300000| Untracked 
| 100|0x0000000086400000, 0x0000000086400000, 0x0000000086500000|  0%| F|  |TAMS 0x0000000086400000, 0x0000000086400000| Untracked 
| 101|0x0000000086500000, 0x0000000086500000, 0x0000000086600000|  0%| F|  |TAMS 0x0000000086500000, 0x0000000086500000| Untracked 
| 102|0x0000000086600000, 0x0000000086600000, 0x0000000086700000|  0%| F|  |TAMS 0x0000000086600000, 0x0000000086600000| Untracked 
| 103|0x0000000086700000, 0x0000000086700000, 0x0000000086800000|  0%| F|  |TAMS 0x0000000086700000, 0x0000000086700000| Untracked 
| 104|0x0000000086800000, 0x0000000086800000, 0x0000000086900000|  0%| F|  |TAMS 0x0000000086800000, 0x0000000086800000| Untracked 
| 105|0x0000000086900000, 0x0000000086900000, 0x0000000086a00000|  0%| F|  |TAMS 0x0000000086900000, 0x0000000086900000| Untracked 
| 106|0x0000000086a00000, 0x0000000086a00000, 0x0000000086b00000|  0%| F|  |TAMS 0x0000000086a00000, 0x0000000086a00000| Untracked 
| 107|0x0000000086b00000, 0x0000000086b00000, 0x0000000086c00000|  0%| F|  |TAMS 0x0000000086b00000, 0x0000000086b00000| Untracked 
| 108|0x0000000086c00000, 0x0000000086c00000, 0x0000000086d00000|  0%| F|  |TAMS 0x0000000086c00000, 0x0000000086c00000| Untracked 
| 109|0x0000000086d00000, 0x0000000086d00000, 0x0000000086e00000|  0%| F|  |TAMS 0x0000000086d00000, 0x0000000086d00000| Untracked 
| 110|0x0000000086e00000, 0x0000000086e00000, 0x0000000086f00000|  0%| F|  |TAMS 0x0000000086e00000, 0x0000000086e00000| Untracked 
| 111|0x0000000086f00000, 0x0000000086f00000, 0x0000000087000000|  0%| F|  |TAMS 0x0000000086f00000, 0x0000000086f00000| Untracked 
| 112|0x0000000087000000, 0x0000000087000000, 0x0000000087100000|  0%| F|  |TAMS 0x0000000087000000, 0x0000000087000000| Untracked 
| 113|0x0000000087100000, 0x0000000087100000, 0x0000000087200000|  0%| F|  |TAMS 0x0000000087100000, 0x0000000087100000| Untracked 
| 114|0x0000000087200000, 0x0000000087200000, 0x0000000087300000|  0%| F|  |TAMS 0x0000000087200000, 0x0000000087200000| Untracked 
| 115|0x0000000087300000, 0x0000000087300000, 0x0000000087400000|  0%| F|  |TAMS 0x0000000087300000, 0x0000000087300000| Untracked 
| 116|0x0000000087400000, 0x0000000087400000, 0x0000000087500000|  0%| F|  |TAMS 0x0000000087400000, 0x0000000087400000| Untracked 
| 117|0x0000000087500000, 0x0000000087500000, 0x0000000087600000|  0%| F|  |TAMS 0x0000000087500000, 0x0000000087500000| Untracked 
| 118|0x0000000087600000, 0x0000000087600000, 0x0000000087700000|  0%| F|  |TAMS 0x0000000087600000, 0x0000000087600000| Untracked 
| 119|0x0000000087700000, 0x0000000087700000, 0x0000000087800000|  0%| F|  |TAMS 0x0000000087700000, 0x0000000087700000| Untracked 
| 120|0x0000000087800000, 0x0000000087800000, 0x0000000087900000|  0%| F|  |TAMS 0x0000000087800000, 0x0000000087800000| Untracked 
| 121|0x0000000087900000, 0x0000000087900000, 0x0000000087a00000|  0%| F|  |TAMS 0x0000000087900000, 0x0000000087900000| Untracked 
| 122|0x0000000087a00000, 0x0000000087a00000, 0x0000000087b00000|  0%| F|  |TAMS 0x0000000087a00000, 0x0000000087a00000| Untracked 
| 123|0x0000000087b00000, 0x0000000087b00000, 0x0000000087c00000|  0%| F|  |TAMS 0x0000000087b00000, 0x0000000087b00000| Untracked 
| 124|0x0000000087c00000, 0x0000000087c00000, 0x0000000087d00000|  0%| F|  |TAMS 0x0000000087c00000, 0x0000000087c00000| Untracked 
| 125|0x0000000087d00000, 0x0000000087d00000, 0x0000000087e00000|  0%| F|  |TAMS 0x0000000087d00000, 0x0000000087d00000| Untracked 
| 126|0x0000000087e00000, 0x0000000087e00000, 0x0000000087f00000|  0%| F|  |TAMS 0x0000000087e00000, 0x0000000087e00000| Untracked 
| 127|0x0000000087f00000, 0x0000000087f00000, 0x0000000088000000|  0%| F|  |TAMS 0x0000000087f00000, 0x0000000087f00000| Untracked 
| 128|0x0000000088000000, 0x0000000088000000, 0x0000000088100000|  0%| F|  |TAMS 0x0000000088000000, 0x0000000088000000| Untracked 
| 129|0x0000000088100000, 0x0000000088100000, 0x0000000088200000|  0%| F|  |TAMS 0x0000000088100000, 0x0000000088100000| Untracked 
| 130|0x0000000088200000, 0x0000000088200000, 0x0000000088300000|  0%| F|  |TAMS 0x0000000088200000, 0x0000000088200000| Untracked 
| 131|0x0000000088300000, 0x0000000088300000, 0x0000000088400000|  0%| F|  |TAMS 0x0000000088300000, 0x0000000088300000| Untracked 
| 132|0x0000000088400000, 0x0000000088400000, 0x0000000088500000|  0%| F|  |TAMS 0x0000000088400000, 0x0000000088400000| Untracked 
| 133|0x0000000088500000, 0x0000000088500000, 0x0000000088600000|  0%| F|  |TAMS 0x0000000088500000, 0x0000000088500000| Untracked 
| 134|0x0000000088600000, 0x0000000088600000, 0x0000000088700000|  0%| F|  |TAMS 0x0000000088600000, 0x0000000088600000| Untracked 
| 135|0x0000000088700000, 0x0000000088700000, 0x0000000088800000|  0%| F|  |TAMS 0x0000000088700000, 0x0000000088700000| Untracked 
| 136|0x0000000088800000, 0x0000000088800000, 0x0000000088900000|  0%| F|  |TAMS 0x0000000088800000, 0x0000000088800000| Untracked 
| 137|0x0000000088900000, 0x0000000088900000, 0x0000000088a00000|  0%| F|  |TAMS 0x0000000088900000, 0x0000000088900000| Untracked 
| 138|0x0000000088a00000, 0x0000000088a00000, 0x0000000088b00000|  0%| F|  |TAMS 0x0000000088a00000, 0x0000000088a00000| Untracked 
| 139|0x0000000088b00000, 0x0000000088b00000, 0x0000000088c00000|  0%| F|  |TAMS 0x0000000088b00000, 0x0000000088b00000| Untracked 
| 140|0x0000000088c00000, 0x0000000088c00000, 0x0000000088d00000|  0%| F|  |TAMS 0x0000000088c00000, 0x0000000088c00000| Untracked 
| 141|0x0000000088d00000, 0x0000000088d00000, 0x0000000088e00000|  0%| F|  |TAMS 0x0000000088d00000, 0x0000000088d00000| Untracked 
| 142|0x0000000088e00000, 0x0000000088e00000, 0x0000000088f00000|  0%| F|  |TAMS 0x0000000088e00000, 0x0000000088e00000| Untracked 
| 143|0x0000000088f00000, 0x0000000088f00000, 0x0000000089000000|  0%| F|  |TAMS 0x0000000088f00000, 0x0000000088f00000| Untracked 
| 144|0x0000000089000000, 0x0000000089000000, 0x0000000089100000|  0%| F|  |TAMS 0x0000000089000000, 0x0000000089000000| Untracked 
| 145|0x0000000089100000, 0x0000000089100000, 0x0000000089200000|  0%| F|  |TAMS 0x0000000089100000, 0x0000000089100000| Untracked 
| 146|0x0000000089200000, 0x0000000089200000, 0x0000000089300000|  0%| F|  |TAMS 0x0000000089200000, 0x0000000089200000| Untracked 
| 147|0x0000000089300000, 0x0000000089300000, 0x0000000089400000|  0%| F|  |TAMS 0x0000000089300000, 0x0000000089300000| Untracked 
| 148|0x0000000089400000, 0x0000000089400000, 0x0000000089500000|  0%| F|  |TAMS 0x0000000089400000, 0x0000000089400000| Untracked 
| 149|0x0000000089500000, 0x0000000089500000, 0x0000000089600000|  0%| F|  |TAMS 0x0000000089500000, 0x0000000089500000| Untracked 
| 150|0x0000000089600000, 0x0000000089600000, 0x0000000089700000|  0%| F|  |TAMS 0x0000000089600000, 0x0000000089600000| Untracked 
| 151|0x0000000089700000, 0x0000000089700000, 0x0000000089800000|  0%| F|  |TAMS 0x0000000089700000, 0x0000000089700000| Untracked 
| 152|0x0000000089800000, 0x0000000089800000, 0x0000000089900000|  0%| F|  |TAMS 0x0000000089800000, 0x0000000089800000| Untracked 
| 153|0x0000000089900000, 0x0000000089900000, 0x0000000089a00000|  0%| F|  |TAMS 0x0000000089900000, 0x0000000089900000| Untracked 
| 154|0x0000000089a00000, 0x0000000089a00000, 0x0000000089b00000|  0%| F|  |TAMS 0x0000000089a00000, 0x0000000089a00000| Untracked 
| 155|0x0000000089b00000, 0x0000000089b00000, 0x0000000089c00000|  0%| F|  |TAMS 0x0000000089b00000, 0x0000000089b00000| Untracked 
| 156|0x0000000089c00000, 0x0000000089c00000, 0x0000000089d00000|  0%| F|  |TAMS 0x0000000089c00000, 0x0000000089c00000| Untracked 
| 157|0x0000000089d00000, 0x0000000089d00000, 0x0000000089e00000|  0%| F|  |TAMS 0x0000000089d00000, 0x0000000089d00000| Untracked 
| 158|0x0000000089e00000, 0x0000000089e00000, 0x0000000089f00000|  0%| F|  |TAMS 0x0000000089e00000, 0x0000000089e00000| Untracked 
| 159|0x0000000089f00000, 0x0000000089f00000, 0x000000008a000000|  0%| F|  |TAMS 0x0000000089f00000, 0x0000000089f00000| Untracked 
| 160|0x000000008a000000, 0x000000008a000000, 0x000000008a100000|  0%| F|  |TAMS 0x000000008a000000, 0x000000008a000000| Untracked 
| 161|0x000000008a100000, 0x000000008a100000, 0x000000008a200000|  0%| F|  |TAMS 0x000000008a100000, 0x000000008a100000| Untracked 
| 162|0x000000008a200000, 0x000000008a200000, 0x000000008a300000|  0%| F|  |TAMS 0x000000008a200000, 0x000000008a200000| Untracked 
| 163|0x000000008a300000, 0x000000008a300000, 0x000000008a400000|  0%| F|  |TAMS 0x000000008a300000, 0x000000008a300000| Untracked 
| 164|0x000000008a400000, 0x000000008a400000, 0x000000008a500000|  0%| F|  |TAMS 0x000000008a400000, 0x000000008a400000| Untracked 
| 165|0x000000008a500000, 0x000000008a500000, 0x000000008a600000|  0%| F|  |TAMS 0x000000008a500000, 0x000000008a500000| Untracked 
| 166|0x000000008a600000, 0x000000008a600000, 0x000000008a700000|  0%| F|  |TAMS 0x000000008a600000, 0x000000008a600000| Untracked 
| 167|0x000000008a700000, 0x000000008a700000, 0x000000008a800000|  0%| F|  |TAMS 0x000000008a700000, 0x000000008a700000| Untracked 
| 168|0x000000008a800000, 0x000000008a900000, 0x000000008a900000|100%| E|  |TAMS 0x000000008a800000, 0x000000008a800000| Complete 
| 169|0x000000008a900000, 0x000000008aa00000, 0x000000008aa00000|100%| E|CS|TAMS 0x000000008a900000, 0x000000008a900000| Complete 
| 170|0x000000008aa00000, 0x000000008ab00000, 0x000000008ab00000|100%| E|CS|TAMS 0x000000008aa00000, 0x000000008aa00000| Complete 
| 171|0x000000008ab00000, 0x000000008ac00000, 0x000000008ac00000|100%| E|CS|TAMS 0x000000008ab00000, 0x000000008ab00000| Complete 
| 172|0x000000008ac00000, 0x000000008ad00000, 0x000000008ad00000|100%| E|CS|TAMS 0x000000008ac00000, 0x000000008ac00000| Complete 
| 173|0x000000008ad00000, 0x000000008ae00000, 0x000000008ae00000|100%| E|CS|TAMS 0x000000008ad00000, 0x000000008ad00000| Complete 
| 174|0x000000008ae00000, 0x000000008af00000, 0x000000008af00000|100%| E|CS|TAMS 0x000000008ae00000, 0x000000008ae00000| Complete 
| 175|0x000000008af00000, 0x000000008b000000, 0x000000008b000000|100%| E|CS|TAMS 0x000000008af00000, 0x000000008af00000| Complete 
| 176|0x000000008b000000, 0x000000008b100000, 0x000000008b100000|100%| E|CS|TAMS 0x000000008b000000, 0x000000008b000000| Complete 
| 177|0x000000008b100000, 0x000000008b200000, 0x000000008b200000|100%| E|CS|TAMS 0x000000008b100000, 0x000000008b100000| Complete 
| 178|0x000000008b200000, 0x000000008b300000, 0x000000008b300000|100%| E|CS|TAMS 0x000000008b200000, 0x000000008b200000| Complete 
| 179|0x000000008b300000, 0x000000008b400000, 0x000000008b400000|100%| E|CS|TAMS 0x000000008b300000, 0x000000008b300000| Complete 
| 180|0x000000008b400000, 0x000000008b500000, 0x000000008b500000|100%| E|CS|TAMS 0x000000008b400000, 0x000000008b400000| Complete 
| 181|0x000000008b500000, 0x000000008b600000, 0x000000008b600000|100%| E|CS|TAMS 0x000000008b500000, 0x000000008b500000| Complete 
| 182|0x000000008b600000, 0x000000008b700000, 0x000000008b700000|100%| E|CS|TAMS 0x000000008b600000, 0x000000008b600000| Complete 
| 183|0x000000008b700000, 0x000000008b800000, 0x000000008b800000|100%| E|CS|TAMS 0x000000008b700000, 0x000000008b700000| Complete 
| 184|0x000000008b800000, 0x000000008b900000, 0x000000008b900000|100%| E|CS|TAMS 0x000000008b800000, 0x000000008b800000| Complete 
| 185|0x000000008b900000, 0x000000008ba00000, 0x000000008ba00000|100%| E|CS|TAMS 0x000000008b900000, 0x000000008b900000| Complete 
| 186|0x000000008ba00000, 0x000000008bb00000, 0x000000008bb00000|100%| E|CS|TAMS 0x000000008ba00000, 0x000000008ba00000| Complete 
| 187|0x000000008bb00000, 0x000000008bc00000, 0x000000008bc00000|100%| E|CS|TAMS 0x000000008bb00000, 0x000000008bb00000| Complete 
| 188|0x000000008bc00000, 0x000000008bd00000, 0x000000008bd00000|100%| E|CS|TAMS 0x000000008bc00000, 0x000000008bc00000| Complete 
| 189|0x000000008bd00000, 0x000000008be00000, 0x000000008be00000|100%| E|CS|TAMS 0x000000008bd00000, 0x000000008bd00000| Complete 
| 190|0x000000008be00000, 0x000000008bf00000, 0x000000008bf00000|100%| E|CS|TAMS 0x000000008be00000, 0x000000008be00000| Complete 
| 191|0x000000008bf00000, 0x000000008c000000, 0x000000008c000000|100%| E|CS|TAMS 0x000000008bf00000, 0x000000008bf00000| Complete 
| 192|0x000000008c000000, 0x000000008c100000, 0x000000008c100000|100%| E|CS|TAMS 0x000000008c000000, 0x000000008c000000| Complete 
| 193|0x000000008c100000, 0x000000008c200000, 0x000000008c200000|100%| E|CS|TAMS 0x000000008c100000, 0x000000008c100000| Complete 
| 194|0x000000008c200000, 0x000000008c300000, 0x000000008c300000|100%| E|CS|TAMS 0x000000008c200000, 0x000000008c200000| Complete 
| 195|0x000000008c300000, 0x000000008c400000, 0x000000008c400000|100%| E|CS|TAMS 0x000000008c300000, 0x000000008c300000| Complete 
| 196|0x000000008c400000, 0x000000008c500000, 0x000000008c500000|100%| E|CS|TAMS 0x000000008c400000, 0x000000008c400000| Complete 
| 197|0x000000008c500000, 0x000000008c600000, 0x000000008c600000|100%| E|CS|TAMS 0x000000008c500000, 0x000000008c500000| Complete 
| 198|0x000000008c600000, 0x000000008c700000, 0x000000008c700000|100%| E|CS|TAMS 0x000000008c600000, 0x000000008c600000| Complete 
| 199|0x000000008c700000, 0x000000008c800000, 0x000000008c800000|100%| E|CS|TAMS 0x000000008c700000, 0x000000008c700000| Complete 
| 200|0x000000008c800000, 0x000000008c900000, 0x000000008c900000|100%| E|CS|TAMS 0x000000008c800000, 0x000000008c800000| Complete 
| 201|0x000000008c900000, 0x000000008ca00000, 0x000000008ca00000|100%| E|CS|TAMS 0x000000008c900000, 0x000000008c900000| Complete 
| 202|0x000000008ca00000, 0x000000008cb00000, 0x000000008cb00000|100%| E|CS|TAMS 0x000000008ca00000, 0x000000008ca00000| Complete 
| 203|0x000000008cb00000, 0x000000008cc00000, 0x000000008cc00000|100%| E|CS|TAMS 0x000000008cb00000, 0x000000008cb00000| Complete 
| 204|0x000000008cc00000, 0x000000008cd00000, 0x000000008cd00000|100%| E|CS|TAMS 0x000000008cc00000, 0x000000008cc00000| Complete 
| 205|0x000000008cd00000, 0x000000008ce00000, 0x000000008ce00000|100%| E|CS|TAMS 0x000000008cd00000, 0x000000008cd00000| Complete 
| 206|0x000000008ce00000, 0x000000008cf00000, 0x000000008cf00000|100%| E|CS|TAMS 0x000000008ce00000, 0x000000008ce00000| Complete 
| 207|0x000000008cf00000, 0x000000008d000000, 0x000000008d000000|100%| E|CS|TAMS 0x000000008cf00000, 0x000000008cf00000| Complete 
| 208|0x000000008d000000, 0x000000008d100000, 0x000000008d100000|100%| E|CS|TAMS 0x000000008d000000, 0x000000008d000000| Complete 
| 209|0x000000008d100000, 0x000000008d200000, 0x000000008d200000|100%| E|CS|TAMS 0x000000008d100000, 0x000000008d100000| Complete 
| 210|0x000000008d200000, 0x000000008d300000, 0x000000008d300000|100%| E|CS|TAMS 0x000000008d200000, 0x000000008d200000| Complete 
| 211|0x000000008d300000, 0x000000008d400000, 0x000000008d400000|100%| E|CS|TAMS 0x000000008d300000, 0x000000008d300000| Complete 
| 212|0x000000008d400000, 0x000000008d500000, 0x000000008d500000|100%| E|CS|TAMS 0x000000008d400000, 0x000000008d400000| Complete 
| 213|0x000000008d500000, 0x000000008d600000, 0x000000008d600000|100%| E|CS|TAMS 0x000000008d500000, 0x000000008d500000| Complete 
| 214|0x000000008d600000, 0x000000008d700000, 0x000000008d700000|100%| E|CS|TAMS 0x000000008d600000, 0x000000008d600000| Complete 
| 215|0x000000008d700000, 0x000000008d800000, 0x000000008d800000|100%| E|CS|TAMS 0x000000008d700000, 0x000000008d700000| Complete 
| 216|0x000000008d800000, 0x000000008d900000, 0x000000008d900000|100%| E|CS|TAMS 0x000000008d800000, 0x000000008d800000| Complete 
| 217|0x000000008d900000, 0x000000008da00000, 0x000000008da00000|100%| E|CS|TAMS 0x000000008d900000, 0x000000008d900000| Complete 
| 218|0x000000008da00000, 0x000000008db00000, 0x000000008db00000|100%| E|CS|TAMS 0x000000008da00000, 0x000000008da00000| Complete 
| 219|0x000000008db00000, 0x000000008dc00000, 0x000000008dc00000|100%| E|CS|TAMS 0x000000008db00000, 0x000000008db00000| Complete 
| 220|0x000000008dc00000, 0x000000008dd00000, 0x000000008dd00000|100%| E|CS|TAMS 0x000000008dc00000, 0x000000008dc00000| Complete 
| 221|0x000000008dd00000, 0x000000008de00000, 0x000000008de00000|100%| E|CS|TAMS 0x000000008dd00000, 0x000000008dd00000| Complete 
| 222|0x000000008de00000, 0x000000008dea6b00, 0x000000008df00000| 65%| S|CS|TAMS 0x000000008de00000, 0x000000008de00000| Complete 
| 223|0x000000008df00000, 0x000000008e000000, 0x000000008e000000|100%| S|CS|TAMS 0x000000008df00000, 0x000000008df00000| Complete 
| 224|0x000000008e000000, 0x000000008e100000, 0x000000008e100000|100%| E|CS|TAMS 0x000000008e000000, 0x000000008e000000| Complete 
| 225|0x000000008e100000, 0x000000008e200000, 0x000000008e200000|100%| E|CS|TAMS 0x000000008e100000, 0x000000008e100000| Complete 
| 226|0x000000008e200000, 0x000000008e300000, 0x000000008e300000|100%| E|CS|TAMS 0x000000008e200000, 0x000000008e200000| Complete 
| 227|0x000000008e300000, 0x000000008e400000, 0x000000008e400000|100%| E|CS|TAMS 0x000000008e300000, 0x000000008e300000| Complete 
| 228|0x000000008e400000, 0x000000008e500000, 0x000000008e500000|100%| E|CS|TAMS 0x000000008e400000, 0x000000008e400000| Complete 
| 229|0x000000008e500000, 0x000000008e600000, 0x000000008e600000|100%| E|CS|TAMS 0x000000008e500000, 0x000000008e500000| Complete 
| 230|0x000000008e600000, 0x000000008e700000, 0x000000008e700000|100%| E|CS|TAMS 0x000000008e600000, 0x000000008e600000| Complete 
| 231|0x000000008e700000, 0x000000008e800000, 0x000000008e800000|100%| E|CS|TAMS 0x000000008e700000, 0x000000008e700000| Complete 
| 232|0x000000008e800000, 0x000000008e900000, 0x000000008e900000|100%| E|CS|TAMS 0x000000008e800000, 0x000000008e800000| Complete 
| 233|0x000000008e900000, 0x000000008ea00000, 0x000000008ea00000|100%| E|CS|TAMS 0x000000008e900000, 0x000000008e900000| Complete 
| 234|0x000000008ea00000, 0x000000008eb00000, 0x000000008eb00000|100%| E|CS|TAMS 0x000000008ea00000, 0x000000008ea00000| Complete 
| 235|0x000000008eb00000, 0x000000008ec00000, 0x000000008ec00000|100%| E|CS|TAMS 0x000000008eb00000, 0x000000008eb00000| Complete 
| 236|0x000000008ec00000, 0x000000008ed00000, 0x000000008ed00000|100%| E|CS|TAMS 0x000000008ec00000, 0x000000008ec00000| Complete 
| 237|0x000000008ed00000, 0x000000008ee00000, 0x000000008ee00000|100%| E|CS|TAMS 0x000000008ed00000, 0x000000008ed00000| Complete 
| 238|0x000000008ee00000, 0x000000008ef00000, 0x000000008ef00000|100%| E|CS|TAMS 0x000000008ee00000, 0x000000008ee00000| Complete 
| 239|0x000000008ef00000, 0x000000008f000000, 0x000000008f000000|100%| E|CS|TAMS 0x000000008ef00000, 0x000000008ef00000| Complete 
| 240|0x000000008f000000, 0x000000008f100000, 0x000000008f100000|100%| E|CS|TAMS 0x000000008f000000, 0x000000008f000000| Complete 
| 241|0x000000008f100000, 0x000000008f200000, 0x000000008f200000|100%| E|CS|TAMS 0x000000008f100000, 0x000000008f100000| Complete 
| 242|0x000000008f200000, 0x000000008f300000, 0x000000008f300000|100%| E|CS|TAMS 0x000000008f200000, 0x000000008f200000| Complete 
| 243|0x000000008f300000, 0x000000008f400000, 0x000000008f400000|100%| E|CS|TAMS 0x000000008f300000, 0x000000008f300000| Complete 
| 244|0x000000008f400000, 0x000000008f500000, 0x000000008f500000|100%| E|CS|TAMS 0x000000008f400000, 0x000000008f400000| Complete 
| 245|0x000000008f500000, 0x000000008f600000, 0x000000008f600000|100%| E|CS|TAMS 0x000000008f500000, 0x000000008f500000| Complete 
| 246|0x000000008f600000, 0x000000008f700000, 0x000000008f700000|100%| E|CS|TAMS 0x000000008f600000, 0x000000008f600000| Complete 
| 247|0x000000008f700000, 0x000000008f800000, 0x000000008f800000|100%| E|CS|TAMS 0x000000008f700000, 0x000000008f700000| Complete 
| 248|0x000000008f800000, 0x000000008f900000, 0x000000008f900000|100%| E|CS|TAMS 0x000000008f800000, 0x000000008f800000| Complete 
| 249|0x000000008f900000, 0x000000008fa00000, 0x000000008fa00000|100%| E|CS|TAMS 0x000000008f900000, 0x000000008f900000| Complete 
| 250|0x000000008fa00000, 0x000000008fb00000, 0x000000008fb00000|100%| E|CS|TAMS 0x000000008fa00000, 0x000000008fa00000| Complete 
| 251|0x000000008fb00000, 0x000000008fc00000, 0x000000008fc00000|100%| E|CS|TAMS 0x000000008fb00000, 0x000000008fb00000| Complete 
| 252|0x000000008fc00000, 0x000000008fd00000, 0x000000008fd00000|100%| E|CS|TAMS 0x000000008fc00000, 0x000000008fc00000| Complete 
| 253|0x000000008fd00000, 0x000000008fe00000, 0x000000008fe00000|100%| E|CS|TAMS 0x000000008fd00000, 0x000000008fd00000| Complete 
| 254|0x000000008fe00000, 0x000000008ff00000, 0x000000008ff00000|100%| E|CS|TAMS 0x000000008fe00000, 0x000000008fe00000| Complete 
| 255|0x000000008ff00000, 0x0000000090000000, 0x0000000090000000|100%| E|CS|TAMS 0x000000008ff00000, 0x000000008ff00000| Complete 

Card table byte_map: [0x00000204a7e50000,0x00000204a8250000] _byte_map_base: 0x00000204a7a50000

Marking Bits (Prev, Next): (CMBitMap*) 0x000002048ffe5bf0, (CMBitMap*) 0x000002048ffe5bb8
 Prev Bits: [0x00000204aa650000, 0x00000204ac650000)
 Next Bits: [0x00000204a8650000, 0x00000204aa650000)

Polling page: 0x000002048df50000

Metaspace:

Usage:
  Non-class:     27.96 MB capacity,    27.51 MB ( 98%) used,   382.54 KB (  1%) free+waste,    76.31 KB ( <1%) overhead. 
      Class:      4.48 MB capacity,     4.19 MB ( 94%) used,   255.98 KB (  6%) free+waste,    38.56 KB ( <1%) overhead. 
       Both:     32.44 MB capacity,    31.70 MB ( 98%) used,   638.52 KB (  2%) free+waste,   114.88 KB ( <1%) overhead. 

Virtual space:
  Non-class space:       30.00 MB reserved,      28.17 MB ( 94%) committed 
      Class space:      504.00 MB reserved,       4.50 MB ( <1%) committed 
             Both:      534.00 MB reserved,      32.67 MB (  6%) committed 

Chunk freelists:
   Non-Class:  27.00 KB
       Class:  0 bytes
        Both:  27.00 KB

MaxMetaspaceSize: 512.00 MB
CompressedClassSpaceSize: 504.00 MB
Initial GC threshold: 20.80 MB
Current GC threshold: 35.08 MB
CDS: off

CodeHeap 'non-profiled nmethods': size=120000Kb used=1449Kb max_used=1449Kb free=118550Kb
 bounds [0x00000204a01f0000, 0x00000204a0460000, 0x00000204a7720000]
CodeHeap 'profiled nmethods': size=120000Kb used=5765Kb max_used=5765Kb free=114234Kb
 bounds [0x0000020498cc0000, 0x0000020499270000, 0x00000204a01f0000]
CodeHeap 'non-nmethods': size=5760Kb used=1238Kb max_used=1286Kb free=4522Kb
 bounds [0x0000020498720000, 0x0000020498990000, 0x0000020498cc0000]
 total_blobs=3262 nmethods=2746 adapters=428
 compilation: enabled
              stopped_count=0, restarted_count=0
 full_count=0

Compilation events (20 events):
Event: 3.182 Thread 0x00000204af982000 nmethod 2722 0x0000020499255690 code [0x0000020499255a60, 0x00000204992570d8]
Event: 3.184 Thread 0x00000204af982000 2725       3       jdk.internal.org.objectweb.asm.MethodWriter::visitFrame (233 bytes)
Event: 3.185 Thread 0x00000204af982000 nmethod 2725 0x0000020499257d90 code [0x0000020499257fc0, 0x0000020499258778]
Event: 3.185 Thread 0x00000204af982000 2728       3       java.lang.invoke.LambdaForm::methodType (48 bytes)
Event: 3.186 Thread 0x00000204af982000 nmethod 2728 0x0000020499258b10 code [0x0000020499258d20, 0x00000204992592d8]
Event: 3.205 Thread 0x00000204b096a000 nmethod 2706 0x00000204a0353610 code [0x00000204a0353820, 0x00000204a0354988]
Event: 3.205 Thread 0x00000204b096a000 2709       4       org.objectweb.asm.Symbol::<init> (38 bytes)
Event: 3.209 Thread 0x00000204b096a000 nmethod 2709 0x00000204a0355310 code [0x00000204a03554a0, 0x00000204a0355778]
Event: 3.233 Thread 0x00000204af982000 2729       3       java.lang.Class::searchFields (43 bytes)
Event: 3.233 Thread 0x00000204af982000 nmethod 2729 0x0000020499259590 code [0x0000020499259760, 0x00000204992599e8]
Event: 3.255 Thread 0x00000204af982000 2730       3       java.io.DataInputStream::readInt (72 bytes)
Event: 3.255 Thread 0x00000204af982000 nmethod 2730 0x0000020499259b90 code [0x0000020499259da0, 0x000002049925a308]
Event: 3.256 Thread 0x00000204b096a000 2731       4       java.lang.String::equalsIgnoreCase (45 bytes)
Event: 3.263 Thread 0x00000204af982000 2733       3       org.codehaus.groovy.reflection.GeneratedMetaMethod$DgmMethodRecord::<init> (5 bytes)
Event: 3.264 Thread 0x00000204af982000 nmethod 2733 0x000002049925a510 code [0x000002049925a6c0, 0x000002049925a818]
Event: 3.266 Thread 0x00000204b096a000 nmethod 2731 0x00000204a0355810 code [0x00000204a03559c0, 0x00000204a0355f78]
Event: 3.266 Thread 0x00000204b096a000 2734       4       java.io.DataInputStream::readUTF (501 bytes)
Event: 3.304 Thread 0x00000204af982000 2737       3       java.lang.PublicMethods$MethodList::length (24 bytes)
Event: 3.304 Thread 0x00000204af982000 nmethod 2737 0x000002049925a910 code [0x000002049925aac0, 0x000002049925ac78]
Event: 3.304 Thread 0x00000204af982000 2738       3       java.lang.PublicMethods::merge (81 bytes)

GC Heap History (6 events):
Event: 0.567 GC heap before
{Heap before GC invocations=0 (full 0):
 garbage-first heap   total 262144K, used 27648K [0x0000000080000000, 0x0000000100000000)
  region size 1024K, 24 young (24576K), 0 survivors (0K)
 Metaspace       used 9785K, capacity 10016K, committed 10112K, reserved 526336K
  class space    used 999K, capacity 1069K, committed 1152K, reserved 516096K
}
Event: 0.570 GC heap after
{Heap after GC invocations=1 (full 0):
 garbage-first heap   total 262144K, used 10383K [0x0000000080000000, 0x0000000100000000)
  region size 1024K, 3 young (3072K), 3 survivors (3072K)
 Metaspace       used 9785K, capacity 10016K, committed 10112K, reserved 526336K
  class space    used 999K, capacity 1069K, committed 1152K, reserved 516096K
}
Event: 2.041 GC heap before
{Heap before GC invocations=1 (full 0):
 garbage-first heap   total 262144K, used 103567K [0x0000000080000000, 0x0000000100000000)
  region size 1024K, 94 young (96256K), 3 survivors (3072K)
 Metaspace       used 20820K, capacity 21188K, committed 21296K, reserved 536576K
  class space    used 2488K, capacity 2652K, committed 2688K, reserved 516096K
}
Event: 2.051 GC heap after
{Heap after GC invocations=2 (full 0):
 garbage-first heap   total 262144K, used 18125K [0x0000000080000000, 0x0000000100000000)
  region size 1024K, 11 young (11264K), 11 survivors (11264K)
 Metaspace       used 20820K, capacity 21188K, committed 21296K, reserved 536576K
  class space    used 2488K, capacity 2652K, committed 2688K, reserved 516096K
}
Event: 2.345 GC heap before
{Heap before GC invocations=3 (full 0):
 garbage-first heap   total 262144K, used 50893K [0x0000000080000000, 0x0000000100000000)
  region size 1024K, 43 young (44032K), 11 survivors (11264K)
 Metaspace       used 23932K, capacity 24437K, committed 24752K, reserved 538624K
  class space    used 2991K, capacity 3205K, committed 3328K, reserved 516096K
}
Event: 2.353 GC heap after
{Heap after GC invocations=4 (full 0):
 garbage-first heap   total 262144K, used 19576K [0x0000000080000000, 0x0000000100000000)
  region size 1024K, 2 young (2048K), 2 survivors (2048K)
 Metaspace       used 23932K, capacity 24437K, committed 24752K, reserved 538624K
  class space    used 2991K, capacity 3205K, committed 3328K, reserved 516096K
}

Deoptimization events (20 events):
Event: 3.156 Thread 0x00000204b1f4f000 Uncommon trap: trap_request=0xffffff4d fr.pc=0x00000204a02cf154 relative=0x0000000000000374
Event: 3.156 Thread 0x00000204b1f4f000 Uncommon trap: reason=unstable_if action=reinterpret pc=0x00000204a02cf154 method=java.util.HashMap.putVal(ILjava/lang/Object;Ljava/lang/Object;ZZ)Ljava/lang/Object; @ 162 c2
Event: 3.156 Thread 0x00000204b1f4f000 DEOPT PACKING pc=0x00000204a02cf154 sp=0x000000736d2fa860
Event: 3.156 Thread 0x00000204b1f4f000 DEOPT UNPACKING pc=0x000002049876a1af sp=0x000000736d2fa7e0 mode 2
Event: 3.263 Thread 0x00000204b1f4f000 Uncommon trap: trap_request=0xffffffde fr.pc=0x00000204a02d6490 relative=0x00000000000012b0
Event: 3.263 Thread 0x00000204b1f4f000 Uncommon trap: reason=class_check action=maybe_recompile pc=0x00000204a02d6490 method=java.io.BufferedInputStream.read([BII)I @ 101 c2
Event: 3.263 Thread 0x00000204b1f4f000 DEOPT PACKING pc=0x00000204a02d6490 sp=0x000000736d2f9600
Event: 3.263 Thread 0x00000204b1f4f000 DEOPT UNPACKING pc=0x000002049876a1af sp=0x000000736d2f94c0 mode 2
Event: 3.263 Thread 0x00000204b1f4f000 Uncommon trap: trap_request=0xffffffde fr.pc=0x00000204a02d6490 relative=0x00000000000012b0
Event: 3.263 Thread 0x00000204b1f4f000 Uncommon trap: reason=class_check action=maybe_recompile pc=0x00000204a02d6490 method=java.io.BufferedInputStream.read([BII)I @ 101 c2
Event: 3.263 Thread 0x00000204b1f4f000 DEOPT PACKING pc=0x00000204a02d6490 sp=0x000000736d2f9600
Event: 3.263 Thread 0x00000204b1f4f000 DEOPT UNPACKING pc=0x000002049876a1af sp=0x000000736d2f94c0 mode 2
Event: 3.264 Thread 0x00000204b1f4f000 Uncommon trap: trap_request=0xffffffde fr.pc=0x00000204a02d6490 relative=0x00000000000012b0
Event: 3.264 Thread 0x00000204b1f4f000 Uncommon trap: reason=class_check action=maybe_recompile pc=0x00000204a02d6490 method=java.io.BufferedInputStream.read([BII)I @ 101 c2
Event: 3.264 Thread 0x00000204b1f4f000 DEOPT PACKING pc=0x00000204a02d6490 sp=0x000000736d2f9600
Event: 3.264 Thread 0x00000204b1f4f000 DEOPT UNPACKING pc=0x000002049876a1af sp=0x000000736d2f94c0 mode 2
Event: 3.265 Thread 0x00000204b1f4f000 Uncommon trap: trap_request=0xffffffde fr.pc=0x00000204a02d6490 relative=0x00000000000012b0
Event: 3.265 Thread 0x00000204b1f4f000 Uncommon trap: reason=class_check action=maybe_recompile pc=0x00000204a02d6490 method=java.io.BufferedInputStream.read([BII)I @ 101 c2
Event: 3.265 Thread 0x00000204b1f4f000 DEOPT PACKING pc=0x00000204a02d6490 sp=0x000000736d2f9600
Event: 3.265 Thread 0x00000204b1f4f000 DEOPT UNPACKING pc=0x000002049876a1af sp=0x000000736d2f94c0 mode 2

Classes redefined (0 events):
No events

Internal exceptions (20 events):
Event: 2.394 Thread 0x00000204b1f4f000 Exception <a 'java/lang/NoSuchMethodError'{0x000000008fbc6138}: 'java.lang.Object java.lang.invoke.Invokers$Holder.linkToTargetMethod(java.lang.Object, java.lang.Object, java.lang.Object, java.lang.Object, java.lang.Object, java.lang.Object, java.lang.Object)'> (0x000000008fbc6138) thrown at [./src/hotspot/share/interpreter/linkResolver.cpp, line 773]
Event: 2.419 Thread 0x00000204b1f4f000 Exception <a 'java/lang/NoSuchMethodError'{0x000000008f967f40}: 'java.lang.Object java.lang.invoke.DirectMethodHandle$Holder.invokeVirtual(java.lang.Object, java.lang.Object, java.lang.Object, java.lang.Object, java.lang.Object, java.lang.Object, java.lang.Object, java.lang.Object, java.lang.Object, java.lang.Object, java.lang.Object, java.lang.Object, java.lang.Object, java.lang.Object, java.lang.Object, java.lang.Object, java.lang.Object, java.lang.Object, java.lang.Object, java.lang.Object, java.lang.Ob
Event: 2.462 Thread 0x00000204b1f4f000 Exception <a 'java/lang/NoSuchMethodError'{0x000000008f23b5b0}: 'void java.lang.invoke.DirectMethodHandle$Holder.invokeStatic(java.lang.Object, java.lang.Object, java.lang.Object, java.lang.Object, java.lang.Object)'> (0x000000008f23b5b0) thrown at [./src/hotspot/share/interpreter/linkResolver.cpp, line 773]
Event: 2.471 Thread 0x00000204b1f4f000 Implicit null exception at 0x00000204a02471f8 to 0x00000204a024728a
Event: 2.545 Thread 0x00000204b1f4f000 Exception <a 'java/lang/NoSuchMethodError'{0x000000008eb7a2a0}: 'void java.lang.invoke.DirectMethodHandle$Holder.invokeStaticInit(java.lang.Object, java.lang.Object)'> (0x000000008eb7a2a0) thrown at [./src/hotspot/share/interpreter/linkResolver.cpp, line 773]
Event: 2.638 Thread 0x00000204b1f4f000 Exception <a 'java/lang/NoSuchMethodError'{0x000000008e43f9c0}: 'void java.lang.invoke.DirectMethodHandle$Holder.invokeStatic(java.lang.Object, java.lang.Object, java.lang.Object, java.lang.Object)'> (0x000000008e43f9c0) thrown at [./src/hotspot/share/interpreter/linkResolver.cpp, line 773]
Event: 2.640 Thread 0x00000204b1f4f000 Exception <a 'java/lang/NoSuchMethodError'{0x000000008e45efd0}: 'int java.lang.invoke.DirectMethodHandle$Holder.invokeVirtual(java.lang.Object, java.lang.Object)'> (0x000000008e45efd0) thrown at [./src/hotspot/share/interpreter/linkResolver.cpp, line 773]
Event: 2.645 Thread 0x00000204b1f4f000 Exception <a 'java/lang/NoSuchMethodError'{0x000000008e4ee3c8}: 'int java.lang.invoke.DirectMethodHandle$Holder.invokeVirtual(java.lang.Object, java.lang.Object, java.lang.Object)'> (0x000000008e4ee3c8) thrown at [./src/hotspot/share/interpreter/linkResolver.cpp, line 773]
Event: 2.800 Thread 0x00000204b1f4f000 Exception <a 'java/lang/NoSuchMethodError'{0x000000008d027458}: 'java.lang.Object java.lang.invoke.DirectMethodHandle$Holder.invokeSpecialIFC(java.lang.Object, java.lang.Object, java.lang.Object, java.lang.Object)'> (0x000000008d027458) thrown at [./src/hotspot/share/interpreter/linkResolver.cpp, line 773]
Event: 2.893 Thread 0x00000204b1f4f000 Implicit null exception at 0x00000204a02daa75 to 0x00000204a02dac3c
Event: 2.893 Thread 0x00000204b1f4f000 Implicit null exception at 0x00000204a02a3b2f to 0x00000204a02a3b9d
Event: 2.938 Thread 0x00000204b1f4f000 Exception <a 'java/lang/NoSuchMethodError'{0x000000008c6dc438}: 'java.lang.Object java.lang.invoke.DirectMethodHandle$Holder.invokeSpecial(java.lang.Object, java.lang.Object, java.lang.Object, java.lang.Object, java.lang.Object, java.lang.Object, java.lang.Object, java.lang.Object, java.lang.Object, java.lang.Object, java.lang.Object, java.lang.Object, java.lang.Object)'> (0x000000008c6dc438) thrown at [./src/hotspot/share/interpreter/linkResolver.cpp, line 773]
Event: 2.939 Thread 0x00000204b1f4f000 Exception <a 'java/lang/NoSuchMethodError'{0x000000008c6ecd28}: 'java.lang.Object java.lang.invoke.Invokers$Holder.linkToTargetMethod(java.lang.Object, java.lang.Object, java.lang.Object, java.lang.Object, java.lang.Object, java.lang.Object, java.lang.Object, java.lang.Object, java.lang.Object, java.lang.Object, java.lang.Object)'> (0x000000008c6ecd28) thrown at [./src/hotspot/share/interpreter/linkResolver.cpp, line 773]
Event: 2.944 Thread 0x00000204b1f4f000 Exception <a 'java/lang/NoSuchMethodError'{0x000000008c586dc8}: 'java.lang.Object java.lang.invoke.DirectMethodHandle$Holder.invokeSpecial(java.lang.Object, java.lang.Object, java.lang.Object, java.lang.Object, java.lang.Object, java.lang.Object, java.lang.Object, java.lang.Object, java.lang.Object, java.lang.Object, java.lang.Object, java.lang.Object, java.lang.Object, java.lang.Object)'> (0x000000008c586dc8) thrown at [./src/hotspot/share/interpreter/linkResolver.cpp, line 773]
Event: 2.945 Thread 0x00000204b1f4f000 Exception <a 'java/lang/NoSuchMethodError'{0x000000008c598630}: 'java.lang.Object java.lang.invoke.Invokers$Holder.linkToTargetMethod(java.lang.Object, java.lang.Object, java.lang.Object, java.lang.Object, java.lang.Object, java.lang.Object, java.lang.Object, java.lang.Object, java.lang.Object, java.lang.Object, java.lang.Object, java.lang.Object)'> (0x000000008c598630) thrown at [./src/hotspot/share/interpreter/linkResolver.cpp, line 773]
Event: 2.963 Thread 0x00000204b1f4f000 Exception <a 'java/lang/NoSuchMethodError'{0x000000008c4dbca0}: 'java.lang.Object java.lang.invoke.DirectMethodHandle$Holder.invokeStaticInit(java.lang.Object, java.lang.Object, java.lang.Object, java.lang.Object)'> (0x000000008c4dbca0) thrown at [./src/hotspot/share/interpreter/linkResolver.cpp, line 773]
Event: 3.097 Thread 0x00000204b1f4f000 Exception <a 'java/lang/NoSuchMethodError'{0x000000008b5a6558}: 'java.lang.Object java.lang.invoke.Invokers$Holder.linkToTargetMethod(java.lang.Object, java.lang.Object, java.lang.Object, java.lang.Object, java.lang.Object, java.lang.Object, java.lang.Object, java.lang.Object)'> (0x000000008b5a6558) thrown at [./src/hotspot/share/interpreter/linkResolver.cpp, line 773]
Event: 3.103 Thread 0x00000204b1f4f000 Exception <a 'java/lang/IncompatibleClassChangeError'{0x000000008b4284a0}: Found class java.lang.Object, but interface was expected> (0x000000008b4284a0) thrown at [./src/hotspot/share/interpreter/linkResolver.cpp, line 839]
Event: 3.181 Thread 0x00000204b1f4f000 Exception <a 'java/lang/NoSuchMethodError'{0x000000008ad479f8}: 'java.lang.Object java.lang.invoke.Invokers$Holder.linkToTargetMethod(java.lang.Object, int, int, java.lang.Object)'> (0x000000008ad479f8) thrown at [./src/hotspot/share/interpreter/linkResolver.cpp, line 773]
Event: 3.184 Thread 0x00000204b1f4f000 Exception <a 'java/lang/NoSuchMethodError'{0x000000008ad5e270}: 'java.lang.Object java.lang.invoke.DirectMethodHandle$Holder.invokeStatic(java.lang.Object, java.lang.Object, int, int, java.lang.Object, java.lang.Object)'> (0x000000008ad5e270) thrown at [./src/hotspot/share/interpreter/linkResolver.cpp, line 773]

Events (20 events):
Event: 3.293 loading class org/codehaus/groovy/reflection/CachedClass$7
Event: 3.293 loading class org/codehaus/groovy/reflection/CachedClass$7 done
Event: 3.294 loading class org/codehaus/groovy/reflection/CachedClass$8
Event: 3.294 loading class org/codehaus/groovy/reflection/CachedClass$8 done
Event: 3.297 loading class java/security/AccessControlException
Event: 3.297 loading class java/security/AccessControlException done
Event: 3.297 Executing VM operation: Deoptimize
Event: 3.298 Executing VM operation: Deoptimize done
Event: 3.298 loading class org/codehaus/groovy/util/ReferenceType$SoftRef
Event: 3.298 loading class org/codehaus/groovy/util/ReferenceType$SoftRef done
Event: 3.299 loading class org/codehaus/groovy/transform/trait/Traits$Implemented
Event: 3.299 loading class org/codehaus/groovy/transform/trait/Traits$Implemented done
Event: 3.299 loading class java/util/stream/IntStream
Event: 3.300 loading class java/util/stream/IntStream done
Event: 3.300 Executing VM operation: RevokeBias
Event: 3.300 Executing VM operation: RevokeBias done
Event: 3.302 loading class org/codehaus/groovy/reflection/CachedClass
Event: 3.302 loading class org/codehaus/groovy/reflection/CachedClass done
Event: 3.302 loading class org/codehaus/groovy/reflection/CachedClass
Event: 3.302 loading class org/codehaus/groovy/reflection/CachedClass done


Dynamic libraries:
0x00007ff64dfa0000 - 0x00007ff64dfad000 	C:\Program Files\Microsoft\jdk-11.0.18.10-hotspot\bin\java.exe
0x00007ff94d550000 - 0x00007ff94d748000 	C:\Windows\SYSTEM32\ntdll.dll
0x00007ff94cbf0000 - 0x00007ff94ccaf000 	C:\Windows\System32\KERNEL32.DLL
0x00007ff94af70000 - 0x00007ff94b242000 	C:\Windows\System32\KERNELBASE.dll
0x00007ff94b490000 - 0x00007ff94b590000 	C:\Windows\System32\ucrtbase.dll
0x00007ff947d10000 - 0x00007ff947d27000 	C:\Program Files\Microsoft\jdk-11.0.18.10-hotspot\bin\jli.dll
0x00007ff9481b0000 - 0x00007ff9481c5000 	C:\Program Files\Microsoft\jdk-11.0.18.10-hotspot\bin\VCRUNTIME140.dll
0x00007ff94c600000 - 0x00007ff94c7a1000 	C:\Windows\System32\USER32.dll
0x00007ff9328f0000 - 0x00007ff932b8a000 	C:\Windows\WinSxS\amd64_microsoft.windows.common-controls_6595b64144ccf1df_6.0.19041.1110_none_60b5254171f9507e\COMCTL32.dll
0x00007ff94ac90000 - 0x00007ff94acb2000 	C:\Windows\System32\win32u.dll
0x00007ff94c960000 - 0x00007ff94c98b000 	C:\Windows\System32\GDI32.dll
0x00007ff94bce0000 - 0x00007ff94bd7e000 	C:\Windows\System32\msvcrt.dll
0x00007ff94ad50000 - 0x00007ff94ae5f000 	C:\Windows\System32\gdi32full.dll
0x00007ff94ae60000 - 0x00007ff94aefd000 	C:\Windows\System32\msvcp_win.dll
0x00007ff94cd60000 - 0x00007ff94cd92000 	C:\Windows\System32\IMM32.DLL
0x00007ff9070f0000 - 0x00007ff90718b000 	C:\Program Files\Microsoft\jdk-11.0.18.10-hotspot\bin\msvcp140.dll
0x00007ff906550000 - 0x00007ff9070e2000 	C:\Program Files\Microsoft\jdk-11.0.18.10-hotspot\bin\server\jvm.dll
0x00007ff94ccb0000 - 0x00007ff94cd5e000 	C:\Windows\System32\ADVAPI32.dll
0x00007ff94cda0000 - 0x00007ff94ce3c000 	C:\Windows\System32\sechost.dll
0x00007ff94bd80000 - 0x00007ff94bea5000 	C:\Windows\System32\RPCRT4.dll
0x00007ff94d2d0000 - 0x00007ff94d2d8000 	C:\Windows\System32\PSAPI.DLL
0x00007ff9402a0000 - 0x00007ff9402c7000 	C:\Windows\SYSTEM32\WINMM.dll
0x00007ff943de0000 - 0x00007ff943de9000 	C:\Windows\SYSTEM32\WSOCK32.dll
0x00007ff943b90000 - 0x00007ff943b9a000 	C:\Windows\SYSTEM32\VERSION.dll
0x00007ff94ca80000 - 0x00007ff94caeb000 	C:\Windows\System32\WS2_32.dll
0x00007ff948b20000 - 0x00007ff948b32000 	C:\Windows\SYSTEM32\kernel.appcore.dll
0x00007ff942af0000 - 0x00007ff942b00000 	C:\Program Files\Microsoft\jdk-11.0.18.10-hotspot\bin\verify.dll
0x00007ff946850000 - 0x00007ff946a34000 	C:\Windows\SYSTEM32\DBGHELP.DLL
0x00007ff939d10000 - 0x00007ff939d45000 	C:\Windows\SYSTEM32\dbgcore.DLL
0x00007ff94acc0000 - 0x00007ff94ad42000 	C:\Windows\System32\bcryptPrimitives.dll
0x00007ff93ae10000 - 0x00007ff93ae38000 	C:\Program Files\Microsoft\jdk-11.0.18.10-hotspot\bin\java.dll
0x00007ff9411f0000 - 0x00007ff9411fa000 	C:\Program Files\Microsoft\jdk-11.0.18.10-hotspot\bin\jimage.dll
0x00007ff93adf0000 - 0x00007ff93ae08000 	C:\Program Files\Microsoft\jdk-11.0.18.10-hotspot\bin\zip.dll
0x00007ff94beb0000 - 0x00007ff94c5f5000 	C:\Windows\System32\SHELL32.dll
0x00007ff948d20000 - 0x00007ff9494b2000 	C:\Windows\SYSTEM32\windows.storage.dll
0x00007ff94cef0000 - 0x00007ff94d245000 	C:\Windows\System32\combase.dll
0x00007ff94a6a0000 - 0x00007ff94a6d0000 	C:\Windows\SYSTEM32\Wldp.dll
0x00007ff94ce40000 - 0x00007ff94ceed000 	C:\Windows\System32\SHCORE.dll
0x00007ff94d2e0000 - 0x00007ff94d335000 	C:\Windows\System32\shlwapi.dll
0x00007ff94ab80000 - 0x00007ff94ab9f000 	C:\Windows\SYSTEM32\profapi.dll
0x00007ff937cf0000 - 0x00007ff937d09000 	C:\Program Files\Microsoft\jdk-11.0.18.10-hotspot\bin\net.dll
0x00007ff9474a0000 - 0x00007ff9475ac000 	C:\Windows\SYSTEM32\WINHTTP.dll
0x00007ff94a400000 - 0x00007ff94a46a000 	C:\Windows\system32\mswsock.dll
0x00007ff936970000 - 0x00007ff936983000 	C:\Program Files\Microsoft\jdk-11.0.18.10-hotspot\bin\nio.dll
0x00007ff9368f0000 - 0x00007ff936917000 	C:\Users\Admin\.gradle\native\68d5fa5c4cc2d200863cafc0d521ce42e7d3e7ee720ec0a83991735586a16f82\windows-amd64\native-platform.dll
0x00007ff927210000 - 0x00007ff927354000 	C:\Users\Admin\.gradle\native\e376f236ea51e6404a007f0833ffe2c6e607c4080706a723a18a27aeea778392\windows-amd64\native-platform-file-events.dll
0x00007ff948210000 - 0x00007ff948219000 	C:\Program Files\Microsoft\jdk-11.0.18.10-hotspot\bin\management.dll
0x00007ff948160000 - 0x00007ff94816b000 	C:\Program Files\Microsoft\jdk-11.0.18.10-hotspot\bin\management_ext.dll
0x00007ff94a600000 - 0x00007ff94a618000 	C:\Windows\SYSTEM32\CRYPTSP.dll
0x00007ff949cb0000 - 0x00007ff949ce4000 	C:\Windows\system32\rsaenh.dll
0x00007ff94b3b0000 - 0x00007ff94b3d7000 	C:\Windows\System32\bcrypt.dll
0x00007ff94ab00000 - 0x00007ff94ab2e000 	C:\Windows\SYSTEM32\USERENV.dll
0x00007ff94a5f0000 - 0x00007ff94a5fc000 	C:\Windows\SYSTEM32\CRYPTBASE.dll
0x00007ff94a0a0000 - 0x00007ff94a0db000 	C:\Windows\SYSTEM32\IPHLPAPI.DLL
0x00007ff94c990000 - 0x00007ff94c998000 	C:\Windows\System32\NSI.dll
0x00007ff9437d0000 - 0x00007ff9437e7000 	C:\Windows\SYSTEM32\dhcpcsvc6.DLL
0x00007ff9444e0000 - 0x00007ff9444fd000 	C:\Windows\SYSTEM32\dhcpcsvc.DLL
0x00007ff94a0f0000 - 0x00007ff94a1bb000 	C:\Windows\SYSTEM32\DNSAPI.dll

dbghelp: loaded successfully - version: 4.0.5 - missing functions: none
symbol engine: initialized successfully - sym options: 0x614 - pdb path: .;C:\Program Files\Microsoft\jdk-11.0.18.10-hotspot\bin;C:\Windows\SYSTEM32;C:\Windows\WinSxS\amd64_microsoft.windows.common-controls_6595b64144ccf1df_6.0.19041.1110_none_60b5254171f9507e;C:\Program Files\Microsoft\jdk-11.0.18.10-hotspot\bin\server;C:\Users\Admin\.gradle\native\68d5fa5c4cc2d200863cafc0d521ce42e7d3e7ee720ec0a83991735586a16f82\windows-amd64;C:\Users\Admin\.gradle\native\e376f236ea51e6404a007f0833ffe2c6e607c4080706a723a18a27aeea778392\windows-amd64

VM Arguments:
jvm_args: -XX:MaxMetaspaceSize=512m --add-opens=java.base/java.util=ALL-UNNAMED --add-opens=java.base/java.lang=ALL-UNNAMED --add-opens=java.base/java.lang.invoke=ALL-UNNAMED --add-opens=java.prefs/java.util.prefs=ALL-UNNAMED --add-opens=java.base/java.nio.charset=ALL-UNNAMED --add-opens=java.base/java.net=ALL-UNNAMED --add-opens=java.base/java.util.concurrent.atomic=ALL-UNNAMED -Xmx2048m -Dfile.encoding=windows-1252 -Duser.country=US -Duser.language=en -Duser.variant 
java_command: org.gradle.launcher.daemon.bootstrap.GradleDaemon 8.0.1
java_class_path (initial): C:\Users\Admin\.gradle\wrapper\dists\gradle-8.0.1-all\aro4hu1c3oeioove7l0i4i14o\gradle-8.0.1\lib\gradle-launcher-8.0.1.jar
Launcher Type: SUN_STANDARD

[Global flags]
     intx CICompilerCount                          = 4                                         {product} {ergonomic}
   size_t CompressedClassSpaceSize                 = 528482304                                 {product} {ergonomic}
     uint ConcGCThreads                            = 2                                         {product} {ergonomic}
     uint G1ConcRefinementThreads                  = 8                                         {product} {ergonomic}
   size_t G1HeapRegionSize                         = 1048576                                   {product} {ergonomic}
    uintx GCDrainStackTargetSize                   = 64                                        {product} {ergonomic}
   size_t InitialHeapSize                          = 268435456                                 {product} {ergonomic}
   size_t MarkStackSize                            = 4194304                                   {product} {ergonomic}
   size_t MaxHeapSize                              = 2147483648                                {product} {command line}
   size_t MaxMetaspaceSize                         = 536870912                                 {product} {command line}
   size_t MaxNewSize                               = 1287651328                                {product} {ergonomic}
   size_t MinHeapDeltaBytes                        = 1048576                                   {product} {ergonomic}
    uintx NonNMethodCodeHeapSize                   = 5836300                                {pd product} {ergonomic}
    uintx NonProfiledCodeHeapSize                  = 122910970                              {pd product} {ergonomic}
    uintx ProfiledCodeHeapSize                     = 122910970                              {pd product} {ergonomic}
    uintx ReservedCodeCacheSize                    = 251658240                              {pd product} {ergonomic}
     bool SegmentedCodeCache                       = true                                      {product} {ergonomic}
     bool UseCompressedClassPointers               = true                                 {lp64_product} {ergonomic}
     bool UseCompressedOops                        = true                                 {lp64_product} {ergonomic}
     bool UseG1GC                                  = true                                      {product} {ergonomic}
     bool UseLargePagesIndividualAllocation        = false                                  {pd product} {ergonomic}

Logging:
Log output configuration:
 #0: stdout all=warning uptime,level,tags
 #1: stderr all=off uptime,level,tags

Environment Variables:
JAVA_HOME=C:\Program Files\Microsoft\jdk-11.0.18.10-hotspot
CLASSPATH=D:\PROGRAMMING\Project\TechnicalTest\android\\gradle\wrapper\gradle-wrapper.jar
PATH=D:\PROGRAMMING\Project\TechnicalTest\node_modules\.bin;D:\PROGRAMMING\Project\TechnicalTest\node_modules\.bin;D:\PROGRAMMING\Project\node_modules\.bin;D:\PROGRAMMING\node_modules\.bin;D:\node_modules\.bin;D:\PROGRAMMING\NodeJS\node_modules\npm\node_modules\@npmcli\run-script\lib\node-gyp-bin;C:\Users\Admin\AppData\Local\Temp\yarn--1689387809284-0.7891985227838652;D:\PROGRAMMING\Project\TechnicalTest\node_modules\.bin;C:\Users\Admin\AppData\Local\Yarn\Data\link\node_modules\.bin;C:\Users\Admin\AppData\Local\Yarn\bin;D:\PROGRAMMING\libexec\lib\node_modules\npm\bin\node-gyp-bin;D:\PROGRAMMING\lib\node_modules\npm\bin\node-gyp-bin;D:\PROGRAMMING\NodeJS\node_modules\npm\bin\node-gyp-bin;C:\Program Files\Common Files\Oracle\Java\javapath;C:\Program Files\Java\jdk-11\bin;C:\Python311\Scripts\;C:\Python311\;C:\Windows\system32;C:\Windows;C:\Windows\System32\Wbem;C:\Windows\System32\WindowsPowerShell\v1.0\;C:\Windows\System32\OpenSSH\;D:\PROGRAMMING\NodeJS\;C:\ProgramData\chocolatey\bin;C:\Users\Admin\AppData\Local\Android\Sdk\platform-tools;C:\Program Files\Git\cmd;C:\xampp\php;C:\ProgramData\ComposerSetup\bin;C:\Users\Admin\AppData\Local\Android\Sdk\tools;C:\Users\Admin\AppData\Local\Android\Sdk\tools;C:\Users\Admin\AppData\Local\Microsoft\WindowsApps;C:\Users\Admin\AppData\Roaming\npm;C:\Users\Admin\AppData\Local\Programs\Microsoft VS Code\bin;C:\Users\Admin\AppData\Roaming\Composer\vendor\bin
USERNAME=Admin
OS=Windows_NT
PROCESSOR_IDENTIFIER=Intel64 Family 6 Model 58 Stepping 9, GenuineIntel
TMP=C:\Users\Admin\AppData\Local\Temp
TEMP=C:\Users\Admin\AppData\Local\Temp



---------------  S Y S T E M  ---------------

OS: Windows 10 , 64 bit Build 19041 (10.0.19041.2545)
OS uptime: 0 days 3:55 hours

CPU:total 8 (initial active 8) (4 cores per cpu, 2 threads per core) family 6 model 58 stepping 9 microcode 0x21, cmov, cx8, fxsr, mmx, sse, sse2, sse3, ssse3, sse4.1, sse4.2, popcnt, avx, aes, clmul, erms, ht, tsc, tscinvbit, tscinv

Memory: 4k page, system-wide physical 16341M (4116M free)
TotalPageFile size 16341M (AvailPageFile size 3M)
current process WorkingSet (physical memory assigned to process): 256M, peak: 256M
current process commit charge ("private bytes"): 433M, peak: 435M

vm_info: OpenJDK 64-Bit Server VM (11.0.18+10-LTS) for windows-amd64 JRE (11.0.18+10-LTS), built on Jan 18 2023 15:56:47 by "MicrosoftCorporation" with MS VC++ 15.9 (VS2017)

END.
