#
# There is insufficient memory for the Java Runtime Environment to continue.
# Native memory allocation (mmap) failed to map 83886080 bytes for Failed to commit area from 0x0000000713e00000 to 0x0000000718e00000 of length 83886080.
# Possible reasons:
#   The system is out of physical RAM or swap space
#   The process is running with CompressedOops enabled, and the Java Heap may be blocking the growth of the native heap
# Possible solutions:
#   Reduce memory load on the system
#   Increase physical memory or swap space
#   Check if swap backing store is full
#   Decrease Java heap size (-Xmx/-Xms)
#   Decrease number of Java threads
#   Decrease Java thread stack sizes (-Xss)
#   Set larger code cache with -XX:ReservedCodeCacheSize=
#   JVM is running with Zero Based Compressed Oops mode in which the Java heap is
#     placed in the first 32GB address space. The Java Heap base address is the
#     maximum limit for the native heap growth. Please use -XX:HeapBaseMinAddress
#     to set the Java Heap base and to place the Java Heap above 32GB virtual address.
# This output file may be truncated or incomplete.
#
#  Out of Memory Error (./src/hotspot/os/windows/os_windows.cpp:3386), pid=11324, tid=6336
#
# JRE version: OpenJDK Runtime Environment Microsoft-7208460 (11.0.18+10) (build 11.0.18+10-LTS)
# Java VM: OpenJDK 64-Bit Server VM Microsoft-7208460 (11.0.18+10-LTS, mixed mode, tiered, compressed oops, g1 gc, windows-amd64)
# No core dump will be written. Minidumps are not enabled by default on client versions of Windows
#

---------------  S U M M A R Y ------------

Command Line: org.jetbrains.kotlin.cli.jvm.K2JVMCompiler @D:\PROGRAMMING\Project\TechnicalTest\node_modules\@react-native\gradle-plugin\build\20230715_17473755633351633785.compiler.options

Host: Intel(R) Core(TM) i7-3770 CPU @ 3.40GHz, 8 cores, 15G,  Windows 10 , 64 bit Build 19041 (10.0.19041.2545)
Time: Sat Jul 15 09:13:11 2023 SE Asia Standard Time elapsed time: 11.894081 seconds (0d 0h 0m 11s)

---------------  T H R E A D  ---------------

Current thread (0x000001e5ff830800):  VMThread "VM Thread" [stack: 0x000000723c500000,0x000000723c600000] [id=6336]

Stack: [0x000000723c500000,0x000000723c600000]
[error occurred during error reporting (printing stack bounds), id 0xc0000005, EXCEPTION_ACCESS_VIOLATION (0xc0000005) at pc=0x000001e58000112d]

Native frames: (J=compiled Java code, j=interpreted, Vv=VM code, C=native code)
V  [jvm.dll+0x62bf8a]
V  [jvm.dll+0x7b8fb9]
V  [jvm.dll+0x7ba6a8]
V  [jvm.dll+0x7bace5]
V  [jvm.dll+0x7bac9b]
V  [jvm.dll+0x62b317]
V  [jvm.dll+0x62ba28]
C  [ntdll.dll+0xa241f]
C  [ntdll.dll+0x514a4]
C  [ntdll.dll+0xa0f4e]
C  0x000001e58000112d

VM_Operation (0x000000723bffd600): G1CollectForAllocation, mode: safepoint, requested by thread 0x000001e5eca46000


---------------  P R O C E S S  ---------------

Threads class SMR info:
_java_thread_list=0x000001e591cbfcd0, length=12, elements={
0x000001e5eca46000, 0x000001e5ff835000, 0x000001e5ff8f3000, 0x000001e5ff842800,
0x000001e5ff844800, 0x000001e5ff846000, 0x000001e5ff90c800, 0x000001e5ff84b000,
0x000001e5ff84c000, 0x000001e5ffabb000, 0x000001e5ffb3a800, 0x000001e592fc6800
}

Java Threads: ( => current thread )
  0x000001e5eca46000 JavaThread "main" [_thread_blocked, id=3740, stack(0x000000723bf00000,0x000000723c000000)]
  0x000001e5ff835000 JavaThread "Reference Handler" daemon [_thread_blocked, id=11496, stack(0x000000723c600000,0x000000723c700000)]
  0x000001e5ff8f3000 JavaThread "Finalizer" daemon [_thread_blocked, id=6568, stack(0x000000723c700000,0x000000723c800000)]
  0x000001e5ff842800 JavaThread "Signal Dispatcher" daemon [_thread_blocked, id=3084, stack(0x000000723c800000,0x000000723c900000)]
  0x000001e5ff844800 JavaThread "Attach Listener" daemon [_thread_blocked, id=8272, stack(0x000000723c900000,0x000000723ca00000)]
  0x000001e5ff846000 JavaThread "Service Thread" daemon [_thread_blocked, id=2680, stack(0x000000723ca00000,0x000000723cb00000)]
  0x000001e5ff90c800 JavaThread "C2 CompilerThread0" daemon [_thread_in_native, id=3732, stack(0x000000723cb00000,0x000000723cc00000)]
  0x000001e5ff84b000 JavaThread "C1 CompilerThread0" daemon [_thread_blocked, id=6844, stack(0x000000723cc00000,0x000000723cd00000)]
  0x000001e5ff84c000 JavaThread "Sweeper thread" daemon [_thread_blocked, id=9176, stack(0x000000723cd00000,0x000000723ce00000)]
  0x000001e5ffabb000 JavaThread "Common-Cleaner" daemon [_thread_blocked, id=11232, stack(0x000000723cf00000,0x000000723d000000)]
  0x000001e5ffb3a800 JavaThread "C2 CompilerThread1" daemon [_thread_blocked, id=3956, stack(0x000000723d000000,0x000000723d100000)]
  0x000001e592fc6800 JavaThread "C2 CompilerThread2" daemon [_thread_in_native, id=1936, stack(0x000000723d100000,0x000000723d200000)]

Other Threads:
=>0x000001e5ff830800 VMThread "VM Thread" [stack: 0x000000723c500000,0x000000723c600000] [id=6336]
  0x000001e5ffab2800 WatcherThread [stack: 0x000000723ce00000,0x000000723cf00000] [id=10592]
  0x000001e5eca5d800 GCTaskThread "GC Thread#0" [stack: 0x000000723c000000,0x000000723c100000] [id=1740]
  0x000001e591cae000 GCTaskThread "GC Thread#1" [stack: 0x000000723d200000,0x000000723d300000] [id=3348]
  0x000001e591cae800 GCTaskThread "GC Thread#2" [stack: 0x000000723d300000,0x000000723d400000] [id=5568]
  0x000001e591cc8000 GCTaskThread "GC Thread#3" [stack: 0x000000723d400000,0x000000723d500000] [id=4856]
  0x000001e591cc9000 GCTaskThread "GC Thread#4" [stack: 0x000000723d500000,0x000000723d600000] [id=7696]
  0x000001e591cc9800 GCTaskThread "GC Thread#5" [stack: 0x000000723d600000,0x000000723d700000] [id=8560]
  0x000001e59f62c000 GCTaskThread "GC Thread#6" [stack: 0x000000723dd00000,0x000000723de00000] [id=8904]
  0x000001e5ecabc000 ConcurrentGCThread "G1 Main Marker" [stack: 0x000000723c100000,0x000000723c200000] [id=3876]
  0x000001e5ecabd800 ConcurrentGCThread "G1 Conc#0" [stack: 0x000000723c200000,0x000000723c300000] [id=4480]
  0x000001e591f93000 ConcurrentGCThread "G1 Conc#1" [stack: 0x000000723d700000,0x000000723d800000] [id=10428]
  0x000001e5ff715000 ConcurrentGCThread "G1 Refine#0" [stack: 0x000000723c300000,0x000000723c400000] [id=8200]
  0x000001e5931e6000 ConcurrentGCThread "G1 Refine#1" [stack: 0x000000723d800000,0x000000723d900000] [id=5608]
  0x000001e594063800 ConcurrentGCThread "G1 Refine#2" [stack: 0x000000723d900000,0x000000723da00000] [id=10976]
  0x000001e592fd6800 ConcurrentGCThread "G1 Refine#3" [stack: 0x000000723da00000,0x000000723db00000] [id=2676]
  0x000001e593fa6000 ConcurrentGCThread "G1 Refine#4" [stack: 0x000000723db00000,0x000000723dc00000] [id=3848]
  0x000001e592cf4800 ConcurrentGCThread "G1 Refine#5" [stack: 0x000000723dc00000,0x000000723dd00000] [id=10904]
  0x000001e5ff716000 ConcurrentGCThread "G1 Young RemSet Sampling" [stack: 0x000000723c400000,0x000000723c500000] [id=7472]

Threads with active compile tasks:
C2 CompilerThread0    11901 13713       4       org.jetbrains.kotlin.ir.util.TypeTranslator::approximate (50 bytes)
C1 CompilerThread0    11901 13894       3       org.jetbrains.kotlin.backend.jvm.lower.StaticDefaultFunctionLowering::visitCall (72 bytes)
C2 CompilerThread1    11901 13714       4       org.jetbrains.kotlin.ir.util.TypeTranslator::approximateByKotlinRules (70 bytes)
C2 CompilerThread2    11901 13608       4       org.jetbrains.kotlin.serialization.deserialization.NameResolverUtilKt::getClassId (30 bytes)

VM state:at safepoint (normal execution)

VM Mutex/Monitor currently owned by a thread:  ([mutex/lock_event])
[0x000001e5eca424d0] Threads_lock - owner thread: 0x000001e5ff830800
[0x000001e5eca44690] Heap_lock - owner thread: 0x000001e5eca46000

Heap address: 0x0000000700a00000, size: 4086 MB, Compressed Oops mode: Zero based, Oop shift amount: 3
Narrow klass base: 0x0000000800000000, Narrow klass shift: 0
Compressed class space size: 1073741824 Address: 0x0000000800000000

Heap:
 garbage-first heap   total 397312K, used 85913K [0x0000000700a00000, 0x0000000800000000)
  region size 1024K, 11 young (11264K), 11 survivors (11264K)
 Metaspace       used 82426K, capacity 83386K, committed 83712K, reserved 1124352K
  class space    used 8760K, capacity 9119K, committed 9216K, reserved 1048576K
Heap Regions: E=young(eden), S=young(survivor), O=old, HS=humongous(starts), HC=humongous(continues), CS=collection set, F=free, A=archive, TAMS=top-at-mark-start (previous, next)
|   0|0x0000000700a00000, 0x0000000700b00000, 0x0000000700b00000|100%|HS|  |TAMS 0x0000000700b00000, 0x0000000700a00000| Complete 
|   1|0x0000000700b00000, 0x0000000700c00000, 0x0000000700c00000|100%|HC|  |TAMS 0x0000000700c00000, 0x0000000700b00000| Complete 
|   2|0x0000000700c00000, 0x0000000700d00000, 0x0000000700d00000|100%|HC|  |TAMS 0x0000000700d00000, 0x0000000700c00000| Complete 
|   3|0x0000000700d00000, 0x0000000700e00000, 0x0000000700e00000|100%|HC|  |TAMS 0x0000000700e00000, 0x0000000700d00000| Complete 
|   4|0x0000000700e00000, 0x0000000700f00000, 0x0000000700f00000|100%| O|  |TAMS 0x0000000700f00000, 0x0000000700e00000| Untracked 
|   5|0x0000000700f00000, 0x0000000701000000, 0x0000000701000000|100%| O|  |TAMS 0x0000000701000000, 0x0000000700f00000| Untracked 
|   6|0x0000000701000000, 0x0000000701100000, 0x0000000701100000|100%|HS|  |TAMS 0x0000000701100000, 0x0000000701000000| Complete 
|   7|0x0000000701100000, 0x0000000701200000, 0x0000000701200000|100%|HC|  |TAMS 0x0000000701200000, 0x0000000701100000| Complete 
|   8|0x0000000701200000, 0x0000000701300000, 0x0000000701300000|100%|HC|  |TAMS 0x0000000701300000, 0x0000000701200000| Complete 
|   9|0x0000000701300000, 0x0000000701400000, 0x0000000701400000|100%|HC|  |TAMS 0x0000000701400000, 0x0000000701300000| Complete 
|  10|0x0000000701400000, 0x0000000701500000, 0x0000000701500000|100%|HS|  |TAMS 0x0000000701500000, 0x0000000701400000| Complete 
|  11|0x0000000701500000, 0x0000000701600000, 0x0000000701600000|100%|HC|  |TAMS 0x0000000701600000, 0x0000000701500000| Complete 
|  12|0x0000000701600000, 0x0000000701700000, 0x0000000701700000|100%|HC|  |TAMS 0x0000000701700000, 0x0000000701600000| Complete 
|  13|0x0000000701700000, 0x0000000701800000, 0x0000000701800000|100%|HC|  |TAMS 0x0000000701800000, 0x0000000701700000| Complete 
|  14|0x0000000701800000, 0x0000000701900000, 0x0000000701900000|100%|HC|  |TAMS 0x0000000701900000, 0x0000000701800000| Complete 
|  15|0x0000000701900000, 0x0000000701a00000, 0x0000000701a00000|100%|HC|  |TAMS 0x0000000701a00000, 0x0000000701900000| Complete 
|  16|0x0000000701a00000, 0x0000000701b00000, 0x0000000701b00000|100%| O|  |TAMS 0x0000000701b00000, 0x0000000701a00000| Untracked 
|  17|0x0000000701b00000, 0x0000000701c00000, 0x0000000701c00000|100%| O|  |TAMS 0x0000000701c00000, 0x0000000701b00000| Untracked 
|  18|0x0000000701c00000, 0x0000000701d00000, 0x0000000701d00000|100%| O|  |TAMS 0x0000000701d00000, 0x0000000701c00000| Untracked 
|  19|0x0000000701d00000, 0x0000000701e00000, 0x0000000701e00000|100%| O|  |TAMS 0x0000000701e00000, 0x0000000701d00000| Untracked 
|  20|0x0000000701e00000, 0x0000000701f00000, 0x0000000701f00000|100%|HS|  |TAMS 0x0000000701f00000, 0x0000000701e00000| Complete 
|  21|0x0000000701f00000, 0x0000000702000000, 0x0000000702000000|100%| O|  |TAMS 0x0000000702000000, 0x0000000701f00000| Untracked 
|  22|0x0000000702000000, 0x0000000702100000, 0x0000000702100000|100%| O|  |TAMS 0x0000000702100000, 0x0000000702000000| Untracked 
|  23|0x0000000702100000, 0x0000000702200000, 0x0000000702200000|100%| O|  |TAMS 0x0000000702200000, 0x0000000702100000| Untracked 
|  24|0x0000000702200000, 0x0000000702300000, 0x0000000702300000|100%| O|  |TAMS 0x0000000702300000, 0x0000000702200000| Untracked 
|  25|0x0000000702300000, 0x0000000702400000, 0x0000000702400000|100%| O|  |TAMS 0x0000000702400000, 0x0000000702300000| Untracked 
|  26|0x0000000702400000, 0x0000000702500000, 0x0000000702500000|100%| O|  |TAMS 0x0000000702500000, 0x0000000702400000| Untracked 
|  27|0x0000000702500000, 0x0000000702600000, 0x0000000702600000|100%| O|  |TAMS 0x0000000702600000, 0x0000000702500000| Untracked 
|  28|0x0000000702600000, 0x0000000702700000, 0x0000000702700000|100%| O|  |TAMS 0x0000000702700000, 0x0000000702600000| Untracked 
|  29|0x0000000702700000, 0x0000000702800000, 0x0000000702800000|100%| O|  |TAMS 0x0000000702800000, 0x0000000702700000| Untracked 
|  30|0x0000000702800000, 0x0000000702900000, 0x0000000702900000|100%| O|  |TAMS 0x0000000702900000, 0x0000000702800000| Untracked 
|  31|0x0000000702900000, 0x0000000702a00000, 0x0000000702a00000|100%| O|  |TAMS 0x0000000702a00000, 0x0000000702900000| Untracked 
|  32|0x0000000702a00000, 0x0000000702b00000, 0x0000000702b00000|100%| O|  |TAMS 0x0000000702b00000, 0x0000000702a00000| Untracked 
|  33|0x0000000702b00000, 0x0000000702c00000, 0x0000000702c00000|100%| O|  |TAMS 0x0000000702c00000, 0x0000000702b00000| Untracked 
|  34|0x0000000702c00000, 0x0000000702d00000, 0x0000000702d00000|100%| O|  |TAMS 0x0000000702d00000, 0x0000000702c00000| Untracked 
|  35|0x0000000702d00000, 0x0000000702e00000, 0x0000000702e00000|100%| O|  |TAMS 0x0000000702e00000, 0x0000000702d00000| Untracked 
|  36|0x0000000702e00000, 0x0000000702f00000, 0x0000000702f00000|100%| O|  |TAMS 0x0000000702f00000, 0x0000000702e00000| Untracked 
|  37|0x0000000702f00000, 0x0000000703000000, 0x0000000703000000|100%| O|  |TAMS 0x0000000702f00000, 0x0000000702f00000| Untracked 
|  38|0x0000000703000000, 0x0000000703100000, 0x0000000703100000|100%| O|  |TAMS 0x0000000703100000, 0x0000000703000000| Untracked 
|  39|0x0000000703100000, 0x0000000703200000, 0x0000000703200000|100%| O|  |TAMS 0x0000000703200000, 0x0000000703100000| Untracked 
|  40|0x0000000703200000, 0x0000000703300000, 0x0000000703300000|100%| O|  |TAMS 0x00000007032c5800, 0x0000000703200000| Untracked 
|  41|0x0000000703300000, 0x0000000703400000, 0x0000000703400000|100%| O|  |TAMS 0x0000000703300000, 0x0000000703300000| Untracked 
|  42|0x0000000703400000, 0x0000000703500000, 0x0000000703500000|100%| O|  |TAMS 0x0000000703400000, 0x0000000703400000| Untracked 
|  43|0x0000000703500000, 0x0000000703600000, 0x0000000703600000|100%| O|  |TAMS 0x0000000703500000, 0x0000000703500000| Untracked 
|  44|0x0000000703600000, 0x0000000703700000, 0x0000000703700000|100%| O|  |TAMS 0x0000000703600000, 0x0000000703600000| Untracked 
|  45|0x0000000703700000, 0x0000000703800000, 0x0000000703800000|100%| O|  |TAMS 0x0000000703700000, 0x0000000703700000| Untracked 
|  46|0x0000000703800000, 0x0000000703900000, 0x0000000703900000|100%| O|  |TAMS 0x0000000703800000, 0x0000000703800000| Untracked 
|  47|0x0000000703900000, 0x0000000703a00000, 0x0000000703a00000|100%| O|  |TAMS 0x0000000703900000, 0x0000000703900000| Untracked 
|  48|0x0000000703a00000, 0x0000000703b00000, 0x0000000703b00000|100%| O|  |TAMS 0x0000000703a00000, 0x0000000703a00000| Untracked 
|  49|0x0000000703b00000, 0x0000000703c00000, 0x0000000703c00000|100%| O|  |TAMS 0x0000000703b00000, 0x0000000703b00000| Untracked 
|  50|0x0000000703c00000, 0x0000000703d00000, 0x0000000703d00000|100%| O|  |TAMS 0x0000000703c00000, 0x0000000703c00000| Untracked 
|  51|0x0000000703d00000, 0x0000000703e00000, 0x0000000703e00000|100%| O|  |TAMS 0x0000000703d00000, 0x0000000703d00000| Untracked 
|  52|0x0000000703e00000, 0x0000000703f00000, 0x0000000703f00000|100%| O|  |TAMS 0x0000000703e00000, 0x0000000703e00000| Untracked 
|  53|0x0000000703f00000, 0x0000000704000000, 0x0000000704000000|100%| O|  |TAMS 0x0000000703f00000, 0x0000000703f00000| Untracked 
|  54|0x0000000704000000, 0x0000000704100000, 0x0000000704100000|100%| O|  |TAMS 0x0000000704000000, 0x0000000704000000| Untracked 
|  55|0x0000000704100000, 0x0000000704200000, 0x0000000704200000|100%| O|  |TAMS 0x0000000704100000, 0x0000000704100000| Untracked 
|  56|0x0000000704200000, 0x0000000704300000, 0x0000000704300000|100%| O|  |TAMS 0x0000000704200000, 0x0000000704200000| Untracked 
|  57|0x0000000704300000, 0x0000000704400000, 0x0000000704400000|100%| O|  |TAMS 0x0000000704300000, 0x0000000704300000| Untracked 
|  58|0x0000000704400000, 0x0000000704500000, 0x0000000704500000|100%| O|  |TAMS 0x0000000704400000, 0x0000000704400000| Untracked 
|  59|0x0000000704500000, 0x0000000704600000, 0x0000000704600000|100%|HS|  |TAMS 0x0000000704500000, 0x0000000704500000| Complete 
|  60|0x0000000704600000, 0x0000000704700000, 0x0000000704700000|100%|HC|  |TAMS 0x0000000704600000, 0x0000000704600000| Complete 
|  61|0x0000000704700000, 0x0000000704800000, 0x0000000704800000|100%| O|  |TAMS 0x0000000704700000, 0x0000000704700000| Untracked 
|  62|0x0000000704800000, 0x0000000704900000, 0x0000000704900000|100%| O|  |TAMS 0x0000000704800000, 0x0000000704800000| Untracked 
|  63|0x0000000704900000, 0x0000000704a00000, 0x0000000704a00000|100%| O|  |TAMS 0x0000000704900000, 0x0000000704900000| Untracked 
|  64|0x0000000704a00000, 0x0000000704b00000, 0x0000000704b00000|100%| O|  |TAMS 0x0000000704a00000, 0x0000000704a00000| Untracked 
|  65|0x0000000704b00000, 0x0000000704c00000, 0x0000000704c00000|100%| O|  |TAMS 0x0000000704b00000, 0x0000000704b00000| Untracked 
|  66|0x0000000704c00000, 0x0000000704d00000, 0x0000000704d00000|100%| O|  |TAMS 0x0000000704c00000, 0x0000000704c00000| Untracked 
|  67|0x0000000704d00000, 0x0000000704e00000, 0x0000000704e00000|100%| O|  |TAMS 0x0000000704d00000, 0x0000000704d00000| Untracked 
|  68|0x0000000704e00000, 0x0000000704f00000, 0x0000000704f00000|100%| O|  |TAMS 0x0000000704e00000, 0x0000000704e00000| Untracked 
|  69|0x0000000704f00000, 0x0000000705000000, 0x0000000705000000|100%| O|  |TAMS 0x0000000704f00000, 0x0000000704f00000| Untracked 
|  70|0x0000000705000000, 0x0000000705100000, 0x0000000705100000|100%| O|  |TAMS 0x0000000705000000, 0x0000000705000000| Untracked 
|  71|0x0000000705100000, 0x0000000705200000, 0x0000000705200000|100%| O|  |TAMS 0x0000000705100000, 0x0000000705100000| Untracked 
|  72|0x0000000705200000, 0x00000007052e6600, 0x0000000705300000| 89%| O|  |TAMS 0x0000000705200000, 0x0000000705200000| Untracked 
|  73|0x0000000705300000, 0x0000000705300000, 0x0000000705400000|  0%| F|  |TAMS 0x0000000705300000, 0x0000000705300000| Untracked 
|  74|0x0000000705400000, 0x0000000705400000, 0x0000000705500000|  0%| F|  |TAMS 0x0000000705400000, 0x0000000705400000| Untracked 
|  75|0x0000000705500000, 0x0000000705500000, 0x0000000705600000|  0%| F|  |TAMS 0x0000000705500000, 0x0000000705500000| Untracked 
|  76|0x0000000705600000, 0x0000000705600000, 0x0000000705700000|  0%| F|  |TAMS 0x0000000705600000, 0x0000000705600000| Untracked 
|  77|0x0000000705700000, 0x0000000705700000, 0x0000000705800000|  0%| F|  |TAMS 0x0000000705700000, 0x0000000705700000| Untracked 
|  78|0x0000000705800000, 0x0000000705800000, 0x0000000705900000|  0%| F|  |TAMS 0x0000000705800000, 0x0000000705800000| Untracked 
|  79|0x0000000705900000, 0x0000000705900000, 0x0000000705a00000|  0%| F|  |TAMS 0x0000000705900000, 0x0000000705900000| Untracked 
|  80|0x0000000705a00000, 0x0000000705a00000, 0x0000000705b00000|  0%| F|  |TAMS 0x0000000705a00000, 0x0000000705a00000| Untracked 
|  81|0x0000000705b00000, 0x0000000705b00000, 0x0000000705c00000|  0%| F|  |TAMS 0x0000000705b00000, 0x0000000705b00000| Untracked 
|  82|0x0000000705c00000, 0x0000000705c00000, 0x0000000705d00000|  0%| F|  |TAMS 0x0000000705c00000, 0x0000000705c00000| Untracked 
|  83|0x0000000705d00000, 0x0000000705d00000, 0x0000000705e00000|  0%| F|  |TAMS 0x0000000705d00000, 0x0000000705d00000| Untracked 
|  84|0x0000000705e00000, 0x0000000705e00000, 0x0000000705f00000|  0%| F|  |TAMS 0x0000000705e00000, 0x0000000705e00000| Untracked 
|  85|0x0000000705f00000, 0x0000000705f00000, 0x0000000706000000|  0%| F|  |TAMS 0x0000000705f00000, 0x0000000705f00000| Untracked 
|  86|0x0000000706000000, 0x0000000706000000, 0x0000000706100000|  0%| F|  |TAMS 0x0000000706000000, 0x0000000706000000| Untracked 
|  87|0x0000000706100000, 0x0000000706100000, 0x0000000706200000|  0%| F|  |TAMS 0x0000000706100000, 0x0000000706100000| Untracked 
|  88|0x0000000706200000, 0x0000000706200000, 0x0000000706300000|  0%| F|  |TAMS 0x0000000706200000, 0x0000000706200000| Untracked 
|  89|0x0000000706300000, 0x0000000706300000, 0x0000000706400000|  0%| F|  |TAMS 0x0000000706300000, 0x0000000706300000| Untracked 
|  90|0x0000000706400000, 0x0000000706400000, 0x0000000706500000|  0%| F|  |TAMS 0x0000000706400000, 0x0000000706400000| Untracked 
|  91|0x0000000706500000, 0x0000000706500000, 0x0000000706600000|  0%| F|  |TAMS 0x0000000706500000, 0x0000000706500000| Untracked 
|  92|0x0000000706600000, 0x0000000706600000, 0x0000000706700000|  0%| F|  |TAMS 0x0000000706600000, 0x0000000706600000| Untracked 
|  93|0x0000000706700000, 0x0000000706700000, 0x0000000706800000|  0%| F|  |TAMS 0x0000000706700000, 0x0000000706700000| Untracked 
|  94|0x0000000706800000, 0x0000000706800000, 0x0000000706900000|  0%| F|  |TAMS 0x0000000706800000, 0x0000000706800000| Untracked 
|  95|0x0000000706900000, 0x0000000706900000, 0x0000000706a00000|  0%| F|  |TAMS 0x0000000706900000, 0x0000000706900000| Untracked 
|  96|0x0000000706a00000, 0x0000000706a00000, 0x0000000706b00000|  0%| F|  |TAMS 0x0000000706a00000, 0x0000000706a00000| Untracked 
|  97|0x0000000706b00000, 0x0000000706b00000, 0x0000000706c00000|  0%| F|  |TAMS 0x0000000706b00000, 0x0000000706b00000| Untracked 
|  98|0x0000000706c00000, 0x0000000706c00000, 0x0000000706d00000|  0%| F|  |TAMS 0x0000000706c00000, 0x0000000706c00000| Untracked 
|  99|0x0000000706d00000, 0x0000000706d00000, 0x0000000706e00000|  0%| F|  |TAMS 0x0000000706d00000, 0x0000000706d00000| Untracked 
| 100|0x0000000706e00000, 0x0000000706e00000, 0x0000000706f00000|  0%| F|  |TAMS 0x0000000706e00000, 0x0000000706e00000| Untracked 
| 101|0x0000000706f00000, 0x0000000706f00000, 0x0000000707000000|  0%| F|  |TAMS 0x0000000706f00000, 0x0000000706f00000| Untracked 
| 102|0x0000000707000000, 0x0000000707000000, 0x0000000707100000|  0%| F|  |TAMS 0x0000000707000000, 0x0000000707000000| Untracked 
| 103|0x0000000707100000, 0x0000000707100000, 0x0000000707200000|  0%| F|  |TAMS 0x0000000707100000, 0x0000000707100000| Untracked 
| 104|0x0000000707200000, 0x0000000707200000, 0x0000000707300000|  0%| F|  |TAMS 0x0000000707200000, 0x0000000707200000| Untracked 
| 105|0x0000000707300000, 0x0000000707300000, 0x0000000707400000|  0%| F|  |TAMS 0x0000000707300000, 0x0000000707300000| Untracked 
| 106|0x0000000707400000, 0x0000000707400000, 0x0000000707500000|  0%| F|  |TAMS 0x0000000707400000, 0x0000000707400000| Untracked 
| 107|0x0000000707500000, 0x0000000707500000, 0x0000000707600000|  0%| F|  |TAMS 0x0000000707500000, 0x0000000707500000| Untracked 
| 108|0x0000000707600000, 0x0000000707600000, 0x0000000707700000|  0%| F|  |TAMS 0x0000000707600000, 0x0000000707600000| Untracked 
| 109|0x0000000707700000, 0x0000000707700000, 0x0000000707800000|  0%| F|  |TAMS 0x0000000707700000, 0x0000000707700000| Untracked 
| 110|0x0000000707800000, 0x0000000707800000, 0x0000000707900000|  0%| F|  |TAMS 0x0000000707800000, 0x0000000707800000| Untracked 
| 111|0x0000000707900000, 0x0000000707900000, 0x0000000707a00000|  0%| F|  |TAMS 0x0000000707900000, 0x0000000707900000| Untracked 
| 112|0x0000000707a00000, 0x0000000707a00000, 0x0000000707b00000|  0%| F|  |TAMS 0x0000000707a00000, 0x0000000707a00000| Untracked 
| 113|0x0000000707b00000, 0x0000000707b00000, 0x0000000707c00000|  0%| F|  |TAMS 0x0000000707b00000, 0x0000000707b00000| Untracked 
| 114|0x0000000707c00000, 0x0000000707c00000, 0x0000000707d00000|  0%| F|  |TAMS 0x0000000707c00000, 0x0000000707c00000| Untracked 
| 115|0x0000000707d00000, 0x0000000707d00000, 0x0000000707e00000|  0%| F|  |TAMS 0x0000000707d00000, 0x0000000707d00000| Untracked 
| 116|0x0000000707e00000, 0x0000000707e00000, 0x0000000707f00000|  0%| F|  |TAMS 0x0000000707e00000, 0x0000000707e00000| Untracked 
| 117|0x0000000707f00000, 0x0000000707f00000, 0x0000000708000000|  0%| F|  |TAMS 0x0000000707f00000, 0x0000000707f00000| Untracked 
| 118|0x0000000708000000, 0x0000000708000000, 0x0000000708100000|  0%| F|  |TAMS 0x0000000708000000, 0x0000000708000000| Untracked 
| 119|0x0000000708100000, 0x0000000708100000, 0x0000000708200000|  0%| F|  |TAMS 0x0000000708100000, 0x0000000708100000| Untracked 
| 120|0x0000000708200000, 0x0000000708200000, 0x0000000708300000|  0%| F|  |TAMS 0x0000000708200000, 0x0000000708200000| Untracked 
| 121|0x0000000708300000, 0x0000000708300000, 0x0000000708400000|  0%| F|  |TAMS 0x0000000708300000, 0x0000000708300000| Untracked 
| 122|0x0000000708400000, 0x0000000708400000, 0x0000000708500000|  0%| F|  |TAMS 0x0000000708400000, 0x0000000708400000| Untracked 
| 123|0x0000000708500000, 0x0000000708500000, 0x0000000708600000|  0%| F|  |TAMS 0x0000000708500000, 0x0000000708500000| Untracked 
| 124|0x0000000708600000, 0x0000000708600000, 0x0000000708700000|  0%| F|  |TAMS 0x0000000708600000, 0x0000000708600000| Untracked 
| 125|0x0000000708700000, 0x0000000708700000, 0x0000000708800000|  0%| F|  |TAMS 0x0000000708700000, 0x0000000708700000| Untracked 
| 126|0x0000000708800000, 0x0000000708800000, 0x0000000708900000|  0%| F|  |TAMS 0x0000000708800000, 0x0000000708800000| Untracked 
| 127|0x0000000708900000, 0x0000000708900000, 0x0000000708a00000|  0%| F|  |TAMS 0x0000000708900000, 0x0000000708900000| Untracked 
| 128|0x0000000708a00000, 0x0000000708a00000, 0x0000000708b00000|  0%| F|  |TAMS 0x0000000708a00000, 0x0000000708a00000| Untracked 
| 129|0x0000000708b00000, 0x0000000708b00000, 0x0000000708c00000|  0%| F|  |TAMS 0x0000000708b00000, 0x0000000708b00000| Untracked 
| 130|0x0000000708c00000, 0x0000000708c00000, 0x0000000708d00000|  0%| F|  |TAMS 0x0000000708c00000, 0x0000000708c00000| Untracked 
| 131|0x0000000708d00000, 0x0000000708d00000, 0x0000000708e00000|  0%| F|  |TAMS 0x0000000708d00000, 0x0000000708d00000| Untracked 
| 132|0x0000000708e00000, 0x0000000708e00000, 0x0000000708f00000|  0%| F|  |TAMS 0x0000000708e00000, 0x0000000708e00000| Untracked 
| 133|0x0000000708f00000, 0x0000000708f00000, 0x0000000709000000|  0%| F|  |TAMS 0x0000000708f00000, 0x0000000708f00000| Untracked 
| 134|0x0000000709000000, 0x0000000709000000, 0x0000000709100000|  0%| F|  |TAMS 0x0000000709000000, 0x0000000709000000| Untracked 
| 135|0x0000000709100000, 0x0000000709100000, 0x0000000709200000|  0%| F|  |TAMS 0x0000000709100000, 0x0000000709100000| Untracked 
| 136|0x0000000709200000, 0x0000000709200000, 0x0000000709300000|  0%| F|  |TAMS 0x0000000709200000, 0x0000000709200000| Untracked 
| 137|0x0000000709300000, 0x0000000709300000, 0x0000000709400000|  0%| F|  |TAMS 0x0000000709300000, 0x0000000709300000| Untracked 
| 138|0x0000000709400000, 0x0000000709400000, 0x0000000709500000|  0%| F|  |TAMS 0x0000000709400000, 0x0000000709400000| Untracked 
| 139|0x0000000709500000, 0x0000000709500000, 0x0000000709600000|  0%| F|  |TAMS 0x0000000709500000, 0x0000000709500000| Untracked 
| 140|0x0000000709600000, 0x0000000709600000, 0x0000000709700000|  0%| F|  |TAMS 0x0000000709600000, 0x0000000709600000| Untracked 
| 141|0x0000000709700000, 0x0000000709700000, 0x0000000709800000|  0%| F|  |TAMS 0x0000000709700000, 0x0000000709700000| Untracked 
| 142|0x0000000709800000, 0x0000000709800000, 0x0000000709900000|  0%| F|  |TAMS 0x0000000709800000, 0x0000000709800000| Untracked 
| 143|0x0000000709900000, 0x0000000709900000, 0x0000000709a00000|  0%| F|  |TAMS 0x0000000709900000, 0x0000000709900000| Untracked 
| 144|0x0000000709a00000, 0x0000000709a00000, 0x0000000709b00000|  0%| F|  |TAMS 0x0000000709a00000, 0x0000000709a00000| Untracked 
| 145|0x0000000709b00000, 0x0000000709b00000, 0x0000000709c00000|  0%| F|  |TAMS 0x0000000709b00000, 0x0000000709b00000| Untracked 
| 146|0x0000000709c00000, 0x0000000709c00000, 0x0000000709d00000|  0%| F|  |TAMS 0x0000000709c00000, 0x0000000709c00000| Untracked 
| 147|0x0000000709d00000, 0x0000000709d00000, 0x0000000709e00000|  0%| F|  |TAMS 0x0000000709d00000, 0x0000000709d00000| Untracked 
| 148|0x0000000709e00000, 0x0000000709e00000, 0x0000000709f00000|  0%| F|  |TAMS 0x0000000709e00000, 0x0000000709e00000| Untracked 
| 149|0x0000000709f00000, 0x0000000709f00000, 0x000000070a000000|  0%| F|  |TAMS 0x0000000709f00000, 0x0000000709f00000| Untracked 
| 150|0x000000070a000000, 0x000000070a000000, 0x000000070a100000|  0%| F|  |TAMS 0x000000070a000000, 0x000000070a000000| Untracked 
| 151|0x000000070a100000, 0x000000070a100000, 0x000000070a200000|  0%| F|  |TAMS 0x000000070a100000, 0x000000070a100000| Untracked 
| 152|0x000000070a200000, 0x000000070a200000, 0x000000070a300000|  0%| F|  |TAMS 0x000000070a200000, 0x000000070a200000| Untracked 
| 153|0x000000070a300000, 0x000000070a300000, 0x000000070a400000|  0%| F|  |TAMS 0x000000070a300000, 0x000000070a300000| Untracked 
| 154|0x000000070a400000, 0x000000070a400000, 0x000000070a500000|  0%| F|  |TAMS 0x000000070a400000, 0x000000070a400000| Untracked 
| 155|0x000000070a500000, 0x000000070a500000, 0x000000070a600000|  0%| F|  |TAMS 0x000000070a500000, 0x000000070a500000| Untracked 
| 156|0x000000070a600000, 0x000000070a600000, 0x000000070a700000|  0%| F|  |TAMS 0x000000070a600000, 0x000000070a600000| Untracked 
| 157|0x000000070a700000, 0x000000070a700000, 0x000000070a800000|  0%| F|  |TAMS 0x000000070a700000, 0x000000070a700000| Untracked 
| 158|0x000000070a800000, 0x000000070a800000, 0x000000070a900000|  0%| F|  |TAMS 0x000000070a800000, 0x000000070a800000| Untracked 
| 159|0x000000070a900000, 0x000000070a900000, 0x000000070aa00000|  0%| F|  |TAMS 0x000000070a900000, 0x000000070a900000| Untracked 
| 160|0x000000070aa00000, 0x000000070aa00000, 0x000000070ab00000|  0%| F|  |TAMS 0x000000070aa00000, 0x000000070aa00000| Untracked 
| 161|0x000000070ab00000, 0x000000070ab00000, 0x000000070ac00000|  0%| F|  |TAMS 0x000000070ab00000, 0x000000070ab00000| Untracked 
| 162|0x000000070ac00000, 0x000000070ac00000, 0x000000070ad00000|  0%| F|  |TAMS 0x000000070ac00000, 0x000000070ac00000| Untracked 
| 163|0x000000070ad00000, 0x000000070ae00000, 0x000000070ae00000|100%| S|CS|TAMS 0x000000070ad00000, 0x000000070ad00000| Complete 
| 164|0x000000070ae00000, 0x000000070af00000, 0x000000070af00000|100%| S|CS|TAMS 0x000000070ae00000, 0x000000070ae00000| Complete 
| 165|0x000000070af00000, 0x000000070b000000, 0x000000070b000000|100%| S|CS|TAMS 0x000000070af00000, 0x000000070af00000| Complete 
| 166|0x000000070b000000, 0x000000070b100000, 0x000000070b100000|100%| S|CS|TAMS 0x000000070b000000, 0x000000070b000000| Complete 
| 167|0x000000070b100000, 0x000000070b200000, 0x000000070b200000|100%| S|CS|TAMS 0x000000070b100000, 0x000000070b100000| Complete 
| 168|0x000000070b200000, 0x000000070b300000, 0x000000070b300000|100%| S|CS|TAMS 0x000000070b200000, 0x000000070b200000| Complete 
| 169|0x000000070b300000, 0x000000070b400000, 0x000000070b400000|100%| S|CS|TAMS 0x000000070b300000, 0x000000070b300000| Complete 
| 170|0x000000070b400000, 0x000000070b500000, 0x000000070b500000|100%| S|CS|TAMS 0x000000070b400000, 0x000000070b400000| Complete 
| 171|0x000000070b500000, 0x000000070b600000, 0x000000070b600000|100%| S|CS|TAMS 0x000000070b500000, 0x000000070b500000| Complete 
| 172|0x000000070b600000, 0x000000070b700000, 0x000000070b700000|100%| S|CS|TAMS 0x000000070b600000, 0x000000070b600000| Complete 
| 173|0x000000070b700000, 0x000000070b800000, 0x000000070b800000|100%| S|CS|TAMS 0x000000070b700000, 0x000000070b700000| Complete 
| 174|0x000000070b800000, 0x000000070b800000, 0x000000070b900000|  0%| F|  |TAMS 0x000000070b800000, 0x000000070b800000| Untracked 
| 175|0x000000070b900000, 0x000000070b900000, 0x000000070ba00000|  0%| F|  |TAMS 0x000000070b900000, 0x000000070b900000| Untracked 
| 176|0x000000070ba00000, 0x000000070ba00000, 0x000000070bb00000|  0%| F|  |TAMS 0x000000070ba00000, 0x000000070ba00000| Untracked 
| 177|0x000000070bb00000, 0x000000070bb00000, 0x000000070bc00000|  0%| F|  |TAMS 0x000000070bb00000, 0x000000070bb00000| Untracked 
| 178|0x000000070bc00000, 0x000000070bc00000, 0x000000070bd00000|  0%| F|  |TAMS 0x000000070bc00000, 0x000000070bc00000| Untracked 
| 179|0x000000070bd00000, 0x000000070bd00000, 0x000000070be00000|  0%| F|  |TAMS 0x000000070bd00000, 0x000000070bd00000| Untracked 
| 180|0x000000070be00000, 0x000000070be00000, 0x000000070bf00000|  0%| F|  |TAMS 0x000000070be00000, 0x000000070be00000| Untracked 
| 181|0x000000070bf00000, 0x000000070bf00000, 0x000000070c000000|  0%| F|  |TAMS 0x000000070bf00000, 0x000000070bf00000| Untracked 
| 182|0x000000070c000000, 0x000000070c000000, 0x000000070c100000|  0%| F|  |TAMS 0x000000070c000000, 0x000000070c000000| Untracked 
| 183|0x000000070c100000, 0x000000070c100000, 0x000000070c200000|  0%| F|  |TAMS 0x000000070c100000, 0x000000070c100000| Untracked 
| 184|0x000000070c200000, 0x000000070c200000, 0x000000070c300000|  0%| F|  |TAMS 0x000000070c200000, 0x000000070c200000| Untracked 
| 185|0x000000070c300000, 0x000000070c300000, 0x000000070c400000|  0%| F|  |TAMS 0x000000070c300000, 0x000000070c300000| Untracked 
| 186|0x000000070c400000, 0x000000070c400000, 0x000000070c500000|  0%| F|  |TAMS 0x000000070c400000, 0x000000070c400000| Untracked 
| 187|0x000000070c500000, 0x000000070c500000, 0x000000070c600000|  0%| F|  |TAMS 0x000000070c500000, 0x000000070c500000| Untracked 
| 188|0x000000070c600000, 0x000000070c600000, 0x000000070c700000|  0%| F|  |TAMS 0x000000070c600000, 0x000000070c600000| Untracked 
| 189|0x000000070c700000, 0x000000070c700000, 0x000000070c800000|  0%| F|  |TAMS 0x000000070c700000, 0x000000070c700000| Untracked 
| 190|0x000000070c800000, 0x000000070c800000, 0x000000070c900000|  0%| F|  |TAMS 0x000000070c800000, 0x000000070c800000| Untracked 
| 191|0x000000070c900000, 0x000000070c900000, 0x000000070ca00000|  0%| F|  |TAMS 0x000000070c900000, 0x000000070c900000| Untracked 
| 192|0x000000070ca00000, 0x000000070ca00000, 0x000000070cb00000|  0%| F|  |TAMS 0x000000070ca00000, 0x000000070ca00000| Untracked 
| 193|0x000000070cb00000, 0x000000070cb00000, 0x000000070cc00000|  0%| F|  |TAMS 0x000000070cb00000, 0x000000070cb00000| Untracked 
| 194|0x000000070cc00000, 0x000000070cc00000, 0x000000070cd00000|  0%| F|  |TAMS 0x000000070cc00000, 0x000000070cc00000| Untracked 
| 195|0x000000070cd00000, 0x000000070cd00000, 0x000000070ce00000|  0%| F|  |TAMS 0x000000070cd00000, 0x000000070cd00000| Untracked 
| 196|0x000000070ce00000, 0x000000070ce00000, 0x000000070cf00000|  0%| F|  |TAMS 0x000000070ce00000, 0x000000070ce00000| Untracked 
| 197|0x000000070cf00000, 0x000000070cf00000, 0x000000070d000000|  0%| F|  |TAMS 0x000000070cf00000, 0x000000070cf00000| Untracked 
| 198|0x000000070d000000, 0x000000070d000000, 0x000000070d100000|  0%| F|  |TAMS 0x000000070d000000, 0x000000070d000000| Untracked 
| 199|0x000000070d100000, 0x000000070d100000, 0x000000070d200000|  0%| F|  |TAMS 0x000000070d100000, 0x000000070d100000| Untracked 
| 200|0x000000070d200000, 0x000000070d200000, 0x000000070d300000|  0%| F|  |TAMS 0x000000070d200000, 0x000000070d200000| Untracked 
| 201|0x000000070d300000, 0x000000070d300000, 0x000000070d400000|  0%| F|  |TAMS 0x000000070d300000, 0x000000070d300000| Untracked 
| 202|0x000000070d400000, 0x000000070d400000, 0x000000070d500000|  0%| F|  |TAMS 0x000000070d400000, 0x000000070d400000| Untracked 
| 203|0x000000070d500000, 0x000000070d500000, 0x000000070d600000|  0%| F|  |TAMS 0x000000070d500000, 0x000000070d500000| Untracked 
| 204|0x000000070d600000, 0x000000070d600000, 0x000000070d700000|  0%| F|  |TAMS 0x000000070d600000, 0x000000070d600000| Untracked 
| 205|0x000000070d700000, 0x000000070d700000, 0x000000070d800000|  0%| F|  |TAMS 0x000000070d700000, 0x000000070d700000| Untracked 
| 206|0x000000070d800000, 0x000000070d800000, 0x000000070d900000|  0%| F|  |TAMS 0x000000070d800000, 0x000000070d800000| Untracked 
| 207|0x000000070d900000, 0x000000070d900000, 0x000000070da00000|  0%| F|  |TAMS 0x000000070d900000, 0x000000070d900000| Untracked 
| 208|0x000000070da00000, 0x000000070da00000, 0x000000070db00000|  0%| F|  |TAMS 0x000000070da00000, 0x000000070da00000| Untracked 
| 209|0x000000070db00000, 0x000000070db00000, 0x000000070dc00000|  0%| F|  |TAMS 0x000000070db00000, 0x000000070db00000| Untracked 
| 210|0x000000070dc00000, 0x000000070dc00000, 0x000000070dd00000|  0%| F|  |TAMS 0x000000070dc00000, 0x000000070dc00000| Untracked 
| 211|0x000000070dd00000, 0x000000070dd00000, 0x000000070de00000|  0%| F|  |TAMS 0x000000070dd00000, 0x000000070dd00000| Untracked 
| 212|0x000000070de00000, 0x000000070de00000, 0x000000070df00000|  0%| F|  |TAMS 0x000000070de00000, 0x000000070de00000| Untracked 
| 213|0x000000070df00000, 0x000000070df00000, 0x000000070e000000|  0%| F|  |TAMS 0x000000070df00000, 0x000000070df00000| Untracked 
| 214|0x000000070e000000, 0x000000070e000000, 0x000000070e100000|  0%| F|  |TAMS 0x000000070e000000, 0x000000070e000000| Untracked 
| 215|0x000000070e100000, 0x000000070e100000, 0x000000070e200000|  0%| F|  |TAMS 0x000000070e100000, 0x000000070e100000| Untracked 
| 216|0x000000070e200000, 0x000000070e200000, 0x000000070e300000|  0%| F|  |TAMS 0x000000070e200000, 0x000000070e200000| Untracked 
| 217|0x000000070e300000, 0x000000070e300000, 0x000000070e400000|  0%| F|  |TAMS 0x000000070e300000, 0x000000070e300000| Untracked 
| 218|0x000000070e400000, 0x000000070e400000, 0x000000070e500000|  0%| F|  |TAMS 0x000000070e400000, 0x000000070e400000| Untracked 
| 219|0x000000070e500000, 0x000000070e500000, 0x000000070e600000|  0%| F|  |TAMS 0x000000070e500000, 0x000000070e500000| Untracked 
| 220|0x000000070e600000, 0x000000070e600000, 0x000000070e700000|  0%| F|  |TAMS 0x000000070e600000, 0x000000070e600000| Untracked 
| 221|0x000000070e700000, 0x000000070e700000, 0x000000070e800000|  0%| F|  |TAMS 0x000000070e700000, 0x000000070e700000| Untracked 
| 222|0x000000070e800000, 0x000000070e800000, 0x000000070e900000|  0%| F|  |TAMS 0x000000070e800000, 0x000000070e800000| Untracked 
| 223|0x000000070e900000, 0x000000070e900000, 0x000000070ea00000|  0%| F|  |TAMS 0x000000070e900000, 0x000000070e900000| Untracked 
| 224|0x000000070ea00000, 0x000000070ea00000, 0x000000070eb00000|  0%| F|  |TAMS 0x000000070ea00000, 0x000000070ea00000| Untracked 
| 225|0x000000070eb00000, 0x000000070eb00000, 0x000000070ec00000|  0%| F|  |TAMS 0x000000070eb00000, 0x000000070eb00000| Untracked 
| 226|0x000000070ec00000, 0x000000070ec00000, 0x000000070ed00000|  0%| F|  |TAMS 0x000000070ec00000, 0x000000070ec00000| Untracked 
| 227|0x000000070ed00000, 0x000000070ed00000, 0x000000070ee00000|  0%| F|  |TAMS 0x000000070ed00000, 0x000000070ed00000| Untracked 
| 228|0x000000070ee00000, 0x000000070ee00000, 0x000000070ef00000|  0%| F|  |TAMS 0x000000070ee00000, 0x000000070ee00000| Untracked 
| 229|0x000000070ef00000, 0x000000070ef00000, 0x000000070f000000|  0%| F|  |TAMS 0x000000070ef00000, 0x000000070ef00000| Untracked 
| 230|0x000000070f000000, 0x000000070f000000, 0x000000070f100000|  0%| F|  |TAMS 0x000000070f000000, 0x000000070f000000| Untracked 
| 231|0x000000070f100000, 0x000000070f100000, 0x000000070f200000|  0%| F|  |TAMS 0x000000070f100000, 0x000000070f100000| Untracked 
| 232|0x000000070f200000, 0x000000070f200000, 0x000000070f300000|  0%| F|  |TAMS 0x000000070f200000, 0x000000070f200000| Untracked 
| 233|0x000000070f300000, 0x000000070f300000, 0x000000070f400000|  0%| F|  |TAMS 0x000000070f300000, 0x000000070f300000| Untracked 
| 234|0x000000070f400000, 0x000000070f400000, 0x000000070f500000|  0%| F|  |TAMS 0x000000070f400000, 0x000000070f400000| Untracked 
| 235|0x000000070f500000, 0x000000070f500000, 0x000000070f600000|  0%| F|  |TAMS 0x000000070f500000, 0x000000070f500000| Untracked 
| 236|0x000000070f600000, 0x000000070f600000, 0x000000070f700000|  0%| F|  |TAMS 0x000000070f600000, 0x000000070f600000| Untracked 
| 237|0x000000070f700000, 0x000000070f700000, 0x000000070f800000|  0%| F|  |TAMS 0x000000070f700000, 0x000000070f700000| Untracked 
| 238|0x000000070f800000, 0x000000070f800000, 0x000000070f900000|  0%| F|  |TAMS 0x000000070f800000, 0x000000070f800000| Untracked 
| 239|0x000000070f900000, 0x000000070f900000, 0x000000070fa00000|  0%| F|  |TAMS 0x000000070f900000, 0x000000070f900000| Untracked 
| 240|0x000000070fa00000, 0x000000070fa00000, 0x000000070fb00000|  0%| F|  |TAMS 0x000000070fa00000, 0x000000070fa00000| Untracked 
| 241|0x000000070fb00000, 0x000000070fb00000, 0x000000070fc00000|  0%| F|  |TAMS 0x000000070fb00000, 0x000000070fb00000| Untracked 
| 242|0x000000070fc00000, 0x000000070fc00000, 0x000000070fd00000|  0%| F|  |TAMS 0x000000070fc00000, 0x000000070fc00000| Untracked 
| 243|0x000000070fd00000, 0x000000070fd00000, 0x000000070fe00000|  0%| F|  |TAMS 0x000000070fd00000, 0x000000070fd00000| Untracked 
| 244|0x000000070fe00000, 0x000000070fe00000, 0x000000070ff00000|  0%| F|  |TAMS 0x000000070fe00000, 0x000000070fe00000| Untracked 
| 245|0x000000070ff00000, 0x000000070ff00000, 0x0000000710000000|  0%| F|  |TAMS 0x000000070ff00000, 0x000000070ff00000| Untracked 
| 246|0x0000000710000000, 0x0000000710000000, 0x0000000710100000|  0%| F|  |TAMS 0x0000000710000000, 0x0000000710000000| Untracked 
| 247|0x0000000710100000, 0x0000000710100000, 0x0000000710200000|  0%| F|  |TAMS 0x0000000710100000, 0x0000000710100000| Untracked 
| 248|0x0000000710200000, 0x0000000710200000, 0x0000000710300000|  0%| F|  |TAMS 0x0000000710200000, 0x0000000710200000| Untracked 
| 249|0x0000000710300000, 0x0000000710300000, 0x0000000710400000|  0%| F|  |TAMS 0x0000000710300000, 0x0000000710300000| Untracked 
| 250|0x0000000710400000, 0x0000000710400000, 0x0000000710500000|  0%| F|  |TAMS 0x0000000710400000, 0x0000000710400000| Untracked 
| 251|0x0000000710500000, 0x0000000710500000, 0x0000000710600000|  0%| F|  |TAMS 0x0000000710500000, 0x0000000710500000| Untracked 
| 252|0x0000000710600000, 0x0000000710600000, 0x0000000710700000|  0%| F|  |TAMS 0x0000000710600000, 0x0000000710600000| Untracked 
| 253|0x0000000710700000, 0x0000000710700000, 0x0000000710800000|  0%| F|  |TAMS 0x0000000710700000, 0x0000000710700000| Untracked 
| 254|0x0000000710800000, 0x0000000710800000, 0x0000000710900000|  0%| F|  |TAMS 0x0000000710800000, 0x0000000710800000| Untracked 
| 255|0x0000000710900000, 0x0000000710900000, 0x0000000710a00000|  0%| F|  |TAMS 0x0000000710900000, 0x0000000710900000| Untracked 
| 256|0x0000000710a00000, 0x0000000710a00000, 0x0000000710b00000|  0%| F|  |TAMS 0x0000000710a00000, 0x0000000710a00000| Untracked 
| 257|0x0000000710b00000, 0x0000000710b00000, 0x0000000710c00000|  0%| F|  |TAMS 0x0000000710b00000, 0x0000000710b00000| Untracked 
| 258|0x0000000710c00000, 0x0000000710c00000, 0x0000000710d00000|  0%| F|  |TAMS 0x0000000710c00000, 0x0000000710c00000| Untracked 
| 259|0x0000000710d00000, 0x0000000710d00000, 0x0000000710e00000|  0%| F|  |TAMS 0x0000000710d00000, 0x0000000710d00000| Untracked 
| 260|0x0000000710e00000, 0x0000000710e00000, 0x0000000710f00000|  0%| F|  |TAMS 0x0000000710e00000, 0x0000000710e00000| Untracked 
| 261|0x0000000710f00000, 0x0000000710f00000, 0x0000000711000000|  0%| F|  |TAMS 0x0000000710f00000, 0x0000000710f00000| Untracked 
| 262|0x0000000711000000, 0x0000000711000000, 0x0000000711100000|  0%| F|  |TAMS 0x0000000711000000, 0x0000000711000000| Untracked 
| 263|0x0000000711100000, 0x0000000711100000, 0x0000000711200000|  0%| F|  |TAMS 0x0000000711100000, 0x0000000711100000| Untracked 
| 264|0x0000000711200000, 0x0000000711200000, 0x0000000711300000|  0%| F|  |TAMS 0x0000000711200000, 0x0000000711200000| Untracked 
| 265|0x0000000711300000, 0x0000000711300000, 0x0000000711400000|  0%| F|  |TAMS 0x0000000711300000, 0x0000000711300000| Untracked 
| 266|0x0000000711400000, 0x0000000711400000, 0x0000000711500000|  0%| F|  |TAMS 0x0000000711400000, 0x0000000711400000| Untracked 
| 267|0x0000000711500000, 0x0000000711500000, 0x0000000711600000|  0%| F|  |TAMS 0x0000000711500000, 0x0000000711500000| Untracked 
| 268|0x0000000711600000, 0x0000000711600000, 0x0000000711700000|  0%| F|  |TAMS 0x0000000711600000, 0x0000000711600000| Untracked 
| 269|0x0000000711700000, 0x0000000711700000, 0x0000000711800000|  0%| F|  |TAMS 0x0000000711700000, 0x0000000711700000| Untracked 
| 270|0x0000000711800000, 0x0000000711800000, 0x0000000711900000|  0%| F|  |TAMS 0x0000000711800000, 0x0000000711800000| Untracked 
| 271|0x0000000711900000, 0x0000000711900000, 0x0000000711a00000|  0%| F|  |TAMS 0x0000000711900000, 0x0000000711900000| Untracked 
| 272|0x0000000711a00000, 0x0000000711a00000, 0x0000000711b00000|  0%| F|  |TAMS 0x0000000711a00000, 0x0000000711a00000| Untracked 
| 273|0x0000000711b00000, 0x0000000711b00000, 0x0000000711c00000|  0%| F|  |TAMS 0x0000000711b00000, 0x0000000711b00000| Untracked 
| 274|0x0000000711c00000, 0x0000000711c00000, 0x0000000711d00000|  0%| F|  |TAMS 0x0000000711c00000, 0x0000000711c00000| Untracked 
| 275|0x0000000711d00000, 0x0000000711d00000, 0x0000000711e00000|  0%| F|  |TAMS 0x0000000711d00000, 0x0000000711d00000| Untracked 
| 276|0x0000000711e00000, 0x0000000711e00000, 0x0000000711f00000|  0%| F|  |TAMS 0x0000000711e00000, 0x0000000711e00000| Untracked 
| 277|0x0000000711f00000, 0x0000000711f00000, 0x0000000712000000|  0%| F|  |TAMS 0x0000000711f00000, 0x0000000711f00000| Untracked 
| 278|0x0000000712000000, 0x0000000712000000, 0x0000000712100000|  0%| F|  |TAMS 0x0000000712000000, 0x0000000712000000| Untracked 
| 279|0x0000000712100000, 0x0000000712100000, 0x0000000712200000|  0%| F|  |TAMS 0x0000000712100000, 0x0000000712100000| Untracked 
| 280|0x0000000712200000, 0x0000000712200000, 0x0000000712300000|  0%| F|  |TAMS 0x0000000712200000, 0x0000000712200000| Untracked 
| 281|0x0000000712300000, 0x0000000712300000, 0x0000000712400000|  0%| F|  |TAMS 0x0000000712300000, 0x0000000712300000| Untracked 
| 282|0x0000000712400000, 0x0000000712400000, 0x0000000712500000|  0%| F|  |TAMS 0x0000000712400000, 0x0000000712400000| Untracked 
| 283|0x0000000712500000, 0x0000000712500000, 0x0000000712600000|  0%| F|  |TAMS 0x0000000712500000, 0x0000000712500000| Untracked 
| 284|0x0000000712600000, 0x0000000712600000, 0x0000000712700000|  0%| F|  |TAMS 0x0000000712600000, 0x0000000712600000| Untracked 
| 285|0x0000000712700000, 0x0000000712700000, 0x0000000712800000|  0%| F|  |TAMS 0x0000000712700000, 0x0000000712700000| Untracked 
| 286|0x0000000712800000, 0x0000000712800000, 0x0000000712900000|  0%| F|  |TAMS 0x0000000712800000, 0x0000000712800000| Untracked 
| 287|0x0000000712900000, 0x0000000712900000, 0x0000000712a00000|  0%| F|  |TAMS 0x0000000712900000, 0x0000000712900000| Untracked 
| 288|0x0000000712a00000, 0x0000000712a00000, 0x0000000712b00000|  0%| F|  |TAMS 0x0000000712a00000, 0x0000000712a00000| Untracked 
| 289|0x0000000712b00000, 0x0000000712b00000, 0x0000000712c00000|  0%| F|  |TAMS 0x0000000712b00000, 0x0000000712b00000| Untracked 
| 290|0x0000000712c00000, 0x0000000712c00000, 0x0000000712d00000|  0%| F|  |TAMS 0x0000000712c00000, 0x0000000712c00000| Untracked 
| 291|0x0000000712d00000, 0x0000000712d00000, 0x0000000712e00000|  0%| F|  |TAMS 0x0000000712d00000, 0x0000000712d00000| Untracked 
| 292|0x0000000712e00000, 0x0000000712e00000, 0x0000000712f00000|  0%| F|  |TAMS 0x0000000712e00000, 0x0000000712e00000| Untracked 
| 293|0x0000000712f00000, 0x0000000712f00000, 0x0000000713000000|  0%| F|  |TAMS 0x0000000712f00000, 0x0000000712f00000| Untracked 
| 294|0x0000000713000000, 0x0000000713000000, 0x0000000713100000|  0%| F|  |TAMS 0x0000000713000000, 0x0000000713000000| Untracked 
| 295|0x0000000713100000, 0x0000000713100000, 0x0000000713200000|  0%| F|  |TAMS 0x0000000713100000, 0x0000000713100000| Untracked 
| 296|0x0000000713200000, 0x0000000713200000, 0x0000000713300000|  0%| F|  |TAMS 0x0000000713200000, 0x0000000713200000| Untracked 
| 297|0x0000000713300000, 0x0000000713300000, 0x0000000713400000|  0%| F|  |TAMS 0x0000000713300000, 0x0000000713300000| Untracked 
| 298|0x0000000713400000, 0x0000000713400000, 0x0000000713500000|  0%| F|  |TAMS 0x0000000713400000, 0x0000000713400000| Untracked 
| 299|0x0000000713500000, 0x0000000713500000, 0x0000000713600000|  0%| F|  |TAMS 0x0000000713500000, 0x0000000713500000| Untracked 
| 300|0x0000000713600000, 0x0000000713600000, 0x0000000713700000|  0%| F|  |TAMS 0x0000000713600000, 0x0000000713600000| Untracked 
| 301|0x0000000713700000, 0x0000000713700000, 0x0000000713800000|  0%| F|  |TAMS 0x0000000713700000, 0x0000000713700000| Untracked 
| 302|0x0000000713800000, 0x0000000713800000, 0x0000000713900000|  0%| F|  |TAMS 0x0000000713800000, 0x0000000713800000| Untracked 
| 303|0x0000000713900000, 0x0000000713900000, 0x0000000713a00000|  0%| F|  |TAMS 0x0000000713900000, 0x0000000713900000| Untracked 
| 304|0x0000000713a00000, 0x0000000713a00000, 0x0000000713b00000|  0%| F|  |TAMS 0x0000000713a00000, 0x0000000713a00000| Untracked 
| 305|0x0000000713b00000, 0x0000000713b00000, 0x0000000713c00000|  0%| F|  |TAMS 0x0000000713b00000, 0x0000000713b00000| Untracked 
| 306|0x0000000713c00000, 0x0000000713c00000, 0x0000000713d00000|  0%| F|  |TAMS 0x0000000713c00000, 0x0000000713c00000| Untracked 
| 307|0x0000000713d00000, 0x0000000713d00000, 0x0000000713e00000|  0%| F|  |TAMS 0x0000000713d00000, 0x0000000713d00000| Untracked 

Card table byte_map: [0x000001e5f5cf0000,0x000001e5f64f0000] _byte_map_base: 0x000001e5f24eb000

Marking Bits (Prev, Next): (CMBitMap*) 0x000001e5ecaab6e0, (CMBitMap*) 0x000001e5ecaab6a8
 Prev Bits: [0x000001e5facd0000, 0x000001e5feca8000)
 Next Bits: [0x000001e5f6cf0000, 0x000001e5facc8000)

Polling page: 0x000001e5ea9d0000

Metaspace:

Usage:
  Non-class:     72.53 MB capacity,    71.94 MB (>99%) used,   471.92 KB ( <1%) free+waste,   129.00 KB ( <1%) overhead. 
      Class:      8.91 MB capacity,     8.55 MB ( 96%) used,   306.11 KB (  3%) free+waste,    52.63 KB ( <1%) overhead. 
       Both:     81.43 MB capacity,    80.49 MB ( 99%) used,   778.03 KB ( <1%) free+waste,   181.63 KB ( <1%) overhead. 

Virtual space:
  Non-class space:       74.00 MB reserved,      72.75 MB ( 98%) committed 
      Class space:        1.00 GB reserved,       9.00 MB ( <1%) committed 
             Both:        1.07 GB reserved,      81.75 MB (  7%) committed 

Chunk freelists:
   Non-Class:  37.00 KB
       Class:  1.00 KB
        Both:  38.00 KB

MaxMetaspaceSize: 17179869184.00 GB
CompressedClassSpaceSize: 1.00 GB
Initial GC threshold: 20.80 MB
Current GC threshold: 98.34 MB
CDS: off

CodeHeap 'non-profiled nmethods': size=120000Kb used=8471Kb max_used=8471Kb free=111528Kb
 bounds [0x000001e587ad0000, 0x000001e588320000, 0x000001e58f000000]
CodeHeap 'profiled nmethods': size=120000Kb used=45527Kb max_used=45527Kb free=74472Kb
 bounds [0x000001e5805a0000, 0x000001e583220000, 0x000001e587ad0000]
CodeHeap 'non-nmethods': size=5760Kb used=1395Kb max_used=1434Kb free=4364Kb
 bounds [0x000001e580000000, 0x000001e580270000, 0x000001e5805a0000]
 total_blobs=14474 nmethods=13787 adapters=594
 compilation: enabled
              stopped_count=0, restarted_count=0
 full_count=0

Compilation events (20 events):
Event: 11.863 Thread 0x000001e5ff84b000 nmethod 13887 0x000001e583207e10 code [0x000001e583208040, 0x000001e5832086a8]
Event: 11.863 Thread 0x000001e5ff84b000 13877       1       org.jetbrains.kotlin.backend.common.lower.LocalDeclarationsLowering$LocalClassContext::getDeclaration (5 bytes)
Event: 11.864 Thread 0x000001e5ff84b000 nmethod 13877 0x000001e588315b10 code [0x000001e588315cc0, 0x000001e588315d78]
Event: 11.864 Thread 0x000001e5ff84b000 13852       3       org.jetbrains.kotlin.backend.jvm.lower.RecordEnclosingMethodsLowering$lower$1::visitValueAccess (13 bytes)
Event: 11.864 Thread 0x000001e5ff84b000 nmethod 13852 0x000001e583208910 code [0x000001e583208ba0, 0x000001e583209638]
Event: 11.864 Thread 0x000001e5ff84b000 13890       3       org.jetbrains.kotlin.backend.jvm.lower.CompanionObjectJvmStaticTransformer::visitCall (306 bytes)
Event: 11.867 Thread 0x000001e5ff84b000 nmethod 13890 0x000001e583209a10 code [0x000001e583209fe0, 0x000001e58320d2b8]
Event: 11.867 Thread 0x000001e5ff84b000 13895       3       org.jetbrains.kotlin.ir.util.IrUtilsKt::computeAllOverridden (61 bytes)
Event: 11.867 Thread 0x000001e5ff84b000 nmethod 13895 0x000001e58320e110 code [0x000001e58320e360, 0x000001e58320ecc8]
Event: 11.867 Thread 0x000001e5ff84b000 13891       3       org.jetbrains.kotlin.backend.jvm.lower.CompanionObjectJvmStaticTransformer::shouldReplaceWithStaticCall (43 bytes)
Event: 11.868 Thread 0x000001e5ff84b000 nmethod 13891 0x000001e58320ef90 code [0x000001e58320f1a0, 0x000001e58320f728]
Event: 11.868 Thread 0x000001e5ff84b000 13897       3       org.jetbrains.kotlin.ir.util.IrFakeOverrideUtilsKt::collectRealOverrides (172 bytes)
Event: 11.871 Thread 0x000001e5ff84b000 nmethod 13897 0x000001e58320f910 code [0x000001e58320ff60, 0x000001e583213678]
Event: 11.871 Thread 0x000001e5ff84b000 13896       3       org.jetbrains.org.objectweb.asm.commons.Method::equals (48 bytes)
Event: 11.871 Thread 0x000001e5ff84b000 nmethod 13896 0x000001e583214890 code [0x000001e583214a80, 0x000001e583214f18]
Event: 11.871 Thread 0x000001e5ff84b000 13892       3       org.jetbrains.kotlin.backend.jvm.lower.JvmStaticAnnotationLoweringKt::access$isJvmStaticInCompanion (5 bytes)
Event: 11.871 Thread 0x000001e5ff84b000 nmethod 13892 0x000001e583215090 code [0x000001e583215240, 0x000001e583215348]
Event: 11.871 Thread 0x000001e5ff84b000 13893       3       org.jetbrains.kotlin.backend.jvm.lower.JvmStaticAnnotationLoweringKt::isJvmStaticInCompanion (59 bytes)
Event: 11.871 Thread 0x000001e5ff84b000 nmethod 13893 0x000001e583215410 code [0x000001e583215620, 0x000001e583215c68]
Event: 11.871 Thread 0x000001e5ff84b000 13894       3       org.jetbrains.kotlin.backend.jvm.lower.StaticDefaultFunctionLowering::visitCall (72 bytes)

GC Heap History (17 events):
Event: 0.480 GC heap before
{Heap before GC invocations=0 (full 0):
 garbage-first heap   total 262144K, used 28672K [0x0000000700a00000, 0x0000000800000000)
  region size 1024K, 24 young (24576K), 0 survivors (0K)
 Metaspace       used 12180K, capacity 12286K, committed 12416K, reserved 1060864K
  class space    used 1081K, capacity 1113K, committed 1152K, reserved 1048576K
}
Event: 0.483 GC heap after
{Heap after GC invocations=1 (full 0):
 garbage-first heap   total 262144K, used 7349K [0x0000000700a00000, 0x0000000800000000)
  region size 1024K, 3 young (3072K), 3 survivors (3072K)
 Metaspace       used 12180K, capacity 12286K, committed 12416K, reserved 1060864K
  class space    used 1081K, capacity 1113K, committed 1152K, reserved 1048576K
}
Event: 1.031 GC heap before
{Heap before GC invocations=1 (full 0):
 garbage-first heap   total 262144K, used 45237K [0x0000000700a00000, 0x0000000800000000)
  region size 1024K, 41 young (41984K), 3 survivors (3072K)
 Metaspace       used 20909K, capacity 21181K, committed 21248K, reserved 1069056K
  class space    used 2198K, capacity 2295K, committed 2304K, reserved 1048576K
}
Event: 1.037 GC heap after
{Heap after GC invocations=2 (full 0):
 garbage-first heap   total 262144K, used 11039K [0x0000000700a00000, 0x0000000800000000)
  region size 1024K, 7 young (7168K), 7 survivors (7168K)
 Metaspace       used 20909K, capacity 21181K, committed 21248K, reserved 1069056K
  class space    used 2198K, capacity 2295K, committed 2304K, reserved 1048576K
}
Event: 1.725 GC heap before
{Heap before GC invocations=3 (full 0):
 garbage-first heap   total 262144K, used 71455K [0x0000000700a00000, 0x0000000800000000)
  region size 1024K, 57 young (58368K), 7 survivors (7168K)
 Metaspace       used 31745K, capacity 32251K, committed 32384K, reserved 1077248K
  class space    used 3747K, capacity 3941K, committed 3968K, reserved 1048576K
}
Event: 1.735 GC heap after
{Heap after GC invocations=4 (full 0):
 garbage-first heap   total 262144K, used 28186K [0x0000000700a00000, 0x0000000800000000)
  region size 1024K, 8 young (8192K), 8 survivors (8192K)
 Metaspace       used 31745K, capacity 32251K, committed 32384K, reserved 1077248K
  class space    used 3747K, capacity 3941K, committed 3968K, reserved 1048576K
}
Event: 1.866 GC heap before
{Heap before GC invocations=4 (full 0):
 garbage-first heap   total 262144K, used 49690K [0x0000000700a00000, 0x0000000800000000)
  region size 1024K, 29 young (29696K), 8 survivors (8192K)
 Metaspace       used 31897K, capacity 32388K, committed 32640K, reserved 1077248K
  class space    used 3752K, capacity 3943K, committed 3968K, reserved 1048576K
}
Event: 1.878 GC heap after
{Heap after GC invocations=5 (full 0):
 garbage-first heap   total 262144K, used 29696K [0x0000000700a00000, 0x0000000800000000)
  region size 1024K, 4 young (4096K), 4 survivors (4096K)
 Metaspace       used 31897K, capacity 32388K, committed 32640K, reserved 1077248K
  class space    used 3752K, capacity 3943K, committed 3968K, reserved 1048576K
}
Event: 2.262 GC heap before
{Heap before GC invocations=5 (full 0):
 garbage-first heap   total 262144K, used 53248K [0x0000000700a00000, 0x0000000800000000)
  region size 1024K, 28 young (28672K), 4 survivors (4096K)
 Metaspace       used 35166K, capacity 35708K, committed 35840K, reserved 1081344K
  class space    used 4244K, capacity 4466K, committed 4480K, reserved 1048576K
}
Event: 2.269 GC heap after
{Heap after GC invocations=6 (full 0):
 garbage-first heap   total 315392K, used 31307K [0x0000000700a00000, 0x0000000800000000)
  region size 1024K, 7 young (7168K), 7 survivors (7168K)
 Metaspace       used 35166K, capacity 35708K, committed 35840K, reserved 1081344K
  class space    used 4244K, capacity 4466K, committed 4480K, reserved 1048576K
}
Event: 3.206 GC heap before
{Heap before GC invocations=7 (full 0):
 garbage-first heap   total 315392K, used 102987K [0x0000000700a00000, 0x0000000800000000)
  region size 1024K, 70 young (71680K), 7 survivors (7168K)
 Metaspace       used 47327K, capacity 47944K, committed 48128K, reserved 1091584K
  class space    used 5524K, capacity 5765K, committed 5888K, reserved 1048576K
}
Event: 3.216 GC heap after
{Heap after GC invocations=8 (full 0):
 garbage-first heap   total 315392K, used 46552K [0x0000000700a00000, 0x0000000800000000)
  region size 1024K, 9 young (9216K), 9 survivors (9216K)
 Metaspace       used 47327K, capacity 47944K, committed 48128K, reserved 1091584K
  class space    used 5524K, capacity 5765K, committed 5888K, reserved 1048576K
}
Event: 5.057 GC heap before
{Heap before GC invocations=8 (full 0):
 garbage-first heap   total 315392K, used 168408K [0x0000000700a00000, 0x0000000800000000)
  region size 1024K, 128 young (131072K), 9 survivors (9216K)
 Metaspace       used 59270K, capacity 60052K, committed 60160K, reserved 1101824K
  class space    used 6751K, capacity 7080K, committed 7168K, reserved 1048576K
}
Event: 5.097 GC heap after
{Heap after GC invocations=9 (full 0):
 garbage-first heap   total 315392K, used 58134K [0x0000000700a00000, 0x0000000800000000)
  region size 1024K, 17 young (17408K), 17 survivors (17408K)
 Metaspace       used 59270K, capacity 60052K, committed 60160K, reserved 1101824K
  class space    used 6751K, capacity 7080K, committed 7168K, reserved 1048576K
}
Event: 9.104 GC heap before
{Heap before GC invocations=10 (full 0):
 garbage-first heap   total 315392K, used 193302K [0x0000000700a00000, 0x0000000800000000)
  region size 1024K, 148 young (151552K), 17 survivors (17408K)
 Metaspace       used 65864K, capacity 66703K, committed 66944K, reserved 1107968K
  class space    used 7174K, capacity 7507K, committed 7552K, reserved 1048576K
}
Event: 9.128 GC heap after
{Heap after GC invocations=11 (full 0):
 garbage-first heap   total 315392K, used 72893K [0x0000000700a00000, 0x0000000800000000)
  region size 1024K, 14 young (14336K), 14 survivors (14336K)
 Metaspace       used 65864K, capacity 66703K, committed 66944K, reserved 1107968K
  class space    used 7174K, capacity 7507K, committed 7552K, reserved 1048576K
}
Event: 11.873 GC heap before
{Heap before GC invocations=11 (full 0):
 garbage-first heap   total 315392K, used 212157K [0x0000000700a00000, 0x0000000800000000)
  region size 1024K, 148 young (151552K), 14 survivors (14336K)
 Metaspace       used 82426K, capacity 83386K, committed 83712K, reserved 1124352K
  class space    used 8760K, capacity 9119K, committed 9216K, reserved 1048576K
}

Deoptimization events (20 events):
Event: 11.639 Thread 0x000001e5eca46000 Uncommon trap: trap_request=0xffffff4d fr.pc=0x000001e5880fd908 relative=0x00000000000001c8
Event: 11.639 Thread 0x000001e5eca46000 Uncommon trap: reason=unstable_if action=reinterpret pc=0x000001e5880fd908 method=org.jetbrains.kotlin.resolve.DescriptorUtils.isAnonymousObject(Lorg/jetbrains/kotlin/descriptors/DeclarationDescriptor;)Z @ 28 c2
Event: 11.639 Thread 0x000001e5eca46000 DEOPT PACKING pc=0x000001e5880fd908 sp=0x000000723bffb010
Event: 11.639 Thread 0x000001e5eca46000 DEOPT UNPACKING pc=0x000001e58004a1af sp=0x000000723bffafb0 mode 2
Event: 11.729 Thread 0x000001e5eca46000 Uncommon trap: trap_request=0xffffff4d fr.pc=0x000001e587ea53c0 relative=0x0000000000002fe0
Event: 11.729 Thread 0x000001e5eca46000 Uncommon trap: reason=unstable_if action=reinterpret pc=0x000001e587ea53c0 method=org.jetbrains.org.objectweb.asm.ClassReader.readMethod(Lorg/jetbrains/org/objectweb/asm/ClassVisitor;Lorg/jetbrains/org/objectweb/asm/Context;I)I @ 151 c2
Event: 11.729 Thread 0x000001e5eca46000 DEOPT PACKING pc=0x000001e587ea53c0 sp=0x000000723bffc730
Event: 11.729 Thread 0x000001e5eca46000 DEOPT UNPACKING pc=0x000001e58004a1af sp=0x000000723bffc6f8 mode 2
Event: 11.796 Thread 0x000001e5eca46000 Uncommon trap: trap_request=0xffffff4d fr.pc=0x000001e587fd49f8 relative=0x0000000000000578
Event: 11.796 Thread 0x000001e5eca46000 Uncommon trap: reason=unstable_if action=reinterpret pc=0x000001e587fd49f8 method=org.jetbrains.kotlin.resolve.calls.inference.components.NewTypeSubstitutor$DefaultImpls.substitute(Lorg/jetbrains/kotlin/resolve/calls/inference/components/NewTypeSubstituto
Event: 11.796 Thread 0x000001e5eca46000 DEOPT PACKING pc=0x000001e587fd49f8 sp=0x000000723bffd5c0
Event: 11.796 Thread 0x000001e5eca46000 DEOPT UNPACKING pc=0x000001e58004a1af sp=0x000000723bffd550 mode 2
Event: 11.796 Thread 0x000001e5eca46000 Uncommon trap: trap_request=0xffffff4d fr.pc=0x000001e5882fa2a4 relative=0x0000000000000fa4
Event: 11.796 Thread 0x000001e5eca46000 Uncommon trap: reason=unstable_if action=reinterpret pc=0x000001e5882fa2a4 method=org.jetbrains.kotlin.types.checker.ClassicTypeSystemContext$DefaultImpls.asRawType(Lorg/jetbrains/kotlin/types/checker/ClassicTypeSystemContext;Lorg/jetbrains/kotlin/types/m
Event: 11.796 Thread 0x000001e5eca46000 DEOPT PACKING pc=0x000001e5882fa2a4 sp=0x000000723bffd3a0
Event: 11.796 Thread 0x000001e5eca46000 DEOPT UNPACKING pc=0x000001e58004a1af sp=0x000000723bffd1f8 mode 2
Event: 11.796 Thread 0x000001e5eca46000 Uncommon trap: trap_request=0xffffff4d fr.pc=0x000001e5882bb2f4 relative=0x00000000000024f4
Event: 11.796 Thread 0x000001e5eca46000 Uncommon trap: reason=unstable_if action=reinterpret pc=0x000001e5882bb2f4 method=org.jetbrains.kotlin.ir.util.TypeTranslator.translateTypeAnnotations(Lorg/jetbrains/kotlin/types/KotlinType;Lorg/jetbrains/kotlin/types/KotlinType;)Ljava/util/List; @ 205 c2
Event: 11.796 Thread 0x000001e5eca46000 DEOPT PACKING pc=0x000001e5882bb2f4 sp=0x000000723bffd7f0
Event: 11.796 Thread 0x000001e5eca46000 DEOPT UNPACKING pc=0x000001e58004a1af sp=0x000000723bffd788 mode 2

Classes redefined (0 events):
No events

Internal exceptions (20 events):
Event: 4.997 Thread 0x000001e5eca46000 Implicit null exception at 0x000001e587b366f8 to 0x000001e587b3678a
Event: 5.184 Thread 0x000001e5eca46000 Implicit null exception at 0x000001e587e3a3db to 0x000001e587e3ef80
Event: 5.555 Thread 0x000001e5eca46000 Exception <a 'java/lang/NoSuchMethodError'{0x0000000713154af0}: 'java.lang.Object java.lang.invoke.Invokers$Holder.linkToTargetMethod(java.lang.Object, java.lang.Object, java.lang.Object, java.lang.Object, java.lang.Object, java.lang.Object, java.lang.Object)'> (0x0000000713154af0) thrown at [./src/hotspot/share/interpreter/linkResolver.cpp, line 773]
Event: 5.697 Thread 0x000001e5eca46000 Exception <a 'java/lang/NoSuchMethodError'{0x0000000712e7e920}: 'java.lang.Object java.lang.invoke.DirectMethodHandle$Holder.invokeInterface(java.lang.Object, java.lang.Object, java.lang.Object)'> (0x0000000712e7e920) thrown at [./src/hotspot/share/interpreter/linkResolver.cpp, line 773]
Event: 5.697 Thread 0x000001e5eca46000 Exception <a 'java/lang/IncompatibleClassChangeError'{0x0000000712e81da8}: Found class java.lang.Object, but interface was expected> (0x0000000712e81da8) thrown at [./src/hotspot/share/interpreter/linkResolver.cpp, line 839]
Event: 5.739 Thread 0x000001e5eca46000 Implicit null exception at 0x000001e587e6381d to 0x000001e587e65ad4
Event: 6.130 Thread 0x000001e5eca46000 Implicit null exception at 0x000001e587b42374 to 0x000001e587b425a4
Event: 6.239 Thread 0x000001e5eca46000 Exception <a 'java/lang/NoSuchMethodError'{0x0000000711de5208}: 'int java.lang.invoke.DirectMethodHandle$Holder.invokeStaticInit(java.lang.Object, int)'> (0x0000000711de5208) thrown at [./src/hotspot/share/interpreter/linkResolver.cpp, line 773]
Event: 6.701 Thread 0x000001e5eca46000 Exception <a 'java/lang/NoSuchMethodError'{0x0000000710da9c70}: 'java.lang.Object java.lang.invoke.Invokers$Holder.linkToTargetMethod(java.lang.Object, java.lang.Object, java.lang.Object, int, int, java.lang.Object)'> (0x0000000710da9c70) thrown at [./src/hotspot/share/interpreter/linkResolver.cpp, line 773]
Event: 9.892 Thread 0x000001e5eca46000 Implicit null exception at 0x000001e587b2c875 to 0x000001e587b2ca64
Event: 10.356 Thread 0x000001e5eca46000 Exception <a 'java/lang/NoSuchMethodError'{0x0000000710012cc0}: 'int java.lang.invoke.DirectMethodHandle$Holder.invokeStaticInit(java.lang.Object, java.lang.Object, java.lang.Object, java.lang.Object)'> (0x0000000710012cc0) thrown at [./src/hotspot/share/interpreter/linkResolver.cpp, line 773]
Event: 10.399 Thread 0x000001e5eca46000 Exception <a 'java/lang/NoSuchMethodError'{0x000000070fd57b20}: 'java.lang.Object java.lang.invoke.DirectMethodHandle$Holder.invokeStatic(java.lang.Object, java.lang.Object, java.lang.Object, int, int, java.lang.Object, java.lang.Object, java.lang.Object, java.lang.Object)'> (0x000000070fd57b20) thrown at [./src/hotspot/share/interpreter/linkResolver.cpp, line 773]
Event: 10.406 Thread 0x000001e5eca46000 Exception <a 'java/lang/NoSuchMethodError'{0x000000070fdd2670}: 'java.lang.Object java.lang.invoke.DirectMethodHandle$Holder.invokeStatic(java.lang.Object, java.lang.Object, java.lang.Object, int, int, java.lang.Object, java.lang.Object)'> (0x000000070fdd2670) thrown at [./src/hotspot/share/interpreter/linkResolver.cpp, line 773]
Event: 10.407 Thread 0x000001e5eca46000 Exception <a 'java/lang/NoSuchMethodError'{0x000000070fdd6530}: 'java.lang.Object java.lang.invoke.DirectMethodHandle$Holder.invokeSpecial(java.lang.Object, java.lang.Object, java.lang.Object, java.lang.Object, int, int, java.lang.Object, java.lang.Object)'> (0x000000070fdd6530) thrown at [./src/hotspot/share/interpreter/linkResolver.cpp, line 773]
Event: 10.407 Thread 0x000001e5eca46000 Exception <a 'java/lang/NoSuchMethodError'{0x000000070fdd9be8}: 'java.lang.Object java.lang.invoke.Invokers$Holder.linkToTargetMethod(java.lang.Object, java.lang.Object, int, int, java.lang.Object, java.lang.Object, java.lang.Object)'> (0x000000070fdd9be8) thrown at [./src/hotspot/share/interpreter/linkResolver.cpp, line 773]
Event: 10.585 Thread 0x000001e5eca46000 Exception <a 'java/lang/NoSuchMethodError'{0x000000070f5472d8}: 'java.lang.Object java.lang.invoke.DirectMethodHandle$Holder.invokeStatic(java.lang.Object, java.lang.Object, java.lang.Object, int, int, java.lang.Object, java.lang.Object, java.lang.Object)'> (0x000000070f5472d8) thrown at [./src/hotspot/share/interpreter/linkResolver.cpp, line 773]
Event: 10.586 Thread 0x000001e5eca46000 Exception <a 'java/lang/NoSuchMethodError'{0x000000070f54f318}: 'java.lang.Object java.lang.invoke.DirectMethodHandle$Holder.invokeStatic(java.lang.Object, java.lang.Object, java.lang.Object, int, int)'> (0x000000070f54f318) thrown at [./src/hotspot/share/interpreter/linkResolver.cpp, line 773]
Event: 10.586 Thread 0x000001e5eca46000 Exception <a 'java/lang/NoSuchMethodError'{0x000000070f552af8}: 'java.lang.Object java.lang.invoke.DirectMethodHandle$Holder.invokeSpecial(java.lang.Object, java.lang.Object, java.lang.Object, java.lang.Object, int, int)'> (0x000000070f552af8) thrown at [./src/hotspot/share/interpreter/linkResolver.cpp, line 773]
Event: 10.586 Thread 0x000001e5eca46000 Exception <a 'java/lang/NoSuchMethodError'{0x000000070f555c00}: 'java.lang.Object java.lang.invoke.Invokers$Holder.linkToTargetMethod(java.lang.Object, java.lang.Object, int, int, java.lang.Object)'> (0x000000070f555c00) thrown at [./src/hotspot/share/interpreter/linkResolver.cpp, line 773]
Event: 10.904 Thread 0x000001e5eca46000 Exception <a 'java/lang/NoSuchMethodError'{0x000000070ea5edc8}: 'java.lang.Object java.lang.invoke.DirectMethodHandle$Holder.invokeSpecial(java.lang.Object, java.lang.Object, int, int, java.lang.Object, java.lang.Object, java.lang.Object, java.lang.Object, java.lang.Object)'> (0x000000070ea5edc8) thrown at [./src/hotspot/share/interpreter/linkResolver.cpp, line 773]

Events (20 events):
Event: 11.740 loading class org/jetbrains/kotlin/backend/jvm/lower/MoveOrCopyCompanionObjectFieldsLowering$handle$2 done
Event: 11.760 loading class org/jetbrains/kotlin/backend/common/lower/LocalClassPopupLowering$ExtractedLocalClass
Event: 11.760 loading class org/jetbrains/kotlin/backend/common/lower/LocalClassPopupLowering$ExtractedLocalClass done
Event: 11.762 Executing VM operation: ICBufferFull
Event: 11.762 Executing VM operation: ICBufferFull done
Event: 11.777 loading class org/jetbrains/kotlin/builtins/CompanionObjectMappingUtilsKt
Event: 11.777 loading class org/jetbrains/kotlin/builtins/CompanionObjectMappingUtilsKt done
Event: 11.777 loading class org/jetbrains/kotlin/backend/jvm/lower/ObjectClassLowering$process$6
Event: 11.777 loading class org/jetbrains/kotlin/backend/jvm/lower/ObjectClassLowering$process$6 done
Event: 11.779 loading class org/jetbrains/kotlin/backend/common/lower/LoweredStatementOrigins$SYNTHESIZED_INIT_BLOCK
Event: 11.779 loading class org/jetbrains/kotlin/backend/common/lower/LoweredStatementOrigins$SYNTHESIZED_INIT_BLOCK done
Event: 11.781 loading class org/jetbrains/kotlin/backend/common/lower/InitializersCleanupLowering$transformFlat$1$1
Event: 11.781 loading class org/jetbrains/kotlin/backend/common/lower/InitializersCleanupLowering$transformFlat$1$1 done
Event: 11.787 loading class org/jetbrains/kotlin/types/AbstractTypeMapper$WhenMappings
Event: 11.787 loading class org/jetbrains/kotlin/types/AbstractTypeMapper$WhenMappings done
Event: 11.819 loading class org/jetbrains/kotlin/ir/util/IrFakeOverrideUtilsKt$collectRealOverrides$2
Event: 11.819 loading class org/jetbrains/kotlin/ir/util/IrFakeOverrideUtilsKt$collectRealOverrides$2 done
Event: 11.820 loading class org/jetbrains/kotlin/backend/jvm/JvmLoweredDeclarationOrigin$SYNTHETIC_MARKER_PARAMETER
Event: 11.820 loading class org/jetbrains/kotlin/backend/jvm/JvmLoweredDeclarationOrigin$SYNTHETIC_MARKER_PARAMETER done
Event: 11.873 Executing VM operation: G1CollectForAllocation


Dynamic libraries:
0x00007ff64dfa0000 - 0x00007ff64dfad000 	C:\Program Files\Microsoft\jdk-11.0.18.10-hotspot\bin\java.exe
0x00007ff94d550000 - 0x00007ff94d748000 	C:\Windows\SYSTEM32\ntdll.dll
0x00007ff94cbf0000 - 0x00007ff94ccaf000 	C:\Windows\System32\KERNEL32.DLL
0x00007ff94af70000 - 0x00007ff94b242000 	C:\Windows\System32\KERNELBASE.dll
0x00007ff94b490000 - 0x00007ff94b590000 	C:\Windows\System32\ucrtbase.dll
0x00007ff9481b0000 - 0x00007ff9481c5000 	C:\Program Files\Microsoft\jdk-11.0.18.10-hotspot\bin\VCRUNTIME140.dll
0x00007ff947d10000 - 0x00007ff947d27000 	C:\Program Files\Microsoft\jdk-11.0.18.10-hotspot\bin\jli.dll
0x00007ff94c600000 - 0x00007ff94c7a1000 	C:\Windows\System32\USER32.dll
0x00007ff9328f0000 - 0x00007ff932b8a000 	C:\Windows\WinSxS\amd64_microsoft.windows.common-controls_6595b64144ccf1df_6.0.19041.1110_none_60b5254171f9507e\COMCTL32.dll
0x00007ff94ac90000 - 0x00007ff94acb2000 	C:\Windows\System32\win32u.dll
0x00007ff94bce0000 - 0x00007ff94bd7e000 	C:\Windows\System32\msvcrt.dll
0x00007ff94c960000 - 0x00007ff94c98b000 	C:\Windows\System32\GDI32.dll
0x00007ff94ad50000 - 0x00007ff94ae5f000 	C:\Windows\System32\gdi32full.dll
0x00007ff94ae60000 - 0x00007ff94aefd000 	C:\Windows\System32\msvcp_win.dll
0x00007ff94cd60000 - 0x00007ff94cd92000 	C:\Windows\System32\IMM32.DLL
0x00007ff9070f0000 - 0x00007ff90718b000 	C:\Program Files\Microsoft\jdk-11.0.18.10-hotspot\bin\msvcp140.dll
0x00007ff906550000 - 0x00007ff9070e2000 	C:\Program Files\Microsoft\jdk-11.0.18.10-hotspot\bin\server\jvm.dll
0x00007ff94ccb0000 - 0x00007ff94cd5e000 	C:\Windows\System32\ADVAPI32.dll
0x00007ff94cda0000 - 0x00007ff94ce3c000 	C:\Windows\System32\sechost.dll
0x00007ff94bd80000 - 0x00007ff94bea5000 	C:\Windows\System32\RPCRT4.dll
0x00007ff94d2d0000 - 0x00007ff94d2d8000 	C:\Windows\System32\PSAPI.DLL
0x00007ff943de0000 - 0x00007ff943de9000 	C:\Windows\SYSTEM32\WSOCK32.dll
0x00007ff9402a0000 - 0x00007ff9402c7000 	C:\Windows\SYSTEM32\WINMM.dll
0x00007ff94ca80000 - 0x00007ff94caeb000 	C:\Windows\System32\WS2_32.dll
0x00007ff943b90000 - 0x00007ff943b9a000 	C:\Windows\SYSTEM32\VERSION.dll
0x00007ff948b20000 - 0x00007ff948b32000 	C:\Windows\SYSTEM32\kernel.appcore.dll
0x00007ff942af0000 - 0x00007ff942b00000 	C:\Program Files\Microsoft\jdk-11.0.18.10-hotspot\bin\verify.dll
0x00007ff946850000 - 0x00007ff946a34000 	C:\Windows\SYSTEM32\DBGHELP.DLL
0x00007ff939d10000 - 0x00007ff939d45000 	C:\Windows\SYSTEM32\dbgcore.DLL
0x00007ff94acc0000 - 0x00007ff94ad42000 	C:\Windows\System32\bcryptPrimitives.dll
0x00007ff93ae10000 - 0x00007ff93ae38000 	C:\Program Files\Microsoft\jdk-11.0.18.10-hotspot\bin\java.dll
0x00007ff9411f0000 - 0x00007ff9411fa000 	C:\Program Files\Microsoft\jdk-11.0.18.10-hotspot\bin\jimage.dll
0x00007ff93adf0000 - 0x00007ff93ae08000 	C:\Program Files\Microsoft\jdk-11.0.18.10-hotspot\bin\zip.dll
0x00007ff94beb0000 - 0x00007ff94c5f5000 	C:\Windows\System32\SHELL32.dll
0x00007ff948d20000 - 0x00007ff9494b2000 	C:\Windows\SYSTEM32\windows.storage.dll
0x00007ff94cef0000 - 0x00007ff94d245000 	C:\Windows\System32\combase.dll
0x00007ff94a6a0000 - 0x00007ff94a6d0000 	C:\Windows\SYSTEM32\Wldp.dll
0x00007ff94ce40000 - 0x00007ff94ceed000 	C:\Windows\System32\SHCORE.dll
0x00007ff94d2e0000 - 0x00007ff94d335000 	C:\Windows\System32\shlwapi.dll
0x00007ff94ab80000 - 0x00007ff94ab9f000 	C:\Windows\SYSTEM32\profapi.dll
0x00007ff937cf0000 - 0x00007ff937d09000 	C:\Program Files\Microsoft\jdk-11.0.18.10-hotspot\bin\net.dll
0x00007ff9474a0000 - 0x00007ff9475ac000 	C:\Windows\SYSTEM32\WINHTTP.dll
0x00007ff94a400000 - 0x00007ff94a46a000 	C:\Windows\system32\mswsock.dll
0x00007ff936970000 - 0x00007ff936983000 	C:\Program Files\Microsoft\jdk-11.0.18.10-hotspot\bin\nio.dll

dbghelp: loaded successfully - version: 4.0.5 - missing functions: none
symbol engine: initialized successfully - sym options: 0x614 - pdb path: .;C:\Program Files\Microsoft\jdk-11.0.18.10-hotspot\bin;C:\Windows\SYSTEM32;C:\Windows\WinSxS\amd64_microsoft.windows.common-controls_6595b64144ccf1df_6.0.19041.1110_none_60b5254171f9507e;C:\Program Files\Microsoft\jdk-11.0.18.10-hotspot\bin\server

VM Arguments:
java_command: org.jetbrains.kotlin.cli.jvm.K2JVMCompiler @D:\PROGRAMMING\Project\TechnicalTest\node_modules\@react-native\gradle-plugin\build\20230715_17473755633351633785.compiler.options
java_class_path (initial): C:\Users\Admin\.gradle\caches\modules-2\files-2.1\org.jetbrains.kotlin\kotlin-compiler-embeddable\1.7.22\1a39d9a56c9d1618300cd3444f070a5399663403\kotlin-compiler-embeddable-1.7.22.jar;C:\Users\Admin\.gradle\caches\modules-2\files-2.1\org.jetbrains.kotlin\kotlin-reflect\1.7.22\e61a16c5c838d324529a6aa72dfb88ea98958a29\kotlin-reflect-1.7.22.jar;C:\Users\Admin\.gradle\caches\modules-2\files-2.1\org.jetbrains.kotlin\kotlin-stdlib\1.7.22\9fb43bccb6cf8cfaaf3776c75f5df4f052f09b72\kotlin-stdlib-1.7.22.jar;C:\Users\Admin\.gradle\caches\modules-2\files-2.1\org.jetbrains.kotlin\kotlin-script-runtime\1.7.22\703a4d56168f3517532bc04481e3c8b751f685cb\kotlin-script-runtime-1.7.22.jar;C:\Users\Admin\.gradle\caches\modules-2\files-2.1\org.jetbrains.kotlin\kotlin-daemon-embeddable\1.7.22\a4f231458e1bb6fffbb8e1224f97d20a3ecc9c83\kotlin-daemon-embeddable-1.7.22.jar;C:\Users\Admin\.gradle\caches\modules-2\files-2.1\org.jetbrains.intellij.deps\trove4j\1.0.20200330\3afb14d5f9ceb459d724e907a21145e8ff394f02\trove4j-1.0.20200330.jar;C:\Users\Admin\.gradle\caches\modules-2\files-2.1\net.java.dev.jna\jna\5.6.0\330f2244e9030119ab3030fc3fededc86713d9cc\jna-5.6.0.jar;C:\Users\Admin\.gradle\caches\modules-2\files-2.1\org.jetbrains.kotlin\kotlin-stdlib-common\1.7.22\5dd2c9dcf64c94b46cf4bdb6fa4035b9bb726e2e\kotlin-stdlib-common-1.7.22.jar;C:\Users\Admin\.gradle\caches\modules-2\files-2.1\org.jetbrains\annotations\13.0\919f0dfe192fb4e063e7dacadee7f8bb9a2672a9\annotations-13.0.jar
Launcher Type: SUN_STANDARD

[Global flags]
     intx CICompilerCount                          = 4                                         {product} {ergonomic}
     uint ConcGCThreads                            = 2                                         {product} {ergonomic}
     uint G1ConcRefinementThreads                  = 8                                         {product} {ergonomic}
   size_t G1HeapRegionSize                         = 1048576                                   {product} {ergonomic}
    uintx GCDrainStackTargetSize                   = 64                                        {product} {ergonomic}
   size_t InitialHeapSize                          = 268435456                                 {product} {ergonomic}
   size_t MarkStackSize                            = 4194304                                   {product} {ergonomic}
   size_t MaxHeapSize                              = 4284481536                                {product} {ergonomic}
   size_t MaxNewSize                               = 2570059776                                {product} {ergonomic}
   size_t MinHeapDeltaBytes                        = 1048576                                   {product} {ergonomic}
    uintx NonNMethodCodeHeapSize                   = 5836300                                {pd product} {ergonomic}
    uintx NonProfiledCodeHeapSize                  = 122910970                              {pd product} {ergonomic}
    uintx ProfiledCodeHeapSize                     = 122910970                              {pd product} {ergonomic}
    uintx ReservedCodeCacheSize                    = 251658240                              {pd product} {ergonomic}
     bool SegmentedCodeCache                       = true                                      {product} {ergonomic}
     bool UseCompressedClassPointers               = true                                 {lp64_product} {ergonomic}
     bool UseCompressedOops                        = true                                 {lp64_product} {ergonomic}
     bool UseG1GC                                  = true                                      {product} {ergonomic}
     bool UseLargePagesIndividualAllocation        = false                                  {pd product} {ergonomic}

Logging:
Log output configuration:
 #0: stdout all=warning uptime,level,tags
 #1: stderr all=off uptime,level,tags

Environment Variables:
JAVA_HOME=C:\Program Files\Microsoft\jdk-11.0.18.10-hotspot
CLASSPATH=D:\PROGRAMMING\Project\TechnicalTest\android\\gradle\wrapper\gradle-wrapper.jar
PATH=D:\PROGRAMMING\Project\TechnicalTest\node_modules\.bin;D:\PROGRAMMING\Project\TechnicalTest\node_modules\.bin;D:\PROGRAMMING\Project\node_modules\.bin;D:\PROGRAMMING\node_modules\.bin;D:\node_modules\.bin;D:\PROGRAMMING\NodeJS\node_modules\npm\node_modules\@npmcli\run-script\lib\node-gyp-bin;C:\Users\Admin\AppData\Local\Temp\yarn--1689386298424-0.3771162893038311;D:\PROGRAMMING\Project\TechnicalTest\node_modules\.bin;C:\Users\Admin\AppData\Local\Yarn\Data\link\node_modules\.bin;C:\Users\Admin\AppData\Local\Yarn\bin;D:\PROGRAMMING\libexec\lib\node_modules\npm\bin\node-gyp-bin;D:\PROGRAMMING\lib\node_modules\npm\bin\node-gyp-bin;D:\PROGRAMMING\NodeJS\node_modules\npm\bin\node-gyp-bin;C:\Program Files\Common Files\Oracle\Java\javapath;C:\Program Files\Java\jdk-11\bin;C:\Python311\Scripts\;C:\Python311\;C:\Windows\system32;C:\Windows;C:\Windows\System32\Wbem;C:\Windows\System32\WindowsPowerShell\v1.0\;C:\Windows\System32\OpenSSH\;D:\PROGRAMMING\NodeJS\;C:\ProgramData\chocolatey\bin;C:\Users\Admin\AppData\Local\Android\Sdk\platform-tools;C:\Program Files\Git\cmd;C:\xampp\php;C:\ProgramData\ComposerSetup\bin;C:\Users\Admin\AppData\Local\Android\Sdk\tools;C:\Users\Admin\AppData\Local\Android\Sdk\tools;C:\Users\Admin\AppData\Local\Microsoft\WindowsApps;C:\Users\Admin\AppData\Roaming\npm;C:\Users\Admin\AppData\Local\Programs\Microsoft VS Code\bin;C:\Users\Admin\AppData\Roaming\Composer\vendor\bin
USERNAME=Admin
LANG=en_US.UTF-8
OS=Windows_NT
PROCESSOR_IDENTIFIER=Intel64 Family 6 Model 58 Stepping 9, GenuineIntel
TMP=C:\Users\Admin\AppData\Local\Temp
TEMP=C:\Users\Admin\AppData\Local\Temp



---------------  S Y S T E M  ---------------

OS: Windows 10 , 64 bit Build 19041 (10.0.19041.2545)
OS uptime: 0 days 3:41 hours

CPU:total 8 (initial active 8) (4 cores per cpu, 2 threads per core) family 6 model 58 stepping 9 microcode 0x21, cmov, cx8, fxsr, mmx, sse, sse2, sse3, ssse3, sse4.1, sse4.2, popcnt, avx, aes, clmul, erms, ht, tsc, tscinvbit, tscinv

Memory: 4k page, system-wide physical 16341M (3516M free)
TotalPageFile size 16341M (AvailPageFile size 31M)
current process WorkingSet (physical memory assigned to process): 492M, peak: 492M
current process commit charge ("private bytes"): 613M, peak: 692M

vm_info: OpenJDK 64-Bit Server VM (11.0.18+10-LTS) for windows-amd64 JRE (11.0.18+10-LTS), built on Jan 18 2023 15:56:47 by "MicrosoftCorporation" with MS VC++ 15.9 (VS2017)

END.
