#
# There is insufficient memory for the Java Runtime Environment to continue.
# Native memory allocation (mmap) failed to map 67108864 bytes for Failed to commit area from 0x00000000fc000000 to 0x0000000100000000 of length 67108864.
# Possible reasons:
#   The system is out of physical RAM or swap space
#   The process is running with CompressedOops enabled, and the Java Heap may be blocking the growth of the native heap
# Possible solutions:
#   Reduce memory load on the system
#   Increase physical memory or swap space
#   Check if swap backing store is full
#   Decrease Java heap size (-Xmx/-Xms)
#   Decrease number of Java threads
#   Decrease Java thread stack sizes (-Xss)
#   Set larger code cache with -XX:ReservedCodeCacheSize=
# This output file may be truncated or incomplete.
#
#  Out of Memory Error (./src/hotspot/os/windows/os_windows.cpp:3386), pid=12284, tid=1496
#
# JRE version:  (11.0.18+10) (build )
# Java VM: OpenJDK 64-Bit Server VM (11.0.18+10-LTS, mixed mode, sharing, tiered, compressed oops, g1 gc, windows-amd64)
# No core dump will be written. Minidumps are not enabled by default on client versions of Windows
#

---------------  S U M M A R Y ------------

Command Line: -Xmx64m -Xms64m -Dorg.gradle.appname=gradlew org.gradle.wrapper.GradleWrapperMain tasks

Host: Intel(R) Core(TM) i7-3770 CPU @ 3.40GHz, 8 cores, 15G,  Windows 10 , 64 bit Build 19041 (10.0.19041.2545)
Time: Tue Jul 11 00:25:58 2023 SE Asia Standard Time elapsed time: 0.016996 seconds (0d 0h 0m 0s)

---------------  T H R E A D  ---------------

Current thread (0x0000024f66fc0000):  JavaThread "Unknown thread" [_thread_in_vm, id=1496, stack(0x000000f1b4300000,0x000000f1b4400000)]

Stack: [0x000000f1b4300000,0x000000f1b4400000]
Native frames: (J=compiled Java code, j=interpreted, Vv=VM code, C=native code)
V  [jvm.dll+0x62bf8a]
V  [jvm.dll+0x7b8fb9]
V  [jvm.dll+0x7ba6a8]
V  [jvm.dll+0x7bad83]
V  [jvm.dll+0x250248]
V  [jvm.dll+0x62929a]
V  [jvm.dll+0x61d855]
V  [jvm.dll+0x30c32c]
V  [jvm.dll+0x30c1b2]
V  [jvm.dll+0x310ec6]
V  [jvm.dll+0x356f0f]
V  [jvm.dll+0x356940]
V  [jvm.dll+0x2e9348]
V  [jvm.dll+0x2ea4a6]
V  [jvm.dll+0x792e07]
V  [jvm.dll+0x79458f]
V  [jvm.dll+0x363c69]
V  [jvm.dll+0x775d70]
V  [jvm.dll+0x3d297f]
V  [jvm.dll+0x3d4d11]
C  [jli.dll+0x5207]
C  [ucrtbase.dll+0x21bb2]
C  [KERNEL32.DLL+0x17614]
C  [ntdll.dll+0x526a1]


---------------  P R O C E S S  ---------------

Threads class SMR info:
_java_thread_list=0x0000024f64dcbfe0, length=0, elements={
}

Java Threads: ( => current thread )

Other Threads:
  0x0000024f66fd8800 GCTaskThread "GC Thread#0" [stack: 0x000000f1b4400000,0x000000f1b4500000] [id=11444]
  0x0000024f66fdf800 ConcurrentGCThread "G1 Main Marker" [stack: 0x000000f1b4500000,0x000000f1b4600000] [id=5704]
  0x0000024f66fe1000 ConcurrentGCThread "G1 Conc#0" [stack: 0x000000f1b4600000,0x000000f1b4700000] [id=3580]

[error occurred during error reporting (printing all threads), id 0xc0000005, EXCEPTION_ACCESS_VIOLATION (0xc0000005) at pc=0x00007ff98f148b17]

VM state:not at safepoint (not fully initialized)

VM Mutex/Monitor currently owned by a thread:  ([mutex/lock_event])
[0x0000024f66fbd930] Heap_lock - owner thread: 0x0000024f66fc0000

Heap address: 0x00000000fc000000, size: 64 MB, Compressed Oops mode: Non-zero based: 0x00000000fc000000
Narrow klass base: 0x0000000000000000, Narrow klass shift: 0

GC Heap History (0 events):
No events

Deoptimization events (0 events):
No events

Classes redefined (0 events):
No events

Internal exceptions (0 events):
No events

Events (1 events):
Event: 0.011 Loaded shared library C:\Program Files\Microsoft\jdk-11.0.18.10-hotspot\bin\zip.dll


Dynamic libraries:
0x00007ff6632c0000 - 0x00007ff6632cd000 	C:\Program Files\Microsoft\jdk-11.0.18.10-hotspot\bin\java.exe
0x00007ff9d5c30000 - 0x00007ff9d5e28000 	C:\Windows\SYSTEM32\ntdll.dll
0x00007ff9d3d10000 - 0x00007ff9d3dcf000 	C:\Windows\System32\KERNEL32.DLL
0x00007ff9d33d0000 - 0x00007ff9d36a2000 	C:\Windows\System32\KERNELBASE.dll
0x00007ff9d3810000 - 0x00007ff9d3910000 	C:\Windows\System32\ucrtbase.dll
0x00007ff9bfb30000 - 0x00007ff9bfb47000 	C:\Program Files\Microsoft\jdk-11.0.18.10-hotspot\bin\jli.dll
0x00007ff9d4080000 - 0x00007ff9d4221000 	C:\Windows\System32\USER32.dll
0x00007ff9d33a0000 - 0x00007ff9d33c2000 	C:\Windows\System32\win32u.dll
0x00007ff9d3ce0000 - 0x00007ff9d3d0b000 	C:\Windows\System32\GDI32.dll
0x00007ff9d3b60000 - 0x00007ff9d3c6f000 	C:\Windows\System32\gdi32full.dll
0x00007ff9d3a50000 - 0x00007ff9d3aed000 	C:\Windows\System32\msvcp_win.dll
0x00007ff9bf910000 - 0x00007ff9bf925000 	C:\Program Files\Microsoft\jdk-11.0.18.10-hotspot\bin\VCRUNTIME140.dll
0x00007ff9be9f0000 - 0x00007ff9bec8a000 	C:\Windows\WinSxS\amd64_microsoft.windows.common-controls_6595b64144ccf1df_6.0.19041.1110_none_60b5254171f9507e\COMCTL32.dll
0x00007ff9d4a90000 - 0x00007ff9d4b2e000 	C:\Windows\System32\msvcrt.dll
0x00007ff9d4040000 - 0x00007ff9d4072000 	C:\Windows\System32\IMM32.DLL
0x00007ff9939b0000 - 0x00007ff993a4b000 	C:\Program Files\Microsoft\jdk-11.0.18.10-hotspot\bin\msvcp140.dll
0x00007ff98ee50000 - 0x00007ff98f9e2000 	C:\Program Files\Microsoft\jdk-11.0.18.10-hotspot\bin\server\jvm.dll
0x00007ff9d4980000 - 0x00007ff9d4a2e000 	C:\Windows\System32\ADVAPI32.dll
0x00007ff9d3dd0000 - 0x00007ff9d3e6c000 	C:\Windows\System32\sechost.dll
0x00007ff9d5550000 - 0x00007ff9d5675000 	C:\Windows\System32\RPCRT4.dll
0x00007ff9d5be0000 - 0x00007ff9d5be8000 	C:\Windows\System32\PSAPI.DLL
0x00007ff9c0ce0000 - 0x00007ff9c0ce9000 	C:\Windows\SYSTEM32\WSOCK32.dll
0x00007ff9d5010000 - 0x00007ff9d507b000 	C:\Windows\System32\WS2_32.dll
0x00007ff9cb8c0000 - 0x00007ff9cb8ca000 	C:\Windows\SYSTEM32\VERSION.dll
0x00007ff9c7130000 - 0x00007ff9c7157000 	C:\Windows\SYSTEM32\WINMM.dll
0x00007ff9d1200000 - 0x00007ff9d1212000 	C:\Windows\SYSTEM32\kernel.appcore.dll
0x00007ff9bf880000 - 0x00007ff9bf890000 	C:\Program Files\Microsoft\jdk-11.0.18.10-hotspot\bin\verify.dll
0x00007ff9ceec0000 - 0x00007ff9cf0a4000 	C:\Windows\SYSTEM32\DBGHELP.DLL
0x00007ff9c2c40000 - 0x00007ff9c2c75000 	C:\Windows\SYSTEM32\dbgcore.DLL
0x00007ff9d39c0000 - 0x00007ff9d3a42000 	C:\Windows\System32\bcryptPrimitives.dll
0x00007ff9b5810000 - 0x00007ff9b5838000 	C:\Program Files\Microsoft\jdk-11.0.18.10-hotspot\bin\java.dll
0x00007ff9bf870000 - 0x00007ff9bf87a000 	C:\Program Files\Microsoft\jdk-11.0.18.10-hotspot\bin\jimage.dll
0x00007ff9bf760000 - 0x00007ff9bf778000 	C:\Program Files\Microsoft\jdk-11.0.18.10-hotspot\bin\zip.dll

dbghelp: loaded successfully - version: 4.0.5 - missing functions: none
symbol engine: initialized successfully - sym options: 0x614 - pdb path: .;C:\Program Files\Microsoft\jdk-11.0.18.10-hotspot\bin;C:\Windows\SYSTEM32;C:\Windows\WinSxS\amd64_microsoft.windows.common-controls_6595b64144ccf1df_6.0.19041.1110_none_60b5254171f9507e;C:\Program Files\Microsoft\jdk-11.0.18.10-hotspot\bin\server

VM Arguments:
jvm_args: -Xmx64m -Xms64m -Dorg.gradle.appname=gradlew 
java_command: org.gradle.wrapper.GradleWrapperMain tasks
java_class_path (initial): D:\PROGRAMMING\Project\TechnicalTest\android\\gradle\wrapper\gradle-wrapper.jar
Launcher Type: SUN_STANDARD

[Global flags]
     intx CICompilerCount                          = 4                                         {product} {ergonomic}
     uint ConcGCThreads                            = 2                                         {product} {ergonomic}
     uint G1ConcRefinementThreads                  = 8                                         {product} {ergonomic}
   size_t G1HeapRegionSize                         = 1048576                                   {product} {ergonomic}
    uintx GCDrainStackTargetSize                   = 64                                        {product} {ergonomic}
   size_t InitialHeapSize                          = 67108864                                  {product} {command line}
   size_t MarkStackSize                            = 4194304                                   {product} {ergonomic}
   size_t MaxHeapSize                              = 67108864                                  {product} {command line}
   size_t MinHeapDeltaBytes                        = 1048576                                   {product} {ergonomic}
    uintx NonNMethodCodeHeapSize                   = 5836300                                {pd product} {ergonomic}
    uintx NonProfiledCodeHeapSize                  = 122910970                              {pd product} {ergonomic}
    uintx ProfiledCodeHeapSize                     = 122910970                              {pd product} {ergonomic}
    uintx ReservedCodeCacheSize                    = 251658240                              {pd product} {ergonomic}
     bool SegmentedCodeCache                       = true                                      {product} {ergonomic}
     bool UseCompressedClassPointers               = true                                 {lp64_product} {ergonomic}
     bool UseCompressedOops                        = true                                 {lp64_product} {ergonomic}
     bool UseG1GC                                  = true                                      {product} {ergonomic}
     bool UseLargePagesIndividualAllocation        = false                                  {pd product} {ergonomic}

Logging:
Log output configuration:
 #0: stdout all=warning uptime,level,tags
 #1: stderr all=off uptime,level,tags

Environment Variables:
JAVA_HOME=C:\Program Files\Microsoft\jdk-11.0.18.10-hotspot
CLASSPATH=D:\PROGRAMMING\Project\TechnicalTest\android\\gradle\wrapper\gradle-wrapper.jar
PATH=C:\Users\Admin\AppData\Local\Temp\yarn--1689009951329-0.5925621735973445;D:\PROGRAMMING\Project\TechnicalTest\node_modules\.bin;C:\Users\Admin\AppData\Local\Yarn\Data\link\node_modules\.bin;C:\Users\Admin\AppData\Local\Yarn\bin;D:\PROGRAMMING\libexec\lib\node_modules\npm\bin\node-gyp-bin;D:\PROGRAMMING\lib\node_modules\npm\bin\node-gyp-bin;D:\PROGRAMMING\NodeJS\node_modules\npm\bin\node-gyp-bin;C:\Program Files\Common Files\Oracle\Java\javapath;C:\Program Files\Java\jdk-11\bin;C:\Python311\Scripts\;C:\Python311\;C:\Windows\system32;C:\Windows;C:\Windows\System32\Wbem;C:\Windows\System32\WindowsPowerShell\v1.0\;C:\Windows\System32\OpenSSH\;D:\PROGRAMMING\NodeJS\;C:\ProgramData\chocolatey\bin;C:\Users\Admin\AppData\Local\Android\Sdk\platform-tools;C:\Program Files\Git\cmd;C:\xampp\php;C:\ProgramData\ComposerSetup\bin;C:\Users\Admin\AppData\Local\Android\Sdk\tools;C:\Users\Admin\AppData\Local\Android\Sdk\tools;C:\Users\Admin\AppData\Local\Microsoft\WindowsApps;C:\Users\Admin\AppData\Roaming\npm;C:\Users\Admin\AppData\Local\Programs\Microsoft VS Code\bin;C:\Users\Admin\AppData\Roaming\Composer\vendor\bin
USERNAME=Admin
LANG=en_US.UTF-8
OS=Windows_NT
PROCESSOR_IDENTIFIER=Intel64 Family 6 Model 58 Stepping 9, GenuineIntel
TMP=C:\Users\Admin\AppData\Local\Temp
TEMP=C:\Users\Admin\AppData\Local\Temp



---------------  S Y S T E M  ---------------

OS: Windows 10 , 64 bit Build 19041 (10.0.19041.2545)
OS uptime: 0 days 10:04 hours

CPU:total 8 (initial active 8) (4 cores per cpu, 2 threads per core) family 6 model 58 stepping 9 microcode 0x21, cmov, cx8, fxsr, mmx, sse, sse2, sse3, ssse3, sse4.1, sse4.2, popcnt, avx, aes, clmul, erms, ht, tsc, tscinvbit, tscinv

Memory: 4k page, system-wide physical 16341M (3881M free)
TotalPageFile size 16341M (AvailPageFile size 54M)
current process WorkingSet (physical memory assigned to process): 9M, peak: 9M
current process commit charge ("private bytes"): 59M, peak: 123M

vm_info: OpenJDK 64-Bit Server VM (11.0.18+10-LTS) for windows-amd64 JRE (11.0.18+10-LTS), built on Jan 18 2023 15:56:47 by "MicrosoftCorporation" with MS VC++ 15.9 (VS2017)

END.
